{
  "execution_mode": "async",
  "max_workers": 8,
  "total_tests": 436,
  "passed": 405,
  "failed": 31,
  "errors": 0,
  "skipped": 0,
  "pass_rate": 92.88990825688074,
  "total_duration": 323.13173246383667,
  "total_test_time": 2062.0178718566895,
  "speedup_factor": 6.381353685489432,
  "category_stats": {
    "Embeddings & Search": {
      "passed": 113,
      "failed": 0,
      "error": 0,
      "skipped": 0
    },
    "Model Management": {
      "passed": 52,
      "failed": 0,
      "error": 0,
      "skipped": 0
    },
    "Core Backend": {
      "passed": 25,
      "failed": 0,
      "error": 0,
      "skipped": 0
    },
    "Caching & Storage": {
      "passed": 22,
      "failed": 0,
      "error": 0,
      "skipped": 0
    },
    "Security & Config": {
      "passed": 34,
      "failed": 0,
      "error": 0,
      "skipped": 0
    },
    "Voice & Audio": {
      "passed": 18,
      "failed": 2,
      "error": 0,
      "skipped": 0
    },
    "Plugin System": {
      "passed": 28,
      "failed": 2,
      "error": 0,
      "skipped": 0
    },
    "LLM Router": {
      "passed": 17,
      "failed": 0,
      "error": 0,
      "skipped": 0
    },
    "Integration Tests": {
      "passed": 43,
      "failed": 24,
      "error": 0,
      "skipped": 0
    },
    "Performance Tests": {
      "passed": 17,
      "failed": 3,
      "error": 0,
      "skipped": 0
    },
    "Final & Misc": {
      "passed": 5,
      "failed": 0,
      "error": 0,
      "skipped": 0
    },
    "Uncategorized": {
      "passed": 31,
      "failed": 0,
      "error": 0,
      "skipped": 0
    }
  },
  "results": [
    {
      "number": 6,
      "name": "test_vault_indexer_initialization",
      "status": "PASSED",
      "duration": 4.18352198600769,
      "file_path": "tests\\backend\\test_indexing.py",
      "category": "Embeddings & Search",
      "worker_id": "6",
      "error_message": null
    },
    {
      "number": 5,
      "name": "test_embeddings_manager_initialization",
      "status": "PASSED",
      "duration": 4.203427076339722,
      "file_path": "tests\\backend\\test_embeddings.py",
      "category": "Embeddings & Search",
      "worker_id": "5",
      "error_message": null
    },
    {
      "number": 4,
      "name": "TestModelManagerInit::test_initialization_without_env_file",
      "status": "PASSED",
      "duration": 4.259023427963257,
      "file_path": "tests\\backend\\test_modelmanager_comprehensive.py",
      "category": "Model Management",
      "worker_id": "4",
      "error_message": null
    },
    {
      "number": 3,
      "name": "TestModelManager::test_llm_router_initialization",
      "status": "PASSED",
      "duration": 4.2992470264434814,
      "file_path": "tests\\backend\\test_modelmanager.py",
      "category": "Model Management",
      "worker_id": "3",
      "error_message": null
    },
    {
      "number": 2,
      "name": "TestSettingsHelpers::test_merge_env_type_coercion",
      "status": "PASSED",
      "duration": 4.366683721542358,
      "file_path": "tests\\backend\\test_settings.py",
      "category": "Core Backend",
      "worker_id": "2",
      "error_message": null
    },
    {
      "number": 8,
      "name": "TestVaultIndexing::test_reindex_unsupported_files",
      "status": "PASSED",
      "duration": 4.435897350311279,
      "file_path": "tests\\backend\\test_indexing_comprehensive.py",
      "category": "Embeddings & Search",
      "worker_id": "8",
      "error_message": null
    },
    {
      "number": 7,
      "name": "TestBatchOperations::test_add_documents_success",
      "status": "PASSED",
      "duration": 4.8031227588653564,
      "file_path": "tests\\backend\\test_embeddings_comprehensive.py",
      "category": "Embeddings & Search",
      "worker_id": "7",
      "error_message": null
    },
    {
      "number": 1,
      "name": "TestRequestModels::test_web_request_validation",
      "status": "PASSED",
      "duration": 5.069225788116455,
      "file_path": "tests\\backend\\test_backend.py",
      "category": "Core Backend",
      "worker_id": "1",
      "error_message": null
    },
    {
      "number": 9,
      "name": "test_index_web_content_fetch_failure",
      "status": "PASSED",
      "duration": 3.7641217708587646,
      "file_path": "tests\\backend\\test_indexing.py",
      "category": "Embeddings & Search",
      "worker_id": "6",
      "error_message": null
    },
    {
      "number": 12,
      "name": "TestModelManager::test_download_model_from_huggingface",
      "status": "PASSED",
      "duration": 3.807816505432129,
      "file_path": "tests\\backend\\test_modelmanager.py",
      "category": "Model Management",
      "worker_id": "3",
      "error_message": null
    },
    {
      "number": 10,
      "name": "test_chunk_text_basic",
      "status": "PASSED",
      "duration": 3.9613430500030518,
      "file_path": "tests\\backend\\test_embeddings.py",
      "category": "Embeddings & Search",
      "worker_id": "5",
      "error_message": null
    },
    {
      "number": 11,
      "name": "TestModelLoading::test_load_model_instantiation_failure",
      "status": "PASSED",
      "duration": 3.9096500873565674,
      "file_path": "tests\\backend\\test_modelmanager_comprehensive.py",
      "category": "Model Management",
      "worker_id": "4",
      "error_message": null
    },
    {
      "number": 13,
      "name": "TestSettings::test_absolute_paths",
      "status": "PASSED",
      "duration": 3.861232042312622,
      "file_path": "tests\\backend\\test_settings.py",
      "category": "Core Backend",
      "worker_id": "2",
      "error_message": null
    },
    {
      "number": 14,
      "name": "TestWebPageIndexing::test_index_web_content_fetch_failure",
      "status": "PASSED",
      "duration": 3.9930591583251953,
      "file_path": "tests\\backend\\test_indexing_comprehensive.py",
      "category": "Embeddings & Search",
      "worker_id": "8",
      "error_message": null
    },
    {
      "number": 15,
      "name": "TestSearchOperations::test_search_no_collection",
      "status": "PASSED",
      "duration": 4.322036266326904,
      "file_path": "tests\\backend\\test_embeddings_comprehensive.py",
      "category": "Embeddings & Search",
      "worker_id": "7",
      "error_message": null
    },
    {
      "number": 16,
      "name": "TestServiceIntegration::test_error_handling",
      "status": "PASSED",
      "duration": 4.560713052749634,
      "file_path": "tests\\backend\\test_backend.py",
      "category": "Core Backend",
      "worker_id": "1",
      "error_message": null
    },
    {
      "number": 17,
      "name": "test_fetch_web_content_request_error",
      "status": "PASSED",
      "duration": 3.854768753051758,
      "file_path": "tests\\backend\\test_indexing.py",
      "category": "Embeddings & Search",
      "worker_id": "6",
      "error_message": null
    },
    {
      "number": 20,
      "name": "TestModelManagerInit::test_llm_router_init_failure",
      "status": "PASSED",
      "duration": 3.6768040657043457,
      "file_path": "tests\\backend\\test_modelmanager_comprehensive.py",
      "category": "Model Management",
      "worker_id": "4",
      "error_message": null
    },
    {
      "number": 18,
      "name": "TestModelManagerIntegration::test_complete_workflow",
      "status": "PASSED",
      "duration": 3.8023152351379395,
      "file_path": "tests\\backend\\test_modelmanager.py",
      "category": "Model Management",
      "worker_id": "3",
      "error_message": null
    },
    {
      "number": 19,
      "name": "test_database_connection_error",
      "status": "PASSED",
      "duration": 3.753143787384033,
      "file_path": "tests\\backend\\test_embeddings.py",
      "category": "Embeddings & Search",
      "worker_id": "5",
      "error_message": null
    },
    {
      "number": 21,
      "name": "TestUpdateSettings::test_update_settings_whitelist",
      "status": "PASSED",
      "duration": 3.911590814590454,
      "file_path": "tests\\backend\\test_settings.py",
      "category": "Core Backend",
      "worker_id": "2",
      "error_message": null
    },
    {
      "number": 22,
      "name": "TestVaultIndexerInit::test_default_initialization",
      "status": "PASSED",
      "duration": 4.366726875305176,
      "file_path": "tests\\backend\\test_indexing_comprehensive.py",
      "category": "Embeddings & Search",
      "worker_id": "8",
      "error_message": null
    },
    {
      "number": 23,
      "name": "TestBatchOperations::test_add_documents_no_collection",
      "status": "PASSED",
      "duration": 4.3095293045043945,
      "file_path": "tests\\backend\\test_embeddings_comprehensive.py",
      "category": "Embeddings & Search",
      "worker_id": "7",
      "error_message": null
    },
    {
      "number": 24,
      "name": "TestBackendAPI::test_web_search_endpoint",
      "status": "PASSED",
      "duration": 4.529580116271973,
      "file_path": "tests\\backend\\test_backend.py",
      "category": "Core Backend",
      "worker_id": "1",
      "error_message": null
    },
    {
      "number": 26,
      "name": "TestModelManagerEdgeCases::test_empty_models_file_with_comments_only",
      "status": "PASSED",
      "duration": 3.985842227935791,
      "file_path": "tests\\backend\\test_modelmanager_comprehensive.py",
      "category": "Model Management",
      "worker_id": "4",
      "error_message": null
    },
    {
      "number": 28,
      "name": "test_default_initialization",
      "status": "PASSED",
      "duration": 3.9360876083374023,
      "file_path": "tests\\backend\\test_embeddings.py",
      "category": "Embeddings & Search",
      "worker_id": "5",
      "error_message": null
    },
    {
      "number": 25,
      "name": "test_reindex_vault_with_markdown_files",
      "status": "PASSED",
      "duration": 4.050894737243652,
      "file_path": "tests\\backend\\test_indexing.py",
      "category": "Embeddings & Search",
      "worker_id": "6",
      "error_message": null
    },
    {
      "number": 27,
      "name": "TestModelManager::test_generate_text_with_custom_parameters",
      "status": "PASSED",
      "duration": 3.9772417545318604,
      "file_path": "tests\\backend\\test_modelmanager.py",
      "category": "Model Management",
      "worker_id": "3",
      "error_message": null
    },
    {
      "number": 29,
      "name": "TestSettings::test_derived_properties",
      "status": "PASSED",
      "duration": 4.080746650695801,
      "file_path": "tests\\backend\\test_settings.py",
      "category": "Core Backend",
      "worker_id": "2",
      "error_message": null
    },
    {
      "number": 30,
      "name": "TestVaultIndexing::test_index_vault_mixed_files",
      "status": "PASSED",
      "duration": 4.3510541915893555,
      "file_path": "tests\\backend\\test_indexing_comprehensive.py",
      "category": "Embeddings & Search",
      "worker_id": "8",
      "error_message": null
    },
    {
      "number": 31,
      "name": "TestEmbeddingOperations::test_compute_embedding_success",
      "status": "PASSED",
      "duration": 4.444351673126221,
      "file_path": "tests\\backend\\test_embeddings_comprehensive.py",
      "category": "Embeddings & Search",
      "worker_id": "7",
      "error_message": null
    },
    {
      "number": 32,
      "name": "TestRequestModels::test_reindex_request_validation",
      "status": "PASSED",
      "duration": 5.189539194107056,
      "file_path": "tests\\backend\\test_backend.py",
      "category": "Core Backend",
      "worker_id": "1",
      "error_message": null
    },
    {
      "number": 34,
      "name": "test_chunk_text_short_text",
      "status": "PASSED",
      "duration": 4.725827217102051,
      "file_path": "tests\\backend\\test_embeddings.py",
      "category": "Embeddings & Search",
      "worker_id": "5",
      "error_message": null
    },
    {
      "number": 35,
      "name": "test_reindex_vault_with_mixed_files",
      "status": "PASSED",
      "duration": 5.025076627731323,
      "file_path": "tests\\backend\\test_indexing.py",
      "category": "Embeddings & Search",
      "worker_id": "6",
      "error_message": null
    },
    {
      "number": 33,
      "name": "TestGetModelInfo::test_get_model_info_with_existing_router",
      "status": "PASSED",
      "duration": 5.164811611175537,
      "file_path": "tests\\backend\\test_modelmanager_comprehensive.py",
      "category": "Model Management",
      "worker_id": "4",
      "error_message": null
    },
    {
      "number": 37,
      "name": "TestSettingsPrecedence::test_yaml_override_defaults",
      "status": "PASSED",
      "duration": 4.788524627685547,
      "file_path": "tests\\backend\\test_settings.py",
      "category": "Core Backend",
      "worker_id": "2",
      "error_message": null
    },
    {
      "number": 36,
      "name": "TestModelManager::test_download_model_huggingface_error",
      "status": "PASSED",
      "duration": 5.348391771316528,
      "file_path": "tests\\backend\\test_modelmanager.py",
      "category": "Model Management",
      "worker_id": "3",
      "error_message": null
    },
    {
      "number": 38,
      "name": "TestWebPageIndexing::test_fetch_web_page_cache_read_error",
      "status": "PASSED",
      "duration": 6.081339359283447,
      "file_path": "tests\\backend\\test_indexing_comprehensive.py",
      "category": "Embeddings & Search",
      "worker_id": "8",
      "error_message": null
    },
    {
      "number": 39,
      "name": "TestEmbeddingsManagerInit::test_chroma_client_failure",
      "status": "PASSED",
      "duration": 6.211282730102539,
      "file_path": "tests\\backend\\test_embeddings_comprehensive.py",
      "category": "Embeddings & Search",
      "worker_id": "7",
      "error_message": null
    },
    {
      "number": 42,
      "name": "TestVaultIndexerIntegration::test_complete_workflow",
      "status": "PASSED",
      "duration": 4.2349278926849365,
      "file_path": "tests\\backend\\test_indexing.py",
      "category": "Embeddings & Search",
      "worker_id": "6",
      "error_message": null
    },
    {
      "number": 41,
      "name": "test_chunk_text_empty_text",
      "status": "PASSED",
      "duration": 4.548299312591553,
      "file_path": "tests\\backend\\test_embeddings.py",
      "category": "Embeddings & Search",
      "worker_id": "5",
      "error_message": null
    },
    {
      "number": 40,
      "name": "TestBackendAPI::test_ask_endpoint_invalid_request",
      "status": "PASSED",
      "duration": 5.848630905151367,
      "file_path": "tests\\backend\\test_backend.py",
      "category": "Core Backend",
      "worker_id": "1",
      "error_message": null
    },
    {
      "number": 43,
      "name": "TestModelLoading::test_load_model_no_default",
      "status": "PASSED",
      "duration": 4.229166507720947,
      "file_path": "tests\\backend\\test_modelmanager_comprehensive.py",
      "category": "Model Management",
      "worker_id": "4",
      "error_message": null
    },
    {
      "number": 44,
      "name": "TestSettingsHelpers::test_load_yaml_config_no_yaml_module",
      "status": "PASSED",
      "duration": 4.289947748184204,
      "file_path": "tests\\backend\\test_settings.py",
      "category": "Core Backend",
      "worker_id": "2",
      "error_message": null
    },
    {
      "number": 45,
      "name": "TestModelManager::test_env_file_loading",
      "status": "PASSED",
      "duration": 4.269965887069702,
      "file_path": "tests\\backend\\test_modelmanager.py",
      "category": "Model Management",
      "worker_id": "3",
      "error_message": null
    },
    {
      "number": 46,
      "name": "TestWebContentFetching::test_fetch_web_content_empty_result",
      "status": "PASSED",
      "duration": 4.705709934234619,
      "file_path": "tests\\backend\\test_indexing_comprehensive.py",
      "category": "Embeddings & Search",
      "worker_id": "8",
      "error_message": null
    },
    {
      "number": 47,
      "name": "TestEmbeddingsFromSettings::test_from_settings_success",
      "status": "PASSED",
      "duration": 4.483495712280273,
      "file_path": "tests\\backend\\test_embeddings_comprehensive.py",
      "category": "Embeddings & Search",
      "worker_id": "7",
      "error_message": null
    },
    {
      "number": 51,
      "name": "TestModelManagerInit::test_models_directory_creation",
      "status": "PASSED",
      "duration": 3.8779988288879395,
      "file_path": "tests\\backend\\test_modelmanager_comprehensive.py",
      "category": "Model Management",
      "worker_id": "4",
      "error_message": null
    },
    {
      "number": 48,
      "name": "test_cache_file",
      "status": "PASSED",
      "duration": 4.117144584655762,
      "file_path": "tests\\backend\\test_indexing.py",
      "category": "Embeddings & Search",
      "worker_id": "6",
      "error_message": null
    },
    {
      "number": 49,
      "name": "test_get_collection_info",
      "status": "PASSED",
      "duration": 4.138283967971802,
      "file_path": "tests\\backend\\test_embeddings.py",
      "category": "Embeddings & Search",
      "worker_id": "5",
      "error_message": null
    },
    {
      "number": 52,
      "name": "TestSettingsHelpers::test_load_yaml_config_invalid_yaml",
      "status": "PASSED",
      "duration": 4.347669363021851,
      "file_path": "tests\\backend\\test_settings.py",
      "category": "Core Backend",
      "worker_id": "2",
      "error_message": null
    },
    {
      "number": 53,
      "name": "TestModelManager::test_no_hf_token_available",
      "status": "PASSED",
      "duration": 4.619184255599976,
      "file_path": "tests\\backend\\test_modelmanager.py",
      "category": "Model Management",
      "worker_id": "3",
      "error_message": null
    },
    {
      "number": 50,
      "name": "TestRequestModels::test_ask_request_validation",
      "status": "PASSED",
      "duration": 5.2199907302856445,
      "file_path": "tests\\backend\\test_backend.py",
      "category": "Core Backend",
      "worker_id": "1",
      "error_message": null
    },
    {
      "number": 54,
      "name": "TestPDFIndexing::test_index_pdf_success",
      "status": "PASSED",
      "duration": 4.534749984741211,
      "file_path": "tests\\backend\\test_indexing_comprehensive.py",
      "category": "Embeddings & Search",
      "worker_id": "8",
      "error_message": null
    },
    {
      "number": 56,
      "name": "TestModelsFileLoading::test_load_models_file_not_exists",
      "status": "PASSED",
      "duration": 4.112769603729248,
      "file_path": "tests\\backend\\test_modelmanager_comprehensive.py",
      "category": "Model Management",
      "worker_id": "4",
      "error_message": null
    },
    {
      "number": 58,
      "name": "test_model_loading_error_handling",
      "status": "PASSED",
      "duration": 4.2801830768585205,
      "file_path": "tests\\backend\\test_embeddings.py",
      "category": "Embeddings & Search",
      "worker_id": "5",
      "error_message": null
    },
    {
      "number": 55,
      "name": "TestDatabaseOperations::test_reset_db_success",
      "status": "PASSED",
      "duration": 5.072405815124512,
      "file_path": "tests\\backend\\test_embeddings_comprehensive.py",
      "category": "Embeddings & Search",
      "worker_id": "7",
      "error_message": null
    },
    {
      "number": 57,
      "name": "test_read_markdown_file",
      "status": "PASSED",
      "duration": 4.413265705108643,
      "file_path": "tests\\backend\\test_indexing.py",
      "category": "Embeddings & Search",
      "worker_id": "6",
      "error_message": null
    },
    {
      "number": 59,
      "name": "TestUpdateSettings::test_update_settings_invalid_types_removed",
      "status": "PASSED",
      "duration": 4.4665374755859375,
      "file_path": "tests\\backend\\test_settings.py",
      "category": "Core Backend",
      "worker_id": "2",
      "error_message": null
    },
    {
      "number": 60,
      "name": "TestModelManager::test_hf_token_from_environment",
      "status": "PASSED",
      "duration": 4.264004468917847,
      "file_path": "tests\\backend\\test_modelmanager.py",
      "category": "Model Management",
      "worker_id": "3",
      "error_message": null
    },
    {
      "number": 61,
      "name": "TestBackendAPI::test_ask_endpoint_success",
      "status": "PASSED",
      "duration": 4.696791410446167,
      "file_path": "tests\\backend\\test_backend.py",
      "category": "Core Backend",
      "worker_id": "1",
      "error_message": null
    },
    {
      "number": 62,
      "name": "TestIndexingService::test_indexing_service_default_init",
      "status": "PASSED",
      "duration": 4.651031017303467,
      "file_path": "tests\\backend\\test_indexing_comprehensive.py",
      "category": "Embeddings & Search",
      "worker_id": "8",
      "error_message": null
    },
    {
      "number": 63,
      "name": "TestGenerateText::test_generate_lazy_router_initialization",
      "status": "PASSED",
      "duration": 3.93408465385437,
      "file_path": "tests\\backend\\test_modelmanager_comprehensive.py",
      "category": "Model Management",
      "worker_id": "4",
      "error_message": null
    },
    {
      "number": 64,
      "name": "TestEmbeddingCache::test_embedding_cache_persist_and_reload",
      "status": "PASSED",
      "duration": 3.730212688446045,
      "file_path": "tests\\backend\\test_caching.py",
      "category": "Caching & Storage",
      "worker_id": "1",
      "error_message": null
    },
    {
      "number": 66,
      "name": "test_load_cached_file_exists",
      "status": "PASSED",
      "duration": 3.74320387840271,
      "file_path": "tests\\backend\\test_indexing.py",
      "category": "Embeddings & Search",
      "worker_id": "6",
      "error_message": null
    },
    {
      "number": 65,
      "name": "TestEmbeddingsManagerInit::test_successful_initialization",
      "status": "PASSED",
      "duration": 4.355745315551758,
      "file_path": "tests\\backend\\test_embeddings_comprehensive.py",
      "category": "Embeddings & Search",
      "worker_id": "7",
      "error_message": null
    },
    {
      "number": 67,
      "name": "TestUpdateSettings::test_update_settings_type_coercion",
      "status": "PASSED",
      "duration": 4.047280550003052,
      "file_path": "tests\\backend\\test_settings.py",
      "category": "Core Backend",
      "worker_id": "2",
      "error_message": null
    },
    {
      "number": 68,
      "name": "TestModelManager::test_get_model_info",
      "status": "PASSED",
      "duration": 3.919325590133667,
      "file_path": "tests\\backend\\test_modelmanager.py",
      "category": "Model Management",
      "worker_id": "3",
      "error_message": null
    },
    {
      "number": 69,
      "name": "TestBackendAPI::test_reindex_endpoint",
      "status": "PASSED",
      "duration": 4.832589626312256,
      "file_path": "tests\\backend\\test_backend.py",
      "category": "Core Backend",
      "worker_id": "1",
      "error_message": null
    },
    {
      "number": 71,
      "name": "TestGenerateText::test_generate_without_context",
      "status": "PASSED",
      "duration": 4.081464767456055,
      "file_path": "tests\\backend\\test_modelmanager_comprehensive.py",
      "category": "Model Management",
      "worker_id": "4",
      "error_message": null
    },
    {
      "number": 73,
      "name": "test_load_cached_file_error",
      "status": "PASSED",
      "duration": 3.879985809326172,
      "file_path": "tests\\backend\\test_indexing.py",
      "category": "Embeddings & Search",
      "worker_id": "6",
      "error_message": null
    },
    {
      "number": 72,
      "name": "TestEmbeddingCache::test_embedding_cache_hash_key_consistent",
      "status": "PASSED",
      "duration": 4.022612571716309,
      "file_path": "tests\\backend\\test_caching.py",
      "category": "Caching & Storage",
      "worker_id": "1",
      "error_message": null
    },
    {
      "number": 70,
      "name": "TestVaultIndexing::test_reindex_empty_directory",
      "status": "PASSED",
      "duration": 4.262631893157959,
      "file_path": "tests\\backend\\test_indexing_comprehensive.py",
      "category": "Embeddings & Search",
      "worker_id": "8",
      "error_message": null
    },
    {
      "number": 75,
      "name": "TestSettingsHelpers::test_reload_settings_clears_cache",
      "status": "PASSED",
      "duration": 3.715071439743042,
      "file_path": "tests\\backend\\test_settings.py",
      "category": "Core Backend",
      "worker_id": "2",
      "error_message": null
    },
    {
      "number": 76,
      "name": "TestModelManager::test_models_directory_creation",
      "status": "PASSED",
      "duration": 3.877823829650879,
      "file_path": "tests\\backend\\test_modelmanager.py",
      "category": "Model Management",
      "worker_id": "3",
      "error_message": null
    },
    {
      "number": 74,
      "name": "TestSearchOperations::test_search_query_error",
      "status": "PASSED",
      "duration": 4.338271856307983,
      "file_path": "tests\\backend\\test_embeddings_comprehensive.py",
      "category": "Embeddings & Search",
      "worker_id": "7",
      "error_message": null
    },
    {
      "number": 77,
      "name": "TestServiceIntegration::test_service_initialization",
      "status": "PASSED",
      "duration": 4.328195810317993,
      "file_path": "tests\\backend\\test_backend.py",
      "category": "Core Backend",
      "worker_id": "1",
      "error_message": null
    },
    {
      "number": 78,
      "name": "TestModelDownloading::test_download_huggingface_model_error",
      "status": "PASSED",
      "duration": 3.8730149269104004,
      "file_path": "tests\\backend\\test_modelmanager_comprehensive.py",
      "category": "Model Management",
      "worker_id": "4",
      "error_message": null
    },
    {
      "number": 80,
      "name": "test_cache_file_creation",
      "status": "PASSED",
      "duration": 3.8475840091705322,
      "file_path": "tests\\backend\\test_caching.py",
      "category": "Caching & Storage",
      "worker_id": "1",
      "error_message": null
    },
    {
      "number": 79,
      "name": "test_load_cached_file_not_exists",
      "status": "PASSED",
      "duration": 3.9675447940826416,
      "file_path": "tests\\backend\\test_indexing.py",
      "category": "Embeddings & Search",
      "worker_id": "6",
      "error_message": null
    },
    {
      "number": 81,
      "name": "TestWebContentFetching::test_fetch_web_content_success",
      "status": "PASSED",
      "duration": 4.356472492218018,
      "file_path": "tests\\backend\\test_indexing_comprehensive.py",
      "category": "Embeddings & Search",
      "worker_id": "8",
      "error_message": null
    },
    {
      "number": 82,
      "name": "TestSettingsPrecedence::test_env_override_yaml_and_defaults",
      "status": "PASSED",
      "duration": 3.889561653137207,
      "file_path": "tests\\backend\\test_settings.py",
      "category": "Core Backend",
      "worker_id": "2",
      "error_message": null
    },
    {
      "number": 83,
      "name": "TestModelManager::test_download_model_local_exists",
      "status": "PASSED",
      "duration": 3.906641960144043,
      "file_path": "tests\\backend\\test_modelmanager.py",
      "category": "Model Management",
      "worker_id": "3",
      "error_message": null
    },
    {
      "number": 84,
      "name": "TestIndexingMethods::test_index_file_not_found",
      "status": "PASSED",
      "duration": 4.519402027130127,
      "file_path": "tests\\backend\\test_embeddings_comprehensive.py",
      "category": "Embeddings & Search",
      "worker_id": "7",
      "error_message": null
    },
    {
      "number": 86,
      "name": "TestFromSettings::test_from_settings_fallback",
      "status": "PASSED",
      "duration": 3.6383254528045654,
      "file_path": "tests\\backend\\test_modelmanager_comprehensive.py",
      "category": "Model Management",
      "worker_id": "4",
      "error_message": null
    },
    {
      "number": 87,
      "name": "TestFileHashCache::test_file_hash_cache_is_changed_new_file",
      "status": "PASSED",
      "duration": 3.697608709335327,
      "file_path": "tests\\backend\\test_caching.py",
      "category": "Caching & Storage",
      "worker_id": "1",
      "error_message": null
    },
    {
      "number": 85,
      "name": "TestBackendAPI::test_ask_endpoint_cached_response",
      "status": "PASSED",
      "duration": 4.68804931640625,
      "file_path": "tests\\backend\\test_backend.py",
      "category": "Core Backend",
      "worker_id": "1",
      "error_message": null
    },
    {
      "number": 88,
      "name": "test_reindex_empty_vault",
      "status": "PASSED",
      "duration": 3.7019312381744385,
      "file_path": "tests\\backend\\test_indexing.py",
      "category": "Embeddings & Search",
      "worker_id": "6",
      "error_message": null
    },
    {
      "number": 90,
      "name": "TestSettings::test_settings_defaults",
      "status": "PASSED",
      "duration": 3.738213062286377,
      "file_path": "tests\\backend\\test_settings.py",
      "category": "Core Backend",
      "worker_id": "2",
      "error_message": null
    },
    {
      "number": 89,
      "name": "TestVaultIndexing::test_reindex_with_clear_collection",
      "status": "PASSED",
      "duration": 4.146883010864258,
      "file_path": "tests\\backend\\test_indexing_comprehensive.py",
      "category": "Embeddings & Search",
      "worker_id": "8",
      "error_message": null
    },
    {
      "number": 91,
      "name": "TestModelManager::test_list_available_models_file_not_exists",
      "status": "PASSED",
      "duration": 3.855067253112793,
      "file_path": "tests\\backend\\test_modelmanager.py",
      "category": "Model Management",
      "worker_id": "3",
      "error_message": null
    },
    {
      "number": 92,
      "name": "TestUtilityMethods::test_chunk_text_various_scenarios",
      "status": "PASSED",
      "duration": 4.427806854248047,
      "file_path": "tests\\backend\\test_embeddings_comprehensive.py",
      "category": "Embeddings & Search",
      "worker_id": "7",
      "error_message": null
    },
    {
      "number": 93,
      "name": "TestModelsFileLoading::test_load_models_file_read_error",
      "status": "PASSED",
      "duration": 3.9263346195220947,
      "file_path": "tests\\backend\\test_modelmanager_comprehensive.py",
      "category": "Model Management",
      "worker_id": "4",
      "error_message": null
    },
    {
      "number": 94,
      "name": "TestCachingErrorScenarios::test_file_hash_cache_with_nonexistent_file",
      "status": "PASSED",
      "duration": 3.864131450653076,
      "file_path": "tests\\backend\\test_caching.py",
      "category": "Caching & Storage",
      "worker_id": "1",
      "error_message": null
    },
    {
      "number": 96,
      "name": "test_fetch_web_content_http_error",
      "status": "PASSED",
      "duration": 3.824723958969116,
      "file_path": "tests\\backend\\test_indexing.py",
      "category": "Embeddings & Search",
      "worker_id": "6",
      "error_message": null
    },
    {
      "number": 97,
      "name": "TestSettingsPrecedence::test_invalid_env_values_ignored",
      "status": "PASSED",
      "duration": 3.7632391452789307,
      "file_path": "tests\\backend\\test_settings.py",
      "category": "Core Backend",
      "worker_id": "2",
      "error_message": null
    },
    {
      "number": 95,
      "name": "TestBackendAPI::test_health_endpoint",
      "status": "PASSED",
      "duration": 4.57967472076416,
      "file_path": "tests\\backend\\test_backend.py",
      "category": "Core Backend",
      "worker_id": "1",
      "error_message": null
    },
    {
      "number": 99,
      "name": "TestModelManager::test_huggingface_login_error",
      "status": "PASSED",
      "duration": 3.865826368331909,
      "file_path": "tests\\backend\\test_modelmanager.py",
      "category": "Model Management",
      "worker_id": "3",
      "error_message": null
    },
    {
      "number": 98,
      "name": "TestPDFIndexing::test_extract_pdf_text_success",
      "status": "PASSED",
      "duration": 4.502098560333252,
      "file_path": "tests\\backend\\test_indexing_comprehensive.py",
      "category": "Embeddings & Search",
      "worker_id": "8",
      "error_message": null
    },
    {
      "number": 100,
      "name": "TestIndexingMethods::test_reindex_success",
      "status": "PASSED",
      "duration": 4.3613245487213135,
      "file_path": "tests\\backend\\test_embeddings_comprehensive.py",
      "category": "Embeddings & Search",
      "worker_id": "7",
      "error_message": null
    },
    {
      "number": 101,
      "name": "TestGenerateText::test_generate_with_context",
      "status": "PASSED",
      "duration": 3.840468168258667,
      "file_path": "tests\\backend\\test_modelmanager_comprehensive.py",
      "category": "Model Management",
      "worker_id": "4",
      "error_message": null
    },
    {
      "number": 102,
      "name": "test_cache_manager_store_and_retrieve",
      "status": "PASSED",
      "duration": 3.882916212081909,
      "file_path": "tests\\backend\\test_caching.py",
      "category": "Caching & Storage",
      "worker_id": "1",
      "error_message": null
    },
    {
      "number": 103,
      "name": "test_initialization_with_existing_embeddings_manager",
      "status": "PASSED",
      "duration": 3.8556344509124756,
      "file_path": "tests\\backend\\test_indexing.py",
      "category": "Embeddings & Search",
      "worker_id": "6",
      "error_message": null
    },
    {
      "number": 104,
      "name": "TestSettingsHelpers::test_load_yaml_config_missing_file",
      "status": "PASSED",
      "duration": 3.9433600902557373,
      "file_path": "tests\\backend\\test_settings.py",
      "category": "Core Backend",
      "worker_id": "2",
      "error_message": null
    },
    {
      "number": 106,
      "name": "TestModelManager::test_generate_text_with_default_model",
      "status": "PASSED",
      "duration": 3.996490716934204,
      "file_path": "tests\\backend\\test_modelmanager.py",
      "category": "Model Management",
      "worker_id": "3",
      "error_message": null
    },
    {
      "number": 105,
      "name": "TestConfigEndpointIntegration::test_config_whitelist_enforcement",
      "status": "PASSED",
      "duration": 4.6602396965026855,
      "file_path": "tests\\backend\\test_config_endpoints.py",
      "category": "Security & Config",
      "worker_id": "2",
      "error_message": null
    },
    {
      "number": 107,
      "name": "TestWebPageIndexing::test_index_web_content_success",
      "status": "PASSED",
      "duration": 4.114686965942383,
      "file_path": "tests\\backend\\test_indexing_comprehensive.py",
      "category": "Embeddings & Search",
      "worker_id": "8",
      "error_message": null
    },
    {
      "number": 108,
      "name": "TestSearchOperations::test_search_success",
      "status": "PASSED",
      "duration": 4.567789316177368,
      "file_path": "tests\\backend\\test_embeddings_comprehensive.py",
      "category": "Embeddings & Search",
      "worker_id": "7",
      "error_message": null
    },
    {
      "number": 110,
      "name": "test_none_values",
      "status": "PASSED",
      "duration": 3.6415345668792725,
      "file_path": "tests\\backend\\test_caching.py",
      "category": "Caching & Storage",
      "worker_id": "1",
      "error_message": null
    },
    {
      "number": 109,
      "name": "TestModelManagerEdgeCases::test_models_with_complex_paths",
      "status": "PASSED",
      "duration": 3.8276278972625732,
      "file_path": "tests\\backend\\test_modelmanager_comprehensive.py",
      "category": "Model Management",
      "worker_id": "4",
      "error_message": null
    },
    {
      "number": 111,
      "name": "test_read_markdown_file_not_exists",
      "status": "PASSED",
      "duration": 3.778543710708618,
      "file_path": "tests\\backend\\test_indexing.py",
      "category": "Embeddings & Search",
      "worker_id": "6",
      "error_message": null
    },
    {
      "number": 112,
      "name": "TestSecurity::test_decrypt_data_unicode",
      "status": "PASSED",
      "duration": 4.030081510543823,
      "file_path": "tests\\backend\\test_security.py",
      "category": "Security & Config",
      "worker_id": "3",
      "error_message": null
    },
    {
      "number": 113,
      "name": "TestModelManager::test_env_file_not_exists",
      "status": "PASSED",
      "duration": 3.896047353744507,
      "file_path": "tests\\backend\\test_modelmanager.py",
      "category": "Model Management",
      "worker_id": "3",
      "error_message": null
    },
    {
      "number": 115,
      "name": "TestWebPageIndexing::test_fetch_web_page_cached_content",
      "status": "PASSED",
      "duration": 4.187221050262451,
      "file_path": "tests\\backend\\test_indexing_comprehensive.py",
      "category": "Embeddings & Search",
      "worker_id": "8",
      "error_message": null
    },
    {
      "number": 114,
      "name": "TestConfigEndpoints::test_post_config_endpoint_invalid_json",
      "status": "PASSED",
      "duration": 4.51662802696228,
      "file_path": "tests\\backend\\test_config_endpoints.py",
      "category": "Security & Config",
      "worker_id": "2",
      "error_message": null
    },
    {
      "number": 117,
      "name": "TestEmbeddingCache::test_embedding_cache_get_or_compute_new",
      "status": "PASSED",
      "duration": 3.8509960174560547,
      "file_path": "tests\\backend\\test_caching.py",
      "category": "Caching & Storage",
      "worker_id": "1",
      "error_message": null
    },
    {
      "number": 118,
      "name": "TestModelDownloading::test_download_huggingface_model_success",
      "status": "PASSED",
      "duration": 3.9404397010803223,
      "file_path": "tests\\backend\\test_modelmanager_comprehensive.py",
      "category": "Model Management",
      "worker_id": "4",
      "error_message": null
    },
    {
      "number": 116,
      "name": "TestUtilityMethods::test_hash_text",
      "status": "PASSED",
      "duration": 4.198256731033325,
      "file_path": "tests\\backend\\test_embeddings_comprehensive.py",
      "category": "Embeddings & Search",
      "worker_id": "7",
      "error_message": null
    },
    {
      "number": 119,
      "name": "test_read_pdf_error",
      "status": "PASSED",
      "duration": 3.972731590270996,
      "file_path": "tests\\backend\\test_indexing.py",
      "category": "Embeddings & Search",
      "worker_id": "6",
      "error_message": null
    },
    {
      "number": 120,
      "name": "TestSecurity::test_encrypt_data_long_string",
      "status": "PASSED",
      "duration": 3.9813759326934814,
      "file_path": "tests\\backend\\test_security.py",
      "category": "Security & Config",
      "worker_id": "3",
      "error_message": null
    },
    {
      "number": 121,
      "name": "TestModelManager::test_model_manager_initialization_custom",
      "status": "PASSED",
      "duration": 3.764888048171997,
      "file_path": "tests\\backend\\test_modelmanager.py",
      "category": "Model Management",
      "worker_id": "3",
      "error_message": null
    },
    {
      "number": 122,
      "name": "TestUtilityMethods::test_hash_url_consistency",
      "status": "PASSED",
      "duration": 4.225330591201782,
      "file_path": "tests\\backend\\test_indexing_comprehensive.py",
      "category": "Embeddings & Search",
      "worker_id": "8",
      "error_message": null
    },
    {
      "number": 123,
      "name": "TestConfigEndpointIntegration::test_config_persistence_integration",
      "status": "PASSED",
      "duration": 4.548508644104004,
      "file_path": "tests\\backend\\test_config_endpoints.py",
      "category": "Security & Config",
      "worker_id": "2",
      "error_message": null
    },
    {
      "number": 125,
      "name": "TestModelManagerEdgeCases::test_model_directory_permissions_error",
      "status": "PASSED",
      "duration": 3.7263190746307373,
      "file_path": "tests\\backend\\test_modelmanager_comprehensive.py",
      "category": "Model Management",
      "worker_id": "4",
      "error_message": null
    },
    {
      "number": 124,
      "name": "test_cache_manager_with_default_values",
      "status": "PASSED",
      "duration": 3.984095811843872,
      "file_path": "tests\\backend\\test_caching.py",
      "category": "Caching & Storage",
      "worker_id": "1",
      "error_message": null
    },
    {
      "number": 127,
      "name": "test_index_web_content_cached",
      "status": "PASSED",
      "duration": 3.988473653793335,
      "file_path": "tests\\backend\\test_indexing.py",
      "category": "Embeddings & Search",
      "worker_id": "6",
      "error_message": null
    },
    {
      "number": 126,
      "name": "TestIndexingMethods::test_index_vault_success",
      "status": "PASSED",
      "duration": 4.64317774772644,
      "file_path": "tests\\backend\\test_embeddings_comprehensive.py",
      "category": "Embeddings & Search",
      "worker_id": "7",
      "error_message": null
    },
    {
      "number": 128,
      "name": "TestSecurityIntegration::test_security_with_sensitive_data_patterns",
      "status": "PASSED",
      "duration": 4.152807712554932,
      "file_path": "tests\\backend\\test_security.py",
      "category": "Security & Config",
      "worker_id": "3",
      "error_message": null
    },
    {
      "number": 129,
      "name": "TestModelManager::test_list_available_models",
      "status": "PASSED",
      "duration": 3.9908716678619385,
      "file_path": "tests\\backend\\test_modelmanager.py",
      "category": "Model Management",
      "worker_id": "3",
      "error_message": null
    },
    {
      "number": 130,
      "name": "TestMarkdownProcessing::test_read_markdown_success",
      "status": "PASSED",
      "duration": 4.252568244934082,
      "file_path": "tests\\backend\\test_indexing_comprehensive.py",
      "category": "Embeddings & Search",
      "worker_id": "8",
      "error_message": null
    },
    {
      "number": 132,
      "name": "TestModelManagerInit::test_hf_login_success",
      "status": "PASSED",
      "duration": 3.8358912467956543,
      "file_path": "tests\\backend\\test_modelmanager_comprehensive.py",
      "category": "Model Management",
      "worker_id": "4",
      "error_message": null
    },
    {
      "number": 133,
      "name": "TestFileHashCache::test_file_hash_cache_detects_changes",
      "status": "PASSED",
      "duration": 3.766218662261963,
      "file_path": "tests\\backend\\test_caching.py",
      "category": "Caching & Storage",
      "worker_id": "1",
      "error_message": null
    },
    {
      "number": 131,
      "name": "TestConfigEndpoints::test_post_config_reload_endpoint",
      "status": "PASSED",
      "duration": 5.041662931442261,
      "file_path": "tests\\backend\\test_config_endpoints.py",
      "category": "Security & Config",
      "worker_id": "2",
      "error_message": null
    },
    {
      "number": 134,
      "name": "test_read_pdf_file_not_exists",
      "status": "PASSED",
      "duration": 3.951974391937256,
      "file_path": "tests\\backend\\test_indexing.py",
      "category": "Embeddings & Search",
      "worker_id": "6",
      "error_message": null
    },
    {
      "number": 136,
      "name": "TestSecurity::test_encrypt_data_basic_string",
      "status": "PASSED",
      "duration": 3.7689757347106934,
      "file_path": "tests\\backend\\test_security.py",
      "category": "Security & Config",
      "worker_id": "3",
      "error_message": null
    },
    {
      "number": 135,
      "name": "TestUtilityMethods::test_close_method",
      "status": "PASSED",
      "duration": 4.223079204559326,
      "file_path": "tests\\backend\\test_embeddings_comprehensive.py",
      "category": "Embeddings & Search",
      "worker_id": "7",
      "error_message": null
    },
    {
      "number": 137,
      "name": "TestModelManager::test_model_manager_initialization_defaults",
      "status": "PASSED",
      "duration": 3.8773000240325928,
      "file_path": "tests\\backend\\test_modelmanager.py",
      "category": "Model Management",
      "worker_id": "3",
      "error_message": null
    },
    {
      "number": 138,
      "name": "TestIndexingService::test_indexing_service_with_params",
      "status": "PASSED",
      "duration": 4.106638669967651,
      "file_path": "tests\\backend\\test_indexing_comprehensive.py",
      "category": "Embeddings & Search",
      "worker_id": "8",
      "error_message": null
    },
    {
      "number": 140,
      "name": "test_cache_manager_initialization",
      "status": "PASSED",
      "duration": 3.8621959686279297,
      "file_path": "tests\\backend\\test_caching.py",
      "category": "Caching & Storage",
      "worker_id": "1",
      "error_message": null
    },
    {
      "number": 139,
      "name": "TestModelLoading::test_load_model_already_loaded",
      "status": "PASSED",
      "duration": 3.8933160305023193,
      "file_path": "tests\\backend\\test_modelmanager_comprehensive.py",
      "category": "Model Management",
      "worker_id": "4",
      "error_message": null
    },
    {
      "number": 142,
      "name": "test_read_markdown_file_error",
      "status": "PASSED",
      "duration": 3.7849106788635254,
      "file_path": "tests\\backend\\test_indexing.py",
      "category": "Embeddings & Search",
      "worker_id": "6",
      "error_message": null
    },
    {
      "number": 143,
      "name": "TestSecurity::test_encrypt_data_empty_string",
      "status": "PASSED",
      "duration": 4.077843427658081,
      "file_path": "tests\\backend\\test_security.py",
      "category": "Security & Config",
      "worker_id": "3",
      "error_message": null
    },
    {
      "number": 145,
      "name": "TestModelManager::test_hf_token_from_parameter",
      "status": "PASSED",
      "duration": 3.9428863525390625,
      "file_path": "tests\\backend\\test_modelmanager.py",
      "category": "Model Management",
      "worker_id": "3",
      "error_message": null
    },
    {
      "number": 141,
      "name": "TestConfigEndpoints::test_get_config_endpoint",
      "status": "PASSED",
      "duration": 5.1385557651519775,
      "file_path": "tests\\backend\\test_config_endpoints.py",
      "category": "Security & Config",
      "worker_id": "2",
      "error_message": null
    },
    {
      "number": 144,
      "name": "TestDatabaseOperations::test_reset_db_no_client",
      "status": "PASSED",
      "duration": 4.437793731689453,
      "file_path": "tests\\backend\\test_embeddings_comprehensive.py",
      "category": "Embeddings & Search",
      "worker_id": "7",
      "error_message": null
    },
    {
      "number": 146,
      "name": "TestIndexingService::test_from_settings_full_fallback",
      "status": "PASSED",
      "duration": 4.552193641662598,
      "file_path": "tests\\backend\\test_indexing_comprehensive.py",
      "category": "Embeddings & Search",
      "worker_id": "8",
      "error_message": null
    },
    {
      "number": 148,
      "name": "TestModelDownloading::test_download_local_model_exists",
      "status": "PASSED",
      "duration": 4.435244798660278,
      "file_path": "tests\\backend\\test_modelmanager_comprehensive.py",
      "category": "Model Management",
      "worker_id": "4",
      "error_message": null
    },
    {
      "number": 147,
      "name": "TestFileHashCache::test_file_hash_cache_initialization",
      "status": "PASSED",
      "duration": 4.56427788734436,
      "file_path": "tests\\backend\\test_caching.py",
      "category": "Caching & Storage",
      "worker_id": "1",
      "error_message": null
    },
    {
      "number": 149,
      "name": "test_reindex_nonexistent_vault",
      "status": "PASSED",
      "duration": 4.7248265743255615,
      "file_path": "tests\\backend\\test_indexing.py",
      "category": "Embeddings & Search",
      "worker_id": "6",
      "error_message": null
    },
    {
      "number": 150,
      "name": "TestSecurityIntegration::test_security_module_constants_immutable",
      "status": "PASSED",
      "duration": 4.967865228652954,
      "file_path": "tests\\backend\\test_security.py",
      "category": "Security & Config",
      "worker_id": "3",
      "error_message": null
    },
    {
      "number": 151,
      "name": "TestVoiceUtilities::test_temporary_file_cleanup",
      "status": "PASSED",
      "duration": 5.750908374786377,
      "file_path": "tests\\backend\\test_voice.py",
      "category": "Voice & Audio",
      "worker_id": "4",
      "error_message": null
    },
    {
      "number": 153,
      "name": "TestUtilityMethods::test_get_collection_info_count_error",
      "status": "PASSED",
      "duration": 5.6596269607543945,
      "file_path": "tests\\backend\\test_embeddings_comprehensive.py",
      "category": "Embeddings & Search",
      "worker_id": "7",
      "error_message": null
    },
    {
      "number": 152,
      "name": "TestConfigEndpoints::test_post_config_endpoint_update_failure",
      "status": "PASSED",
      "duration": 6.069910764694214,
      "file_path": "tests\\backend\\test_config_endpoints.py",
      "category": "Security & Config",
      "worker_id": "2",
      "error_message": null
    },
    {
      "number": 155,
      "name": "TestModelManagerInit::test_hf_login_failure",
      "status": "PASSED",
      "duration": 4.333228588104248,
      "file_path": "tests\\backend\\test_modelmanager_comprehensive.py",
      "category": "Model Management",
      "worker_id": "4",
      "error_message": null
    },
    {
      "number": 154,
      "name": "TestPDFProcessing::test_read_pdf_parsing_error",
      "status": "PASSED",
      "duration": 5.103796720504761,
      "file_path": "tests\\backend\\test_indexing_comprehensive.py",
      "category": "Embeddings & Search",
      "worker_id": "8",
      "error_message": null
    },
    {
      "number": 156,
      "name": "test_cache_manager_overwrite",
      "status": "PASSED",
      "duration": 4.603572130203247,
      "file_path": "tests\\backend\\test_caching.py",
      "category": "Caching & Storage",
      "worker_id": "1",
      "error_message": null
    },
    {
      "number": 157,
      "name": "test_read_pdf_success",
      "status": "PASSED",
      "duration": 4.334405422210693,
      "file_path": "tests\\backend\\test_indexing.py",
      "category": "Embeddings & Search",
      "worker_id": "6",
      "error_message": null
    },
    {
      "number": 158,
      "name": "TestSecurityIntegration::test_security_with_json_data",
      "status": "PASSED",
      "duration": 4.154508829116821,
      "file_path": "tests\\backend\\test_security.py",
      "category": "Security & Config",
      "worker_id": "3",
      "error_message": null
    },
    {
      "number": 159,
      "name": "TestVoiceModule::test_model_path_configuration",
      "status": "PASSED",
      "duration": 4.444883346557617,
      "file_path": "tests\\backend\\test_voice.py",
      "category": "Voice & Audio",
      "worker_id": "4",
      "error_message": null
    },
    {
      "number": 160,
      "name": "TestBatchOperations::test_add_documents_default_metadata",
      "status": "PASSED",
      "duration": 4.229872941970825,
      "file_path": "tests\\backend\\test_embeddings_comprehensive.py",
      "category": "Embeddings & Search",
      "worker_id": "7",
      "error_message": null
    },
    {
      "number": 161,
      "name": "TestConfigEndpoints::test_post_config_reload_failure",
      "status": "PASSED",
      "duration": 4.643221378326416,
      "file_path": "tests\\backend\\test_config_endpoints.py",
      "category": "Security & Config",
      "worker_id": "2",
      "error_message": null
    },
    {
      "number": 162,
      "name": "TestModelLoading::test_load_model_download_failure",
      "status": "PASSED",
      "duration": 3.770327091217041,
      "file_path": "tests\\backend\\test_modelmanager_comprehensive.py",
      "category": "Model Management",
      "worker_id": "4",
      "error_message": null
    },
    {
      "number": 164,
      "name": "TestCachingErrorScenarios::test_embedding_cache_corrupted_cache_file",
      "status": "PASSED",
      "duration": 4.06484842300415,
      "file_path": "tests\\backend\\test_caching.py",
      "category": "Caching & Storage",
      "worker_id": "1",
      "error_message": null
    },
    {
      "number": 163,
      "name": "TestWebPageIndexing::test_index_web_page_success",
      "status": "PASSED",
      "duration": 4.155858039855957,
      "file_path": "tests\\backend\\test_indexing_comprehensive.py",
      "category": "Embeddings & Search",
      "worker_id": "8",
      "error_message": null
    },
    {
      "number": 165,
      "name": "test_index_web_content_new_url",
      "status": "PASSED",
      "duration": 3.8764736652374268,
      "file_path": "tests\\backend\\test_indexing.py",
      "category": "Embeddings & Search",
      "worker_id": "6",
      "error_message": null
    },
    {
      "number": 166,
      "name": "TestSecurity::test_encrypt_data_uses_global_fernet",
      "status": "PASSED",
      "duration": 4.084324359893799,
      "file_path": "tests\\backend\\test_security.py",
      "category": "Security & Config",
      "worker_id": "3",
      "error_message": null
    },
    {
      "number": 168,
      "name": "TestEmbeddingsManagerInit::test_model_loading_failure",
      "status": "PASSED",
      "duration": 4.458474159240723,
      "file_path": "tests\\backend\\test_embeddings_comprehensive.py",
      "category": "Embeddings & Search",
      "worker_id": "7",
      "error_message": null
    },
    {
      "number": 167,
      "name": "TestVoiceErrorHandling::test_temp_file_write_error",
      "status": "PASSED",
      "duration": 4.798666477203369,
      "file_path": "tests\\backend\\test_voice.py",
      "category": "Voice & Audio",
      "worker_id": "4",
      "error_message": null
    },
    {
      "number": 170,
      "name": "TestModelLoading::test_load_model_default",
      "status": "PASSED",
      "duration": 4.102999210357666,
      "file_path": "tests\\backend\\test_modelmanager_comprehensive.py",
      "category": "Model Management",
      "worker_id": "4",
      "error_message": null
    },
    {
      "number": 169,
      "name": "TestConfigEndpointIntegration::test_get_config_integration",
      "status": "PASSED",
      "duration": 4.8530592918396,
      "file_path": "tests\\backend\\test_config_endpoints.py",
      "category": "Security & Config",
      "worker_id": "2",
      "error_message": null
    },
    {
      "number": 171,
      "name": "test_cache_manager_error_handling_load",
      "status": "PASSED",
      "duration": 4.199043273925781,
      "file_path": "tests\\backend\\test_caching.py",
      "category": "Caching & Storage",
      "worker_id": "1",
      "error_message": null
    },
    {
      "number": 173,
      "name": "test_fetch_web_content_success",
      "status": "PASSED",
      "duration": 4.047112941741943,
      "file_path": "tests\\backend\\test_indexing.py",
      "category": "Embeddings & Search",
      "worker_id": "6",
      "error_message": null
    },
    {
      "number": 172,
      "name": "TestMarkdownProcessing::test_read_markdown_encoding_error",
      "status": "PASSED",
      "duration": 4.441871404647827,
      "file_path": "tests\\backend\\test_indexing_comprehensive.py",
      "category": "Embeddings & Search",
      "worker_id": "8",
      "error_message": null
    },
    {
      "number": 174,
      "name": "TestSecurity::test_encrypt_data_special_characters",
      "status": "PASSED",
      "duration": 4.166989088058472,
      "file_path": "tests\\backend\\test_security.py",
      "category": "Security & Config",
      "worker_id": "3",
      "error_message": null
    },
    {
      "number": 177,
      "name": "TestModelLoading::test_load_model_specific",
      "status": "PASSED",
      "duration": 3.6147444248199463,
      "file_path": "tests\\backend\\test_modelmanager_comprehensive.py",
      "category": "Model Management",
      "worker_id": "4",
      "error_message": null
    },
    {
      "number": 175,
      "name": "TestSearchOperations::test_search_custom_top_k",
      "status": "PASSED",
      "duration": 4.304383039474487,
      "file_path": "tests\\backend\\test_embeddings_comprehensive.py",
      "category": "Embeddings & Search",
      "worker_id": "7",
      "error_message": null
    },
    {
      "number": 179,
      "name": "test_empty_question_and_answer",
      "status": "PASSED",
      "duration": 3.6214113235473633,
      "file_path": "tests\\backend\\test_caching.py",
      "category": "Caching & Storage",
      "worker_id": "1",
      "error_message": null
    },
    {
      "number": 176,
      "name": "TestVoiceModule::test_model_initialization_failure",
      "status": "PASSED",
      "duration": 4.566993713378906,
      "file_path": "tests\\backend\\test_voice.py",
      "category": "Voice & Audio",
      "worker_id": "4",
      "error_message": null
    },
    {
      "number": 180,
      "name": "test_hash_url",
      "status": "PASSED",
      "duration": 3.7122373580932617,
      "file_path": "tests\\backend\\test_indexing.py",
      "category": "Embeddings & Search",
      "worker_id": "6",
      "error_message": null
    },
    {
      "number": 178,
      "name": "TestConfigEndpoints::test_post_config_endpoint_valid_updates",
      "status": "PASSED",
      "duration": 4.448045253753662,
      "file_path": "tests\\backend\\test_config_endpoints.py",
      "category": "Security & Config",
      "worker_id": "2",
      "error_message": null
    },
    {
      "number": 181,
      "name": "TestMarkdownProcessing::test_read_markdown_permission_error",
      "status": "PASSED",
      "duration": 4.115734815597534,
      "file_path": "tests\\backend\\test_indexing_comprehensive.py",
      "category": "Embeddings & Search",
      "worker_id": "8",
      "error_message": null
    },
    {
      "number": 182,
      "name": "TestSecurity::test_encrypt_data_input_type_validation",
      "status": "PASSED",
      "duration": 3.9797422885894775,
      "file_path": "tests\\backend\\test_security.py",
      "category": "Security & Config",
      "worker_id": "3",
      "error_message": null
    },
    {
      "number": 188,
      "name": "test_plugin_content",
      "status": "PASSED",
      "duration": 2.3521316051483154,
      "file_path": "tests\\test_plugin_python.py",
      "category": "Plugin System",
      "worker_id": "6",
      "error_message": null
    },
    {
      "number": 183,
      "name": "TestModelsFileLoading::test_load_models_file_success",
      "status": "PASSED",
      "duration": 3.909766674041748,
      "file_path": "tests\\backend\\test_modelmanager_comprehensive.py",
      "category": "Model Management",
      "worker_id": "4",
      "error_message": null
    },
    {
      "number": 187,
      "name": "test_generate_with_max_tokens",
      "status": "PASSED",
      "duration": 3.7299177646636963,
      "file_path": "tests\\backend\\test_llm_router.py",
      "category": "LLM Router",
      "worker_id": "5",
      "error_message": null
    },
    {
      "number": 185,
      "name": "TestFileHashCache::test_file_hash_cache_persist_and_reload",
      "status": "PASSED",
      "duration": 3.8590664863586426,
      "file_path": "tests\\backend\\test_caching.py",
      "category": "Caching & Storage",
      "worker_id": "1",
      "error_message": null
    },
    {
      "number": 184,
      "name": "TestUtilityMethods::test_get_collection_info_success",
      "status": "PASSED",
      "duration": 4.510946989059448,
      "file_path": "tests\\backend\\test_embeddings_comprehensive.py",
      "category": "Embeddings & Search",
      "worker_id": "7",
      "error_message": null
    },
    {
      "number": 186,
      "name": "TestVoiceTranscription::test_voice_transcribe_json_parsing_error",
      "status": "PASSED",
      "duration": 4.467536687850952,
      "file_path": "tests\\backend\\test_voice.py",
      "category": "Voice & Audio",
      "worker_id": "4",
      "error_message": null
    },
    {
      "number": 189,
      "name": "TestVaultIndexerInit::test_initialization_settings_fallback",
      "status": "PASSED",
      "duration": 4.284093379974365,
      "file_path": "tests\\backend\\test_indexing_comprehensive.py",
      "category": "Embeddings & Search",
      "worker_id": "8",
      "error_message": null
    },
    {
      "number": 190,
      "name": "TestSecurity::test_fernet_instance_created",
      "status": "PASSED",
      "duration": 3.8872506618499756,
      "file_path": "tests\\backend\\test_security.py",
      "category": "Security & Config",
      "worker_id": "3",
      "error_message": null
    },
    {
      "number": 192,
      "name": "TestModelManagerInit::test_local_models_detection",
      "status": "PASSED",
      "duration": 3.7284770011901855,
      "file_path": "tests\\backend\\test_modelmanager_comprehensive.py",
      "category": "Model Management",
      "worker_id": "4",
      "error_message": null
    },
    {
      "number": 193,
      "name": "test_model_import_errors",
      "status": "PASSED",
      "duration": 3.7607975006103516,
      "file_path": "tests\\backend\\test_llm_router.py",
      "category": "LLM Router",
      "worker_id": "5",
      "error_message": null
    },
    {
      "number": 194,
      "name": "TestEmbeddingCache::test_embedding_cache_initialization",
      "status": "PASSED",
      "duration": 3.753002643585205,
      "file_path": "tests\\backend\\test_caching.py",
      "category": "Caching & Storage",
      "worker_id": "1",
      "error_message": null
    },
    {
      "number": 195,
      "name": "TestEmbeddingOperations::test_compute_embedding_model_error",
      "status": "PASSED",
      "duration": 4.304446458816528,
      "file_path": "tests\\backend\\test_embeddings_comprehensive.py",
      "category": "Embeddings & Search",
      "worker_id": "7",
      "error_message": null
    },
    {
      "number": 196,
      "name": "TestVoiceTranscription::test_voice_transcribe_empty_transcription",
      "status": "PASSED",
      "duration": 4.34469199180603,
      "file_path": "tests\\backend\\test_voice.py",
      "category": "Voice & Audio",
      "worker_id": "4",
      "error_message": null
    },
    {
      "number": 197,
      "name": "TestUtilityMethods::test_load_cached_missing_file",
      "status": "PASSED",
      "duration": 4.041790008544922,
      "file_path": "tests\\backend\\test_indexing_comprehensive.py",
      "category": "Embeddings & Search",
      "worker_id": "8",
      "error_message": null
    },
    {
      "number": 191,
      "name": "test_backend_connectivity",
      "status": "PASSED",
      "duration": 6.487660884857178,
      "file_path": "tests\\test_plugin_python.py",
      "category": "Plugin System",
      "worker_id": "6",
      "error_message": null
    },
    {
      "number": 198,
      "name": "TestSecurity::test_decrypt_data_basic",
      "status": "PASSED",
      "duration": 3.8654677867889404,
      "file_path": "tests\\backend\\test_security.py",
      "category": "Security & Config",
      "worker_id": "3",
      "error_message": null
    },
    {
      "number": 199,
      "name": "TestModelManagerEdgeCases::test_no_models_available_scenario",
      "status": "PASSED",
      "duration": 3.731757402420044,
      "file_path": "tests\\backend\\test_modelmanager_comprehensive.py",
      "category": "Model Management",
      "worker_id": "4",
      "error_message": null
    },
    {
      "number": 201,
      "name": "test_cache_manager_long_question",
      "status": "PASSED",
      "duration": 3.7449593544006348,
      "file_path": "tests\\backend\\test_caching.py",
      "category": "Caching & Storage",
      "worker_id": "1",
      "error_message": null
    },
    {
      "number": 200,
      "name": "test_generate_with_llama_preferred_fast",
      "status": "PASSED",
      "duration": 3.8464677333831787,
      "file_path": "tests\\backend\\test_llm_router.py",
      "category": "LLM Router",
      "worker_id": "5",
      "error_message": null
    },
    {
      "number": 205,
      "name": "test_plugin_files",
      "status": "PASSED",
      "duration": 2.417513370513916,
      "file_path": "tests\\test_plugin_python.py",
      "category": "Plugin System",
      "worker_id": "6",
      "error_message": null
    },
    {
      "number": 202,
      "name": "TestEmbeddingOperations::test_compute_embedding_no_model",
      "status": "PASSED",
      "duration": 4.347650527954102,
      "file_path": "tests\\backend\\test_embeddings_comprehensive.py",
      "category": "Embeddings & Search",
      "worker_id": "7",
      "error_message": null
    },
    {
      "number": 206,
      "name": "TestSecurity::test_decrypt_data_empty_string",
      "status": "PASSED",
      "duration": 3.806178092956543,
      "file_path": "tests\\backend\\test_security.py",
      "category": "Security & Config",
      "worker_id": "3",
      "error_message": null
    },
    {
      "number": 203,
      "name": "TestVoiceTranscription::test_voice_transcribe_wave_error",
      "status": "PASSED",
      "duration": 4.587549209594727,
      "file_path": "tests\\backend\\test_voice.py",
      "category": "Voice & Audio",
      "worker_id": "4",
      "error_message": null
    },
    {
      "number": 204,
      "name": "TestWebContentFetching::test_fetch_web_content_http_error",
      "status": "PASSED",
      "duration": 4.337188720703125,
      "file_path": "tests\\backend\\test_indexing_comprehensive.py",
      "category": "Embeddings & Search",
      "worker_id": "8",
      "error_message": null
    },
    {
      "number": 207,
      "name": "TestGetModelInfo::test_get_model_info_lazy_router_initialization",
      "status": "PASSED",
      "duration": 3.8736913204193115,
      "file_path": "tests\\backend\\test_modelmanager_comprehensive.py",
      "category": "Model Management",
      "worker_id": "4",
      "error_message": null
    },
    {
      "number": 209,
      "name": "test_error_handling_gpt4all_exception",
      "status": "PASSED",
      "duration": 3.7158446311950684,
      "file_path": "tests\\backend\\test_llm_router.py",
      "category": "LLM Router",
      "worker_id": "5",
      "error_message": null
    },
    {
      "number": 208,
      "name": "TestCachingErrorScenarios::test_file_hash_cache_corrupted_cache_file",
      "status": "PASSED",
      "duration": 3.820953130722046,
      "file_path": "tests\\backend\\test_caching.py",
      "category": "Caching & Storage",
      "worker_id": "1",
      "error_message": null
    },
    {
      "number": 211,
      "name": "TestDatabaseOperations::test_reset_db_error",
      "status": "PASSED",
      "duration": 4.216258764266968,
      "file_path": "tests\\backend\\test_embeddings_comprehensive.py",
      "category": "Embeddings & Search",
      "worker_id": "7",
      "error_message": null
    },
    {
      "number": 212,
      "name": "TestSecurityIntegration::test_security_performance_large_data",
      "status": "PASSED",
      "duration": 3.6797401905059814,
      "file_path": "tests\\backend\\test_security.py",
      "category": "Security & Config",
      "worker_id": "3",
      "error_message": null
    },
    {
      "number": 214,
      "name": "TestPDFIndexing::test_index_pdf_empty_text",
      "status": "PASSED",
      "duration": 3.699352979660034,
      "file_path": "tests\\backend\\test_indexing_comprehensive.py",
      "category": "Embeddings & Search",
      "worker_id": "8",
      "error_message": null
    },
    {
      "number": 213,
      "name": "TestVoiceModule::test_model_initialization_success",
      "status": "PASSED",
      "duration": 4.358281850814819,
      "file_path": "tests\\backend\\test_voice.py",
      "category": "Voice & Audio",
      "worker_id": "4",
      "error_message": null
    },
    {
      "number": 215,
      "name": "TestFromSettings::test_from_settings_success",
      "status": "PASSED",
      "duration": 3.610499143600464,
      "file_path": "tests\\backend\\test_modelmanager_comprehensive.py",
      "category": "Model Management",
      "worker_id": "4",
      "error_message": null
    },
    {
      "number": 217,
      "name": "test_cache_manager_error_handling_save",
      "status": "PASSED",
      "duration": 3.6158487796783447,
      "file_path": "tests\\backend\\test_caching.py",
      "category": "Caching & Storage",
      "worker_id": "1",
      "error_message": null
    },
    {
      "number": 216,
      "name": "test_memory_management_operations",
      "status": "PASSED",
      "duration": 3.6885948181152344,
      "file_path": "tests\\backend\\test_llm_router.py",
      "category": "LLM Router",
      "worker_id": "5",
      "error_message": null
    },
    {
      "number": 219,
      "name": "TestSecurity::test_decrypt_malformed_token_returns_none",
      "status": "PASSED",
      "duration": 3.410736322402954,
      "file_path": "tests\\backend\\test_security.py",
      "category": "Security & Config",
      "worker_id": "3",
      "error_message": null
    },
    {
      "number": 218,
      "name": "TestUtilityMethods::test_get_collection_info_no_collection",
      "status": "PASSED",
      "duration": 3.9088029861450195,
      "file_path": "tests\\backend\\test_embeddings_comprehensive.py",
      "category": "Embeddings & Search",
      "worker_id": "7",
      "error_message": null
    },
    {
      "number": 220,
      "name": "TestPDFProcessing::test_read_pdf_empty_pages",
      "status": "PASSED",
      "duration": 4.201791763305664,
      "file_path": "tests\\backend\\test_indexing_comprehensive.py",
      "category": "Embeddings & Search",
      "worker_id": "8",
      "error_message": null
    },
    {
      "number": 222,
      "name": "TestModelManagerInit::test_default_model_fallback",
      "status": "PASSED",
      "duration": 3.5234272480010986,
      "file_path": "tests\\backend\\test_modelmanager_comprehensive.py",
      "category": "Model Management",
      "worker_id": "4",
      "error_message": null
    },
    {
      "number": 221,
      "name": "TestVoiceTranscription::test_voice_transcribe_multiple_segments",
      "status": "PASSED",
      "duration": 4.120163440704346,
      "file_path": "tests\\backend\\test_voice.py",
      "category": "Voice & Audio",
      "worker_id": "4",
      "error_message": null
    },
    {
      "number": 224,
      "name": "test_generate_fallback_to_available_model",
      "status": "PASSED",
      "duration": 3.491499185562134,
      "file_path": "tests\\backend\\test_llm_router.py",
      "category": "LLM Router",
      "worker_id": "5",
      "error_message": null
    },
    {
      "number": 223,
      "name": "TestCachingErrorScenarios::test_embedding_cache_with_failing_embed_function",
      "status": "PASSED",
      "duration": 3.6794285774230957,
      "file_path": "tests\\backend\\test_caching.py",
      "category": "Caching & Storage",
      "worker_id": "1",
      "error_message": null
    },
    {
      "number": 225,
      "name": "TestSecurity::test_decrypt_data_long_string",
      "status": "PASSED",
      "duration": 3.7410430908203125,
      "file_path": "tests\\backend\\test_security.py",
      "category": "Security & Config",
      "worker_id": "3",
      "error_message": null
    },
    {
      "number": 231,
      "name": "TestPluginFunctionality::test_settings_persistence",
      "status": "PASSED",
      "duration": 1.8854732513427734,
      "file_path": "tests\\plugin\\test_plugin_functionality.py",
      "category": "Plugin System",
      "worker_id": "7",
      "error_message": null
    },
    {
      "number": 226,
      "name": "TestEmbeddingsManagerInit::test_collection_creation_failure",
      "status": "PASSED",
      "duration": 4.133612394332886,
      "file_path": "tests\\backend\\test_embeddings_comprehensive.py",
      "category": "Embeddings & Search",
      "worker_id": "7",
      "error_message": null
    },
    {
      "number": 228,
      "name": "TestModelDownloading::test_download_local_model_error",
      "status": "PASSED",
      "duration": 3.691920518875122,
      "file_path": "tests\\backend\\test_modelmanager_comprehensive.py",
      "category": "Model Management",
      "worker_id": "4",
      "error_message": null
    },
    {
      "number": 227,
      "name": "TestWebPageIndexing::test_fetch_web_page_force_refresh",
      "status": "PASSED",
      "duration": 3.9396705627441406,
      "file_path": "tests\\backend\\test_indexing_comprehensive.py",
      "category": "Embeddings & Search",
      "worker_id": "8",
      "error_message": null
    },
    {
      "number": 230,
      "name": "test_generate_no_models_available",
      "status": "PASSED",
      "duration": 3.3431804180145264,
      "file_path": "tests\\backend\\test_llm_router.py",
      "category": "LLM Router",
      "worker_id": "5",
      "error_message": null
    },
    {
      "number": 229,
      "name": "TestVoiceUtilities::test_model_path_from_environment",
      "status": "PASSED",
      "duration": 4.248363971710205,
      "file_path": "tests\\backend\\test_voice.py",
      "category": "Voice & Audio",
      "worker_id": "4",
      "error_message": null
    },
    {
      "number": 233,
      "name": "TestAnalyticsFunctionality::test_ui_rendering_for_analytics",
      "status": "PASSED",
      "duration": 1.909043312072754,
      "file_path": "tests\\plugin\\test_plugin_functionality.py",
      "category": "Plugin System",
      "worker_id": "7",
      "error_message": null
    },
    {
      "number": 232,
      "name": "TestSecurity::test_different_encryptions_same_data",
      "status": "PASSED",
      "duration": 3.6511166095733643,
      "file_path": "tests\\backend\\test_security.py",
      "category": "Security & Config",
      "worker_id": "3",
      "error_message": null
    },
    {
      "number": 239,
      "name": "TestVoiceFunctionality::test_voice_processing_workflow",
      "status": "PASSED",
      "duration": 1.8830561637878418,
      "file_path": "tests\\plugin\\test_plugin_functionality.py",
      "category": "Plugin System",
      "worker_id": "7",
      "error_message": null
    },
    {
      "number": 235,
      "name": "TestModelDownloading::test_download_local_model_create",
      "status": "PASSED",
      "duration": 3.529737949371338,
      "file_path": "tests\\backend\\test_modelmanager_comprehensive.py",
      "category": "Model Management",
      "worker_id": "4",
      "error_message": null
    },
    {
      "number": 236,
      "name": "TestIndexingService::test_indexing_service_delegation",
      "status": "PASSED",
      "duration": 3.7765491008758545,
      "file_path": "tests\\backend\\test_indexing_comprehensive.py",
      "category": "Embeddings & Search",
      "worker_id": "8",
      "error_message": null
    },
    {
      "number": 237,
      "name": "test_generate_memory_limit",
      "status": "PASSED",
      "duration": 3.5425074100494385,
      "file_path": "tests\\backend\\test_llm_router.py",
      "category": "LLM Router",
      "worker_id": "5",
      "error_message": null
    },
    {
      "number": 234,
      "name": "TestEmbeddingOperations::test_add_embedding_no_collection",
      "status": "PASSED",
      "duration": 4.23322606086731,
      "file_path": "tests\\backend\\test_embeddings_comprehensive.py",
      "category": "Embeddings & Search",
      "worker_id": "7",
      "error_message": null
    },
    {
      "number": 241,
      "name": "TestPluginFunctionality::test_fetch_api_usage",
      "status": "FAILED",
      "duration": 2.3246195316314697,
      "file_path": "tests\\plugin\\test_plugin_functionality.py",
      "category": "Plugin System",
      "worker_id": "7",
      "error_message": "============================= test session starts =============================\nplatform win32 -- Python 3.11.9, pytest-8.4.2, pluggy-1.6.0\nrootdir: C:\\Users\\kdejo\\DEV\\obsidian-llm-assistant\\obsidian-AI-assistant\\tests\nconfigfile: pytest.ini\nplugins: anyio-4.11.0, asyncio-1.2.0, cov-7.0.0\nasyncio: mode=Mode.STRICT, debug=False, asyncio_default_fixture_loop_scope=None, asyncio_default_test_loop_scope=function\ncollected 1 item\n\ntests\\plugin\\test_plugin_functionality.py F                              [100%]\n\n================================== FAILURES ===================================\n________________ TestPluginFunctionality.test_fetch_api_usage _________________\ntests\\plugin\\test_plugin_functionality.py:80: in test_fetch_api_usage\n    assert 'fetch(' in content, \"Should use fetch API for HTTP requests\"\nE   AssertionError: Should use fetch API for HTTP requests\nE   assert 'fetch(' in 'const { Plugin, Modal, Notice, PluginSettingTab, Setting } = require(\"obsidian\");\\nconst AIRightPaneView = require(\".... onClose() {\\n    const { contentEl } = this;\\n    contentEl.empty();\\n  }\\n}\\n\\nmodule.exports = ObsidianAIAssistant;'\n=========================== short test summary info ===========================\nFAILED tests\\plugin\\test_plugin_functionality.py::TestPluginFunctionality::test_fetch_api_usage\n============================== 1 failed in 0.55s ==============================\n"
    },
    {
      "number": 238,
      "name": "TestVoiceModule::test_router_is_created",
      "status": "PASSED",
      "duration": 4.365113258361816,
      "file_path": "tests\\backend\\test_voice.py",
      "category": "Voice & Audio",
      "worker_id": "4",
      "error_message": null
    },
    {
      "number": 240,
      "name": "TestSecurity::test_decrypt_empty_bytes_returns_none",
      "status": "PASSED",
      "duration": 3.8233039379119873,
      "file_path": "tests\\backend\\test_security.py",
      "category": "Security & Config",
      "worker_id": "3",
      "error_message": null
    },
    {
      "number": 242,
      "name": "TestModelManagerInit::test_initialization_with_env_loading",
      "status": "PASSED",
      "duration": 3.5513176918029785,
      "file_path": "tests\\backend\\test_modelmanager_comprehensive.py",
      "category": "Model Management",
      "worker_id": "4",
      "error_message": null
    },
    {
      "number": 246,
      "name": "TestErrorHandlingAndRobustness::test_comprehensive_error_handling",
      "status": "PASSED",
      "duration": 1.9194972515106201,
      "file_path": "tests\\plugin\\test_plugin_functionality.py",
      "category": "Plugin System",
      "worker_id": "7",
      "error_message": null
    },
    {
      "number": 244,
      "name": "test_check_model_availability",
      "status": "PASSED",
      "duration": 3.5905942916870117,
      "file_path": "tests\\backend\\test_llm_router.py",
      "category": "LLM Router",
      "worker_id": "5",
      "error_message": null
    },
    {
      "number": 243,
      "name": "TestUtilityMethods::test_cache_file_creation",
      "status": "PASSED",
      "duration": 4.02944803237915,
      "file_path": "tests\\backend\\test_indexing_comprehensive.py",
      "category": "Embeddings & Search",
      "worker_id": "8",
      "error_message": null
    },
    {
      "number": 245,
      "name": "TestIndexingMethods::test_index_file_success",
      "status": "PASSED",
      "duration": 4.091792106628418,
      "file_path": "tests\\backend\\test_embeddings_comprehensive.py",
      "category": "Embeddings & Search",
      "worker_id": "7",
      "error_message": null
    },
    {
      "number": 249,
      "name": "TestMainPluginFile::test_backend_communication_setup",
      "status": "PASSED",
      "duration": 1.9366495609283447,
      "file_path": "tests\\plugin\\test_plugin_structure.py",
      "category": "Plugin System",
      "worker_id": "8",
      "error_message": null
    },
    {
      "number": 250,
      "name": "TestPluginFunctionality::test_notice_system_usage",
      "status": "PASSED",
      "duration": 1.9366545677185059,
      "file_path": "tests\\plugin\\test_plugin_functionality.py",
      "category": "Plugin System",
      "worker_id": "7",
      "error_message": null
    },
    {
      "number": 210,
      "name": "test_server_endpoints",
      "status": "PASSED",
      "duration": 22.707559823989868,
      "file_path": "tests\\test_plugin_python.py",
      "category": "Plugin System",
      "worker_id": "6",
      "error_message": null
    },
    {
      "number": 247,
      "name": "TestVoiceUtilities::test_model_path_default_value",
      "status": "PASSED",
      "duration": 4.570031404495239,
      "file_path": "tests\\backend\\test_voice.py",
      "category": "Voice & Audio",
      "worker_id": "4",
      "error_message": null
    },
    {
      "number": 248,
      "name": "TestSecurity::test_decrypt_data_uses_global_fernet",
      "status": "PASSED",
      "duration": 3.8045802116394043,
      "file_path": "tests\\backend\\test_security.py",
      "category": "Security & Config",
      "worker_id": "3",
      "error_message": null
    },
    {
      "number": 254,
      "name": "TestPluginStructure::test_essential_plugin_files_exist",
      "status": "PASSED",
      "duration": 1.976440668106079,
      "file_path": "tests\\plugin\\test_plugin_structure.py",
      "category": "Plugin System",
      "worker_id": "8",
      "error_message": null
    },
    {
      "number": 255,
      "name": "TestPluginFunctionality::test_user_interface_elements",
      "status": "PASSED",
      "duration": 2.0680558681488037,
      "file_path": "tests\\plugin\\test_plugin_functionality.py",
      "category": "Plugin System",
      "worker_id": "7",
      "error_message": null
    },
    {
      "number": 251,
      "name": "test_router_initialization_custom",
      "status": "PASSED",
      "duration": 3.807276964187622,
      "file_path": "tests\\backend\\test_llm_router.py",
      "category": "LLM Router",
      "worker_id": "5",
      "error_message": null
    },
    {
      "number": 256,
      "name": "test_configuration",
      "status": "PASSED",
      "duration": 2.375654458999634,
      "file_path": "tests\\integration\\test_enterprise_integration.py",
      "category": "Integration Tests",
      "worker_id": "1",
      "error_message": null
    },
    {
      "number": 252,
      "name": "TestPDFIndexing::test_extract_pdf_text_error",
      "status": "PASSED",
      "duration": 4.442118167877197,
      "file_path": "tests\\backend\\test_indexing_comprehensive.py",
      "category": "Embeddings & Search",
      "worker_id": "8",
      "error_message": null
    },
    {
      "number": 253,
      "name": "TestBatchOperations::test_add_documents_empty_chunks",
      "status": "PASSED",
      "duration": 4.404494047164917,
      "file_path": "tests\\backend\\test_embeddings_comprehensive.py",
      "category": "Embeddings & Search",
      "worker_id": "7",
      "error_message": null
    },
    {
      "number": 259,
      "name": "TestPluginModules::test_styles_css_exists",
      "status": "PASSED",
      "duration": 2.0669705867767334,
      "file_path": "tests\\plugin\\test_plugin_structure.py",
      "category": "Plugin System",
      "worker_id": "8",
      "error_message": null
    },
    {
      "number": 260,
      "name": "TestTaskQueueFunctionality::test_queue_operations",
      "status": "PASSED",
      "duration": 2.070467710494995,
      "file_path": "tests\\plugin\\test_plugin_functionality.py",
      "category": "Plugin System",
      "worker_id": "7",
      "error_message": null
    },
    {
      "number": 258,
      "name": "TestSecurity::test_key_consistency",
      "status": "PASSED",
      "duration": 4.142500400543213,
      "file_path": "tests\\backend\\test_security.py",
      "category": "Security & Config",
      "worker_id": "3",
      "error_message": null
    },
    {
      "number": 262,
      "name": "test_plugin_files",
      "status": "PASSED",
      "duration": 2.7465786933898926,
      "file_path": "tests\\integration\\test_enterprise_integration.py",
      "category": "Integration Tests",
      "worker_id": "1",
      "error_message": null
    },
    {
      "number": 257,
      "name": "TestVoiceTranscription::test_client",
      "status": "FAILED",
      "duration": 4.803843021392822,
      "file_path": "tests\\backend\\test_voice.py",
      "category": "Voice & Audio",
      "worker_id": "4",
      "error_message": "============================= test session starts =============================\nplatform win32 -- Python 3.11.9, pytest-8.4.2, pluggy-1.6.0\nrootdir: C:\\Users\\kdejo\\DEV\\obsidian-llm-assistant\\obsidian-AI-assistant\\tests\nconfigfile: pytest.ini\nplugins: anyio-4.11.0, asyncio-1.2.0, cov-7.0.0\nasyncio: mode=Mode.STRICT, debug=False, asyncio_default_fixture_loop_scope=None, asyncio_default_test_loop_scope=function\ncollected 0 items\n\n============================ no tests ran in 2.52s ============================\nERROR: not found: C:\\Users\\kdejo\\DEV\\obsidian-llm-assistant\\obsidian-AI-assistant\\tests\\backend\\test_voice.py::TestVoiceTranscription::test_client\n(no match in any of [<Class TestVoiceTranscription>])\n\n"
    },
    {
      "number": 265,
      "name": "TestPluginStructure::test_main_js_exists",
      "status": "PASSED",
      "duration": 2.2570981979370117,
      "file_path": "tests\\plugin\\test_plugin_structure.py",
      "category": "Plugin System",
      "worker_id": "8",
      "error_message": null
    },
    {
      "number": 266,
      "name": "TestTaskQueueFunctionality::test_task_processing",
      "status": "PASSED",
      "duration": 2.5616652965545654,
      "file_path": "tests\\plugin\\test_plugin_functionality.py",
      "category": "Plugin System",
      "worker_id": "7",
      "error_message": null
    },
    {
      "number": 261,
      "name": "TestLLMRouterIntegration::test_full_conversation_workflow",
      "status": "PASSED",
      "duration": 4.464997291564941,
      "file_path": "tests\\backend\\test_llm_router.py",
      "category": "LLM Router",
      "worker_id": "5",
      "error_message": null
    },
    {
      "number": 263,
      "name": "TestPDFIndexing::test_index_pdf_extraction_error",
      "status": "PASSED",
      "duration": 4.949059963226318,
      "file_path": "tests\\backend\\test_indexing_comprehensive.py",
      "category": "Embeddings & Search",
      "worker_id": "8",
      "error_message": null
    },
    {
      "number": 264,
      "name": "TestDatabaseOperations::test_clear_collection_alias",
      "status": "PASSED",
      "duration": 5.206061363220215,
      "file_path": "tests\\backend\\test_embeddings_comprehensive.py",
      "category": "Embeddings & Search",
      "worker_id": "7",
      "error_message": null
    },
    {
      "number": 268,
      "name": "test_enterprise_imports",
      "status": "PASSED",
      "duration": 3.1532814502716064,
      "file_path": "tests\\integration\\test_enterprise_integration.py",
      "category": "Integration Tests",
      "worker_id": "1",
      "error_message": null
    },
    {
      "number": 270,
      "name": "TestPluginModules::test_task_queue_structure",
      "status": "PASSED",
      "duration": 2.6704742908477783,
      "file_path": "tests\\plugin\\test_plugin_structure.py",
      "category": "Plugin System",
      "worker_id": "8",
      "error_message": null
    },
    {
      "number": 271,
      "name": "TestAnalyticsFunctionality::test_analytics_data_handling",
      "status": "PASSED",
      "duration": 2.5646626949310303,
      "file_path": "tests\\plugin\\test_plugin_functionality.py",
      "category": "Plugin System",
      "worker_id": "7",
      "error_message": null
    },
    {
      "number": 267,
      "name": "TestSecurity::test_encrypt_data_unicode_characters",
      "status": "PASSED",
      "duration": 4.924267768859863,
      "file_path": "tests\\backend\\test_security.py",
      "category": "Security & Config",
      "worker_id": "3",
      "error_message": null
    },
    {
      "number": 272,
      "name": "test_router_initialization_defaults",
      "status": "PASSED",
      "duration": 4.718774080276489,
      "file_path": "tests\\backend\\test_llm_router.py",
      "category": "LLM Router",
      "worker_id": "5",
      "error_message": null
    },
    {
      "number": 275,
      "name": "test_enterprise_classes",
      "status": "PASSED",
      "duration": 2.9566099643707275,
      "file_path": "tests\\integration\\test_enterprise_integration.py",
      "category": "Integration Tests",
      "worker_id": "1",
      "error_message": null
    },
    {
      "number": 276,
      "name": "TestPluginModules::test_analytics_pane_structure",
      "status": "PASSED",
      "duration": 2.706946849822998,
      "file_path": "tests\\plugin\\test_plugin_structure.py",
      "category": "Plugin System",
      "worker_id": "8",
      "error_message": null
    },
    {
      "number": 277,
      "name": "TestPluginFunctionality::test_backend_health_check_functionality",
      "status": "PASSED",
      "duration": 2.6300694942474365,
      "file_path": "tests\\plugin\\test_plugin_functionality.py",
      "category": "Plugin System",
      "worker_id": "7",
      "error_message": null
    },
    {
      "number": 269,
      "name": "TestVoiceTranscription::test_voice_transcribe_success",
      "status": "PASSED",
      "duration": 6.365023851394653,
      "file_path": "tests\\backend\\test_voice.py",
      "category": "Voice & Audio",
      "worker_id": "4",
      "error_message": null
    },
    {
      "number": 273,
      "name": "TestWebPageIndexing::test_index_web_page_fetch_failure",
      "status": "PASSED",
      "duration": 4.904394149780273,
      "file_path": "tests\\backend\\test_indexing_comprehensive.py",
      "category": "Embeddings & Search",
      "worker_id": "8",
      "error_message": null
    },
    {
      "number": 274,
      "name": "TestEmbeddingsFromSettings::test_from_settings_with_failure",
      "status": "PASSED",
      "duration": 5.019886255264282,
      "file_path": "tests\\backend\\test_embeddings_comprehensive.py",
      "category": "Embeddings & Search",
      "worker_id": "7",
      "error_message": null
    },
    {
      "number": 281,
      "name": "TestMainPluginFile::test_plugin_class_structure",
      "status": "PASSED",
      "duration": 1.9177801609039307,
      "file_path": "tests\\plugin\\test_plugin_structure.py",
      "category": "Plugin System",
      "worker_id": "8",
      "error_message": null
    },
    {
      "number": 280,
      "name": "test_css_styles",
      "status": "PASSED",
      "duration": 2.3657031059265137,
      "file_path": "tests\\integration\\test_enterprise_integration.py",
      "category": "Integration Tests",
      "worker_id": "1",
      "error_message": null
    },
    {
      "number": 282,
      "name": "TestVoiceFunctionality::test_audio_recording_setup",
      "status": "PASSED",
      "duration": 2.027158737182617,
      "file_path": "tests\\plugin\\test_plugin_functionality.py",
      "category": "Plugin System",
      "worker_id": "7",
      "error_message": null
    },
    {
      "number": 278,
      "name": "TestSecurity::test_key_is_valid_format",
      "status": "PASSED",
      "duration": 4.334321022033691,
      "file_path": "tests\\backend\\test_security.py",
      "category": "Security & Config",
      "worker_id": "3",
      "error_message": null
    },
    {
      "number": 279,
      "name": "test_model_loading_file_not_exists",
      "status": "PASSED",
      "duration": 3.927365779876709,
      "file_path": "tests\\backend\\test_llm_router.py",
      "category": "LLM Router",
      "worker_id": "5",
      "error_message": null
    },
    {
      "number": 286,
      "name": "TestMainPluginFile::test_default_settings_defined",
      "status": "PASSED",
      "duration": 2.061739683151245,
      "file_path": "tests\\plugin\\test_plugin_structure.py",
      "category": "Plugin System",
      "worker_id": "8",
      "error_message": null
    },
    {
      "number": 283,
      "name": "TestVoiceTranscription::test_voice_transcribe_invalid_sample_width",
      "status": "PASSED",
      "duration": 4.541738510131836,
      "file_path": "tests\\backend\\test_voice.py",
      "category": "Voice & Audio",
      "worker_id": "4",
      "error_message": null
    },
    {
      "number": 287,
      "name": "test_backend_modules",
      "status": "PASSED",
      "duration": 2.6384220123291016,
      "file_path": "tests\\integration\\test_enterprise_integration.py",
      "category": "Integration Tests",
      "worker_id": "1",
      "error_message": null
    },
    {
      "number": 284,
      "name": "TestWebContentFetching::test_fetch_web_content_request_timeout",
      "status": "PASSED",
      "duration": 4.579509496688843,
      "file_path": "tests\\backend\\test_indexing_comprehensive.py",
      "category": "Embeddings & Search",
      "worker_id": "8",
      "error_message": null
    },
    {
      "number": 285,
      "name": "TestEmbeddingOperations::test_add_embedding_success",
      "status": "PASSED",
      "duration": 4.50655198097229,
      "file_path": "tests\\backend\\test_embeddings_comprehensive.py",
      "category": "Embeddings & Search",
      "worker_id": "7",
      "error_message": null
    },
    {
      "number": 291,
      "name": "TestPluginConfiguration::test_no_sensitive_data_in_files",
      "status": "FAILED",
      "duration": 2.6663999557495117,
      "file_path": "tests\\plugin\\test_plugin_structure.py",
      "category": "Plugin System",
      "worker_id": "8",
      "error_message": "============================= test session starts =============================\nplatform win32 -- Python 3.11.9, pytest-8.4.2, pluggy-1.6.0\nrootdir: C:\\Users\\kdejo\\DEV\\obsidian-llm-assistant\\obsidian-AI-assistant\\tests\nconfigfile: pytest.ini\nplugins: anyio-4.11.0, asyncio-1.2.0, cov-7.0.0\nasyncio: mode=Mode.STRICT, debug=False, asyncio_default_fixture_loop_scope=None, asyncio_default_test_loop_scope=function\ncollected 1 item\n\ntests\\plugin\\test_plugin_structure.py F                                  [100%]\n\n================================== FAILURES ===================================\n___________ TestPluginConfiguration.test_no_sensitive_data_in_files ___________\ntests\\plugin\\test_plugin_structure.py:304: in test_no_sensitive_data_in_files\n    assert not matches, \\\nE   AssertionError: Found potential sensitive data in enterpriseAuth.js: [\"token:', error);\\n            await this.clearAuth();\\n            return false;\\n        }\\n    }\\n\\n    startTokenRefresh() {\\n        if (this.refreshTimer) {\\n            clearTimeout(this.refreshTimer);\\n        }\\n        \\n        if (!this.tokenExpiry) return;\\n        \\n        // Refresh token 5 minutes before expiry\\n        const refreshTime = this.tokenExpiry.getTime() - Date.now() - (5 * 60 * 1000);\\n        \\n        if (refreshTime > 0) {\\n            this.refreshTimer = setTimeout(async () => {\\n                await this.refreshAuthToken();\\n            }, refreshTime);\\n        }\\n    }\\n\\n    async getAvailableProviders() {\\n        try {\\n            const response = await this.backendClient.request('\"]\nE   assert not [\"token:', error);\\n            await this.clearAuth();\\n            return false;\\n        }\\n    }\\n\\n    startToken...\\n    async getAvailableProviders() {\\n        try {\\n            const response = await this.backendClient.request('\"]\n=========================== short test summary info ===========================\nFAILED tests\\plugin\\test_plugin_structure.py::TestPluginConfiguration::test_no_sensitive_data_in_files\n============================== 1 failed in 0.60s ==============================\n"
    },
    {
      "number": 289,
      "name": "TestSecurity::test_decrypt_invalid_data_returns_none",
      "status": "PASSED",
      "duration": 4.348126411437988,
      "file_path": "tests\\backend\\test_security.py",
      "category": "Security & Config",
      "worker_id": "3",
      "error_message": null
    },
    {
      "number": 293,
      "name": "test_plugin_integration",
      "status": "PASSED",
      "duration": 2.810711145401001,
      "file_path": "tests\\integration\\test_enterprise_integration.py",
      "category": "Integration Tests",
      "worker_id": "1",
      "error_message": null
    },
    {
      "number": 290,
      "name": "test_generate_without_memory",
      "status": "PASSED",
      "duration": 4.431765079498291,
      "file_path": "tests\\backend\\test_llm_router.py",
      "category": "LLM Router",
      "worker_id": "5",
      "error_message": null
    },
    {
      "number": 296,
      "name": "TestMainPluginFile::test_modal_classes_defined",
      "status": "PASSED",
      "duration": 2.365278720855713,
      "file_path": "tests\\plugin\\test_plugin_structure.py",
      "category": "Plugin System",
      "worker_id": "8",
      "error_message": null
    },
    {
      "number": 292,
      "name": "TestVoiceErrorHandling::test_file_read_error",
      "status": "PASSED",
      "duration": 4.999109506607056,
      "file_path": "tests\\backend\\test_voice.py",
      "category": "Voice & Audio",
      "worker_id": "4",
      "error_message": null
    },
    {
      "number": 294,
      "name": "TestIndexingService::test_from_settings_embeddings_fallback",
      "status": "PASSED",
      "duration": 4.742075443267822,
      "file_path": "tests\\backend\\test_indexing_comprehensive.py",
      "category": "Embeddings & Search",
      "worker_id": "8",
      "error_message": null
    },
    {
      "number": 300,
      "name": "TestPluginModules::test_voice_modules_structure",
      "status": "PASSED",
      "duration": 2.0051910877227783,
      "file_path": "tests\\plugin\\test_plugin_structure.py",
      "category": "Plugin System",
      "worker_id": "8",
      "error_message": null
    },
    {
      "number": 297,
      "name": "TestSecurity::test_encrypt_decrypt_roundtrip",
      "status": "PASSED",
      "duration": 4.14420485496521,
      "file_path": "tests\\backend\\test_security.py",
      "category": "Security & Config",
      "worker_id": "3",
      "error_message": null
    },
    {
      "number": 299,
      "name": "test_model_selection_based_on_prompt_length",
      "status": "PASSED",
      "duration": 3.861605167388916,
      "file_path": "tests\\backend\\test_llm_router.py",
      "category": "LLM Router",
      "worker_id": "5",
      "error_message": null
    },
    {
      "number": 288,
      "name": "TestCrossServiceCommunication::test_cache_invalidation_on_reindex",
      "status": "FAILED",
      "duration": 10.25127649307251,
      "file_path": "tests\\integration\\test_service_integration.py",
      "category": "Integration Tests",
      "worker_id": "2",
      "error_message": "============================= test session starts =============================\nplatform win32 -- Python 3.11.9, pytest-8.4.2, pluggy-1.6.0\nrootdir: C:\\Users\\kdejo\\DEV\\obsidian-llm-assistant\\obsidian-AI-assistant\\tests\nconfigfile: pytest.ini\nplugins: anyio-4.11.0, asyncio-1.2.0, cov-7.0.0\nasyncio: mode=Mode.STRICT, debug=False, asyncio_default_fixture_loop_scope=None, asyncio_default_test_loop_scope=function\ncollected 1 item\n\ntests\\integration\\test_service_integration.py F                          [100%]\n\n================================== FAILURES ===================================\n______ TestCrossServiceCommunication.test_cache_invalidation_on_reindex _______\ntests\\integration\\test_service_integration.py:269: in test_cache_invalidation_on_reindex\n    response = await client.post(\"/api/reindex\", json=request_data)\n               ^^^^^^^^^^^^^^^^^^^^^^^^^^^^^^^^^^^^^^^^^^^^^^^^^^^^\nE   TypeError: object Response can't be used in 'await' expression\n============================== warnings summary ===============================\n..\\..\\..\\AppData\\Local\\Packages\\PythonSoftwareFoundation.Python.3.11_qbz5n2kfra8p0\\LocalCache\\local-packages\\Python311\\site-packages\\PyPDF2\\__init__.py:21\n  C:\\Users\\kdejo\\AppData\\Local\\Packages\\PythonSoftwareFoundation.Python.3.11_qbz5n2kfra8p0\\LocalCache\\local-packages\\Python311\\site-packages\\PyPDF2\\__init__.py:21: DeprecationWarning: PyPDF2 is deprecated. Please move to the pypdf library instead.\n    warnings.warn(\n\n-- Docs: https://docs.pytest.org/en/stable/how-to/capture-warnings.html\n=========================== short test summary info ===========================\nFAILED tests\\integration\\test_service_integration.py::TestCrossServiceCommunication::test_cache_invalidation_on_reindex\n======================== 1 failed, 1 warning in 7.71s =========================\n"
    },
    {
      "number": 303,
      "name": "TestPluginConfiguration::test_config_template_exists",
      "status": "PASSED",
      "duration": 1.927908182144165,
      "file_path": "tests\\plugin\\test_plugin_structure.py",
      "category": "Plugin System",
      "worker_id": "8",
      "error_message": null
    },
    {
      "number": 301,
      "name": "TestVoiceTranscription::test_voice_transcribe_invalid_sample_rate",
      "status": "PASSED",
      "duration": 4.483910322189331,
      "file_path": "tests\\backend\\test_voice.py",
      "category": "Voice & Audio",
      "worker_id": "4",
      "error_message": null
    },
    {
      "number": 307,
      "name": "TestPluginStructure::test_manifest_exists_and_valid",
      "status": "PASSED",
      "duration": 1.8338415622711182,
      "file_path": "tests\\plugin\\test_plugin_structure.py",
      "category": "Plugin System",
      "worker_id": "8",
      "error_message": null
    },
    {
      "number": 302,
      "name": "TestPDFProcessing::test_read_pdf_success_multiple_pages",
      "status": "PASSED",
      "duration": 4.390983581542969,
      "file_path": "tests\\backend\\test_indexing_comprehensive.py",
      "category": "Embeddings & Search",
      "worker_id": "8",
      "error_message": null
    },
    {
      "number": 304,
      "name": "TestSecurity::test_decrypt_data_input_type_validation",
      "status": "PASSED",
      "duration": 3.8542001247406006,
      "file_path": "tests\\backend\\test_security.py",
      "category": "Security & Config",
      "worker_id": "3",
      "error_message": null
    },
    {
      "number": 298,
      "name": "test_large_vault_indexing_scenario",
      "status": "FAILED",
      "duration": 8.084099531173706,
      "file_path": "tests\\integration\\test_full_workflow.py",
      "category": "Integration Tests",
      "worker_id": "4",
      "error_message": "============================= test session starts =============================\nplatform win32 -- Python 3.11.9, pytest-8.4.2, pluggy-1.6.0\nrootdir: C:\\Users\\kdejo\\DEV\\obsidian-llm-assistant\\obsidian-AI-assistant\\tests\nconfigfile: pytest.ini\nplugins: anyio-4.11.0, asyncio-1.2.0, cov-7.0.0\nasyncio: mode=Mode.STRICT, debug=False, asyncio_default_fixture_loop_scope=None, asyncio_default_test_loop_scope=function\ncollected 0 items\n\n============================== warnings summary ===============================\n..\\..\\..\\AppData\\Local\\Packages\\PythonSoftwareFoundation.Python.3.11_qbz5n2kfra8p0\\LocalCache\\local-packages\\Python311\\site-packages\\PyPDF2\\__init__.py:21\n  C:\\Users\\kdejo\\AppData\\Local\\Packages\\PythonSoftwareFoundation.Python.3.11_qbz5n2kfra8p0\\LocalCache\\local-packages\\Python311\\site-packages\\PyPDF2\\__init__.py:21: DeprecationWarning: PyPDF2 is deprecated. Please move to the pypdf library instead.\n    warnings.warn(\n\n-- Docs: https://docs.pytest.org/en/stable/how-to/capture-warnings.html\n============================= 1 warning in 5.33s ==============================\nERROR: not found: C:\\Users\\kdejo\\DEV\\obsidian-llm-assistant\\obsidian-AI-assistant\\tests\\integration\\test_full_workflow.py::test_large_vault_indexing_scenario\n(no match in any of [<Module test_full_workflow.py>])\n\n"
    },
    {
      "number": 305,
      "name": "test_generate_with_gpt4all_not_preferred_fast",
      "status": "PASSED",
      "duration": 3.8625986576080322,
      "file_path": "tests\\backend\\test_llm_router.py",
      "category": "LLM Router",
      "worker_id": "5",
      "error_message": null
    },
    {
      "number": 295,
      "name": "TestCompleteWorkflows::test_power_user_workflow",
      "status": "FAILED",
      "duration": 10.311117887496948,
      "file_path": "tests\\integration\\test_e2e_workflows.py",
      "category": "Integration Tests",
      "worker_id": "3",
      "error_message": "============================= test session starts =============================\nplatform win32 -- Python 3.11.9, pytest-8.4.2, pluggy-1.6.0\nrootdir: C:\\Users\\kdejo\\DEV\\obsidian-llm-assistant\\obsidian-AI-assistant\\tests\nconfigfile: pytest.ini\nplugins: anyio-4.11.0, asyncio-1.2.0, cov-7.0.0\nasyncio: mode=Mode.STRICT, debug=False, asyncio_default_fixture_loop_scope=None, asyncio_default_test_loop_scope=function\ncollected 1 item\n\ntests\\integration\\test_e2e_workflows.py F                                [100%]\n\n================================== FAILURES ===================================\n_______________ TestCompleteWorkflows.test_power_user_workflow ________________\ntests\\integration\\test_e2e_workflows.py:94: in test_power_user_workflow\n    baseline = response.json([\"metrics\"])\n               ^^^^^^^^^^^^^^^^^^^^^^^^^^\nE   TypeError: Response.json() takes 1 positional argument but 2 were given\n---------------------------- Captured stdout setup ----------------------------\nEnterprise features not available: No module named 'jwt'\n[Performance] Initialized connection pools (task queue will start on first async call)\n[ModelManager] Warning: .env not found, relying on system env vars.\n[ModelManager] Warning: No Hugging Face token provided or found in environment!\n[ModelManager] Warning: models.txt not found. No models loaded.\n[ModelManager] No models available at all!\n----------------------------- Captured log setup ------------------------------\nERROR    chromadb.telemetry.product.posthog:posthog.py:61 Failed to send telemetry event ClientStartEvent: capture() takes 1 positional argument but 3 were given\nERROR    chromadb.telemetry.product.posthog:posthog.py:61 Failed to send telemetry event ClientCreateCollectionEvent: capture() takes 1 positional argument but 3 were given\nERROR    chromadb.telemetry.product.posthog:posthog.py:61 Failed to send telemetry event ClientStartEvent: capture() takes 1 positional argument but 3 were given\nERROR    chromadb.telemetry.product.posthog:posthog.py:61 Failed to send telemetry event ClientCreateCollectionEvent: capture() takes 1 positional argument but 3 were given\n============================== warnings summary ===============================\nintegration/test_e2e_workflows.py::TestCompleteWorkflows::test_power_user_workflow\n  C:\\Users\\kdejo\\AppData\\Local\\Packages\\PythonSoftwareFoundation.Python.3.11_qbz5n2kfra8p0\\LocalCache\\local-packages\\Python311\\site-packages\\PyPDF2\\__init__.py:21: DeprecationWarning: PyPDF2 is deprecated. Please move to the pypdf library instead.\n    warnings.warn(\n\n-- Docs: https://docs.pytest.org/en/stable/how-to/capture-warnings.html\n=========================== short test summary info ===========================\nFAILED tests\\integration\\test_e2e_workflows.py::TestCompleteWorkflows::test_power_user_workflow\n======================== 1 failed, 1 warning in 7.40s =========================\n"
    },
    {
      "number": 309,
      "name": "TestMainPluginFile::test_settings_tab_structure",
      "status": "PASSED",
      "duration": 2.09135103225708,
      "file_path": "tests\\plugin\\test_plugin_structure.py",
      "category": "Plugin System",
      "worker_id": "8",
      "error_message": null
    },
    {
      "number": 308,
      "name": "TestVoiceUtilities::test_recognizer_initialization_with_different_sample_rates",
      "status": "PASSED",
      "duration": 4.684548854827881,
      "file_path": "tests\\backend\\test_voice.py",
      "category": "Voice & Audio",
      "worker_id": "4",
      "error_message": null
    },
    {
      "number": 310,
      "name": "TestPDFProcessing::test_read_pdf_file_not_exists",
      "status": "PASSED",
      "duration": 4.054786205291748,
      "file_path": "tests\\backend\\test_indexing_comprehensive.py",
      "category": "Embeddings & Search",
      "worker_id": "8",
      "error_message": null
    },
    {
      "number": 313,
      "name": "test_generate_with_session_memory",
      "status": "PASSED",
      "duration": 3.799293041229248,
      "file_path": "tests\\backend\\test_llm_router.py",
      "category": "LLM Router",
      "worker_id": "5",
      "error_message": null
    },
    {
      "number": 306,
      "name": "TestServiceInitialization::test_service_dependency_injection",
      "status": "PASSED",
      "duration": 8.148994207382202,
      "file_path": "tests\\integration\\test_service_integration.py",
      "category": "Integration Tests",
      "worker_id": "2",
      "error_message": null
    },
    {
      "number": 311,
      "name": "TestBackendServiceAccess::test_settings_access",
      "status": "PASSED",
      "duration": 7.801221132278442,
      "file_path": "tests\\integration\\test_backend_integration.py",
      "category": "Integration Tests",
      "worker_id": "5",
      "error_message": null
    },
    {
      "number": 317,
      "name": "TestPDFProcessing::test_read_pdf_success_single_page",
      "status": "PASSED",
      "duration": 4.300951957702637,
      "file_path": "tests\\backend\\test_indexing_comprehensive.py",
      "category": "Embeddings & Search",
      "worker_id": "8",
      "error_message": null
    },
    {
      "number": 316,
      "name": "TestVoiceTranscription::test_voice_transcribe_invalid_audio_format",
      "status": "PASSED",
      "duration": 4.752134561538696,
      "file_path": "tests\\backend\\test_voice.py",
      "category": "Voice & Audio",
      "worker_id": "4",
      "error_message": null
    },
    {
      "number": 315,
      "name": "TestCORSIntegration::test_cors_preflight_request",
      "status": "PASSED",
      "duration": 7.836090087890625,
      "file_path": "tests\\integration\\test_api_integration.py",
      "category": "Integration Tests",
      "worker_id": "6",
      "error_message": null
    },
    {
      "number": 314,
      "name": "TestPerformanceBenchmarks::test_performance_metrics",
      "status": "PASSED",
      "duration": 8.150969505310059,
      "file_path": "tests\\integration\\test_e2e_workflows.py",
      "category": "Integration Tests",
      "worker_id": "3",
      "error_message": null
    },
    {
      "number": 312,
      "name": "TestPerformanceAndLimits::test_concurrent_requests_handling",
      "status": "FAILED",
      "duration": 9.902318477630615,
      "file_path": "tests\\integration\\test_full_workflow.py",
      "category": "Integration Tests",
      "worker_id": "4",
      "error_message": "============================= test session starts =============================\nplatform win32 -- Python 3.11.9, pytest-8.4.2, pluggy-1.6.0\nrootdir: C:\\Users\\kdejo\\DEV\\obsidian-llm-assistant\\obsidian-AI-assistant\\tests\nconfigfile: pytest.ini\nplugins: anyio-4.11.0, asyncio-1.2.0, cov-7.0.0\nasyncio: mode=Mode.STRICT, debug=False, asyncio_default_fixture_loop_scope=None, asyncio_default_test_loop_scope=function\ncollected 1 item\n\ntests\\integration\\test_full_workflow.py F                                [100%]\n\n================================== FAILURES ===================================\n_________ TestPerformanceAndLimits.test_concurrent_requests_handling __________\ntests\\integration\\test_full_workflow.py:428: in test_concurrent_requests_handling\n    assert r.status_code == 200\nE   assert 500 == 200\nE    +  where 500 = <Response [500 Internal Server Error]>.status_code\n---------------------------- Captured stdout call -----------------------------\n[Performance] Initialized connection pools (task queue will start on first async call)\n[ModelManager] Warning: .env not found, relying on system env vars.\n[ModelManager] Warning: No Hugging Face token provided or found in environment!\n[ModelManager] Warning: models.txt not found. No models loaded.\n[ModelManager] No models available at all!\n[_ask_impl] Error generating answer: Model unavailable\n[_ask_impl] Error generating answer: Model unavailable\n[_ask_impl] Error generating answer: Model unavailable\n[_ask_impl] Error generating answer: Model unavailable\n[_ask_impl] Error generating answer: Model unavailable\n------------------------------ Captured log call ------------------------------\nERROR    chromadb.telemetry.product.posthog:posthog.py:61 Failed to send telemetry event ClientStartEvent: capture() takes 1 positional argument but 3 were given\nERROR    chromadb.telemetry.product.posthog:posthog.py:61 Failed to send telemetry event ClientCreateCollectionEvent: capture() takes 1 positional argument but 3 were given\nERROR    chromadb.telemetry.product.posthog:posthog.py:61 Failed to send telemetry event ClientStartEvent: capture() takes 1 positional argument but 3 were given\nERROR    chromadb.telemetry.product.posthog:posthog.py:61 Failed to send telemetry event ClientCreateCollectionEvent: capture() takes 1 positional argument but 3 were given\nERROR    backend.utils:utils.py:14 [HybridLLMRouter] Error during generation\nTraceback (most recent call last):\n  File \"C:\\Users\\kdejo\\DEV\\obsidian-llm-assistant\\obsidian-AI-assistant\\backend\\utils.py\", line 10, in safe_call\n    return fn(*args, **kwargs)\n           ^^^^^^^^^^^^^^^^^^^\n  File \"C:\\Users\\kdejo\\DEV\\obsidian-llm-assistant\\obsidian-AI-assistant\\backend\\llm_router.py\", line 126, in do_generate\n    self.llama = Llama(model_path=self._llama_model_path, n_ctx=2048, n_threads=4)\n                 ^^^^^^^^^^^^^^^^^^^^^^^^^^^^^^^^^^^^^^^^^^^^^^^^^^^^^^^^^^^^^^^^^\n  File \"C:\\Users\\kdejo\\AppData\\Local\\Packages\\PythonSoftwareFoundation.Python.3.11_qbz5n2kfra8p0\\LocalCache\\local-packages\\Python311\\site-packages\\llama_cpp\\llama.py\", line 370, in __init__\n    raise ValueError(f\"Model path does not exist: {model_path}\")\nValueError: Model path does not exist: models/llama-7b-q4.bin\nERROR    backend.utils:utils.py:14 [HybridLLMRouter] Error during generation\nTraceback (most recent call last):\n  File \"C:\\Users\\kdejo\\DEV\\obsidian-llm-assistant\\obsidian-AI-assistant\\backend\\utils.py\", line 10, in safe_call\n    return fn(*args, **kwargs)\n           ^^^^^^^^^^^^^^^^^^^\n  File \"C:\\Users\\kdejo\\DEV\\obsidian-llm-assistant\\obsidian-AI-assistant\\backend\\llm_router.py\", line 126, in do_generate\n    self.llama = Llama(model_path=self._llama_model_path, n_ctx=2048, n_threads=4)\n                 ^^^^^^^^^^^^^^^^^^^^^^^^^^^^^^^^^^^^^^^^^^^^^^^^^^^^^^^^^^^^^^^^^\n  File \"C:\\Users\\kdejo\\AppData\\Local\\Packages\\PythonSoftwareFoundation.Python.3.11_qbz5n2kfra8p0\\LocalCache\\local-packages\\Python311\\site-packages\\llama_cpp\\llama.py\", line 370, in __init__\n    raise ValueError(f\"Model path does not exist: {model_path}\")\nValueError: Model path does not exist: models/llama-7b-q4.bin\nERROR    backend.utils:utils.py:14 [HybridLLMRouter] Error during generation\nTraceback (most recent call last):\n  File \"C:\\Users\\kdejo\\DEV\\obsidian-llm-assistant\\obsidian-AI-assistant\\backend\\utils.py\", line 10, in safe_call\n    return fn(*args, **kwargs)\n           ^^^^^^^^^^^^^^^^^^^\n  File \"C:\\Users\\kdejo\\DEV\\obsidian-llm-assistant\\obsidian-AI-assistant\\backend\\llm_router.py\", line 126, in do_generate\n    self.llama = Llama(model_path=self._llama_model_path, n_ctx=2048, n_threads=4)\n                 ^^^^^^^^^^^^^^^^^^^^^^^^^^^^^^^^^^^^^^^^^^^^^^^^^^^^^^^^^^^^^^^^^\n  File \"C:\\Users\\kdejo\\AppData\\Local\\Packages\\PythonSoftwareFoundation.Python.3.11_qbz5n2kfra8p0\\LocalCache\\local-packages\\Python311\\site-packages\\llama_cpp\\llama.py\", line 370, in __init__\n    raise ValueError(f\"Model path does not exist: {model_path}\")\nValueError: Model path does not exist: models/llama-7b-q4.bin\nERROR    backend.utils:utils.py:14 [HybridLLMRouter] Error during generation\nTraceback (most recent call last):\n  File \"C:\\Users\\kdejo\\DEV\\obsidian-llm-assistant\\obsidian-AI-assistant\\backend\\utils.py\", line 10, in safe_call\n    return fn(*args, **kwargs)\n           ^^^^^^^^^^^^^^^^^^^\n  File \"C:\\Users\\kdejo\\DEV\\obsidian-llm-assistant\\obsidian-AI-assistant\\backend\\llm_router.py\", line 126, in do_generate\n    self.llama = Llama(model_path=self._llama_model_path, n_ctx=2048, n_threads=4)\n                 ^^^^^^^^^^^^^^^^^^^^^^^^^^^^^^^^^^^^^^^^^^^^^^^^^^^^^^^^^^^^^^^^^\n  File \"C:\\Users\\kdejo\\AppData\\Local\\Packages\\PythonSoftwareFoundation.Python.3.11_qbz5n2kfra8p0\\LocalCache\\local-packages\\Python311\\site-packages\\llama_cpp\\llama.py\", line 370, in __init__\n    raise ValueError(f\"Model path does not exist: {model_path}\")\nValueError: Model path does not exist: models/llama-7b-q4.bin\nERROR    backend.utils:utils.py:14 [HybridLLMRouter] Error during generation\nTraceback (most recent call last):\n  File \"C:\\Users\\kdejo\\DEV\\obsidian-llm-assistant\\obsidian-AI-assistant\\backend\\utils.py\", line 10, in safe_call\n    return fn(*args, **kwargs)\n           ^^^^^^^^^^^^^^^^^^^\n  File \"C:\\Users\\kdejo\\DEV\\obsidian-llm-assistant\\obsidian-AI-assistant\\backend\\llm_router.py\", line 126, in do_generate\n    self.llama = Llama(model_path=self._llama_model_path, n_ctx=2048, n_threads=4)\n                 ^^^^^^^^^^^^^^^^^^^^^^^^^^^^^^^^^^^^^^^^^^^^^^^^^^^^^^^^^^^^^^^^^\n  File \"C:\\Users\\kdejo\\AppData\\Local\\Packages\\PythonSoftwareFoundation.Python.3.11_qbz5n2kfra8p0\\LocalCache\\local-packages\\Python311\\site-packages\\llama_cpp\\llama.py\", line 370, in __init__\n    raise ValueError(f\"Model path does not exist: {model_path}\")\nValueError: Model path does not exist: models/llama-7b-q4.bin\n============================== warnings summary ===============================\n..\\..\\..\\AppData\\Local\\Packages\\PythonSoftwareFoundation.Python.3.11_qbz5n2kfra8p0\\LocalCache\\local-packages\\Python311\\site-packages\\PyPDF2\\__init__.py:21\n  C:\\Users\\kdejo\\AppData\\Local\\Packages\\PythonSoftwareFoundation.Python.3.11_qbz5n2kfra8p0\\LocalCache\\local-packages\\Python311\\site-packages\\PyPDF2\\__init__.py:21: DeprecationWarning: PyPDF2 is deprecated. Please move to the pypdf library instead.\n    warnings.warn(\n\n-- Docs: https://docs.pytest.org/en/stable/how-to/capture-warnings.html\n=========================== short test summary info ===========================\nFAILED tests\\integration\\test_full_workflow.py::TestPerformanceAndLimits::test_concurrent_requests_handling\n======================== 1 failed, 1 warning in 7.26s =========================\n"
    },
    {
      "number": 321,
      "name": "TestVaultIndexing::test_reindex_nonexistent_directory",
      "status": "PASSED",
      "duration": 4.011870861053467,
      "file_path": "tests\\backend\\test_indexing_comprehensive.py",
      "category": "Embeddings & Search",
      "worker_id": "8",
      "error_message": null
    },
    {
      "number": 318,
      "name": "TestCachedDecorator::test_sync_function_caching",
      "status": "PASSED",
      "duration": 7.897970199584961,
      "file_path": "tests\\test_performance.py",
      "category": "Performance Tests",
      "worker_id": "7",
      "error_message": null
    },
    {
      "number": 319,
      "name": "TestConfigurationIntegration::test_settings_propagation_to_services",
      "status": "FAILED",
      "duration": 9.688692092895508,
      "file_path": "tests\\integration\\test_service_integration.py",
      "category": "Integration Tests",
      "worker_id": "2",
      "error_message": "============================= test session starts =============================\nplatform win32 -- Python 3.11.9, pytest-8.4.2, pluggy-1.6.0\nrootdir: C:\\Users\\kdejo\\DEV\\obsidian-llm-assistant\\obsidian-AI-assistant\\tests\nconfigfile: pytest.ini\nplugins: anyio-4.11.0, asyncio-1.2.0, cov-7.0.0\nasyncio: mode=Mode.STRICT, debug=False, asyncio_default_fixture_loop_scope=None, asyncio_default_test_loop_scope=function\ncollected 1 item\n\ntests\\integration\\test_service_integration.py F                          [100%]\n\n================================== FAILURES ===================================\n_____ TestConfigurationIntegration.test_settings_propagation_to_services ______\ntests\\integration\\test_service_integration.py:168: in test_settings_propagation_to_services\n    MockMM.from_settings.assert_called_once()\nC:\\Program Files\\WindowsApps\\PythonSoftwareFoundation.Python.3.11_3.11.2544.0_x64__qbz5n2kfra8p0\\Lib\\unittest\\mock.py:918: in assert_called_once\n    raise AssertionError(msg)\nE   AssertionError: Expected 'from_settings' to have been called once. Called 0 times.\n---------------------------- Captured stdout call -----------------------------\n[Performance] Initialized connection pools (task queue will start on first async call)\n[ModelManager] Warning: .env not found, relying on system env vars.\n[ModelManager] Warning: No Hugging Face token provided or found in environment!\n[ModelManager] Warning: models.txt not found. No models loaded.\n[ModelManager] No models available at all!\n------------------------------ Captured log call ------------------------------\nERROR    chromadb.telemetry.product.posthog:posthog.py:61 Failed to send telemetry event ClientStartEvent: capture() takes 1 positional argument but 3 were given\nERROR    chromadb.telemetry.product.posthog:posthog.py:61 Failed to send telemetry event ClientCreateCollectionEvent: capture() takes 1 positional argument but 3 were given\n============================== warnings summary ===============================\n..\\..\\..\\AppData\\Local\\Packages\\PythonSoftwareFoundation.Python.3.11_qbz5n2kfra8p0\\LocalCache\\local-packages\\Python311\\site-packages\\PyPDF2\\__init__.py:21\n  C:\\Users\\kdejo\\AppData\\Local\\Packages\\PythonSoftwareFoundation.Python.3.11_qbz5n2kfra8p0\\LocalCache\\local-packages\\Python311\\site-packages\\PyPDF2\\__init__.py:21: DeprecationWarning: PyPDF2 is deprecated. Please move to the pypdf library instead.\n    warnings.warn(\n\n-- Docs: https://docs.pytest.org/en/stable/how-to/capture-warnings.html\n=========================== short test summary info ===========================\nFAILED tests\\integration\\test_service_integration.py::TestConfigurationIntegration::test_settings_propagation_to_services\n======================== 1 failed, 1 warning in 7.29s =========================\n"
    },
    {
      "number": 322,
      "name": "TestVoiceTranscription::test_voice_transcribe_endpoint_integration",
      "status": "FAILED",
      "duration": 7.165952920913696,
      "file_path": "tests\\backend\\test_voice.py",
      "category": "Voice & Audio",
      "worker_id": "4",
      "error_message": "============================= test session starts =============================\nplatform win32 -- Python 3.11.9, pytest-8.4.2, pluggy-1.6.0\nrootdir: C:\\Users\\kdejo\\DEV\\obsidian-llm-assistant\\obsidian-AI-assistant\\tests\nconfigfile: pytest.ini\nplugins: anyio-4.11.0, asyncio-1.2.0, cov-7.0.0\nasyncio: mode=Mode.STRICT, debug=False, asyncio_default_fixture_loop_scope=None, asyncio_default_test_loop_scope=function\ncollected 1 item\n\ntests\\backend\\test_voice.py F                                            [100%]\n\n================================== FAILURES ===================================\n______ TestVoiceTranscription.test_voice_transcribe_endpoint_integration ______\ntests\\backend\\test_voice.py:287: in test_voice_transcribe_endpoint_integration\n    response = test_client.post(\n..\\..\\..\\AppData\\Local\\Packages\\PythonSoftwareFoundation.Python.3.11_qbz5n2kfra8p0\\LocalCache\\local-packages\\Python311\\site-packages\\starlette\\testclient.py:552: in post\n    return super().post(\n..\\..\\..\\AppData\\Local\\Packages\\PythonSoftwareFoundation.Python.3.11_qbz5n2kfra8p0\\LocalCache\\local-packages\\Python311\\site-packages\\httpx\\_client.py:1144: in post\n    return self.request(\n..\\..\\..\\AppData\\Local\\Packages\\PythonSoftwareFoundation.Python.3.11_qbz5n2kfra8p0\\LocalCache\\local-packages\\Python311\\site-packages\\starlette\\testclient.py:451: in request\n    return super().request(\n..\\..\\..\\AppData\\Local\\Packages\\PythonSoftwareFoundation.Python.3.11_qbz5n2kfra8p0\\LocalCache\\local-packages\\Python311\\site-packages\\httpx\\_client.py:825: in request\n    return self.send(request, auth=auth, follow_redirects=follow_redirects)\n           ^^^^^^^^^^^^^^^^^^^^^^^^^^^^^^^^^^^^^^^^^^^^^^^^^^^^^^^^^^^^^^^^\n..\\..\\..\\AppData\\Local\\Packages\\PythonSoftwareFoundation.Python.3.11_qbz5n2kfra8p0\\LocalCache\\local-packages\\Python311\\site-packages\\httpx\\_client.py:914: in send\n    response = self._send_handling_auth(\n..\\..\\..\\AppData\\Local\\Packages\\PythonSoftwareFoundation.Python.3.11_qbz5n2kfra8p0\\LocalCache\\local-packages\\Python311\\site-packages\\httpx\\_client.py:942: in _send_handling_auth\n    response = self._send_handling_redirects(\n..\\..\\..\\AppData\\Local\\Packages\\PythonSoftwareFoundation.Python.3.11_qbz5n2kfra8p0\\LocalCache\\local-packages\\Python311\\site-packages\\httpx\\_client.py:979: in _send_handling_redirects\n    response = self._send_single_request(request)\n               ^^^^^^^^^^^^^^^^^^^^^^^^^^^^^^^^^^\n..\\..\\..\\AppData\\Local\\Packages\\PythonSoftwareFoundation.Python.3.11_qbz5n2kfra8p0\\LocalCache\\local-packages\\Python311\\site-packages\\httpx\\_client.py:1014: in _send_single_request\n    response = transport.handle_request(request)\n               ^^^^^^^^^^^^^^^^^^^^^^^^^^^^^^^^^\n..\\..\\..\\AppData\\Local\\Packages\\PythonSoftwareFoundation.Python.3.11_qbz5n2kfra8p0\\LocalCache\\local-packages\\Python311\\site-packages\\starlette\\testclient.py:354: in handle_request\n    raise exc\n..\\..\\..\\AppData\\Local\\Packages\\PythonSoftwareFoundation.Python.3.11_qbz5n2kfra8p0\\LocalCache\\local-packages\\Python311\\site-packages\\starlette\\testclient.py:351: in handle_request\n    portal.call(self.app, scope, receive, send)\n..\\..\\..\\AppData\\Local\\Packages\\PythonSoftwareFoundation.Python.3.11_qbz5n2kfra8p0\\LocalCache\\local-packages\\Python311\\site-packages\\anyio\\from_thread.py:321: in call\n    return cast(T_Retval, self.start_task_soon(func, *args).result())\n                          ^^^^^^^^^^^^^^^^^^^^^^^^^^^^^^^^^^^^^^^^^^\nC:\\Program Files\\WindowsApps\\PythonSoftwareFoundation.Python.3.11_3.11.2544.0_x64__qbz5n2kfra8p0\\Lib\\concurrent\\futures\\_base.py:456: in result\n    return self.__get_result()\n           ^^^^^^^^^^^^^^^^^^^\nC:\\Program Files\\WindowsApps\\PythonSoftwareFoundation.Python.3.11_3.11.2544.0_x64__qbz5n2kfra8p0\\Lib\\concurrent\\futures\\_base.py:401: in __get_result\n    raise self._exception\n..\\..\\..\\AppData\\Local\\Packages\\PythonSoftwareFoundation.Python.3.11_qbz5n2kfra8p0\\LocalCache\\local-packages\\Python311\\site-packages\\anyio\\from_thread.py:252: in _call_func\n    retval = await retval_or_awaitable\n             ^^^^^^^^^^^^^^^^^^^^^^^^^\n..\\..\\..\\AppData\\Local\\Packages\\PythonSoftwareFoundation.Python.3.11_qbz5n2kfra8p0\\LocalCache\\local-packages\\Python311\\site-packages\\fastapi\\applications.py:1133: in __call__\n    await super().__call__(scope, receive, send)\n..\\..\\..\\AppData\\Local\\Packages\\PythonSoftwareFoundation.Python.3.11_qbz5n2kfra8p0\\LocalCache\\local-packages\\Python311\\site-packages\\starlette\\applications.py:113: in __call__\n    await self.middleware_stack(scope, receive, send)\n..\\..\\..\\AppData\\Local\\Packages\\PythonSoftwareFoundation.Python.3.11_qbz5n2kfra8p0\\LocalCache\\local-packages\\Python311\\site-packages\\starlette\\middleware\\errors.py:186: in __call__\n    raise exc\n..\\..\\..\\AppData\\Local\\Packages\\PythonSoftwareFoundation.Python.3.11_qbz5n2kfra8p0\\LocalCache\\local-packages\\Python311\\site-packages\\starlette\\middleware\\errors.py:164: in __call__\n    await self.app(scope, receive, _send)\n..\\..\\..\\AppData\\Local\\Packages\\PythonSoftwareFoundation.Python.3.11_qbz5n2kfra8p0\\LocalCache\\local-packages\\Python311\\site-packages\\starlette\\middleware\\exceptions.py:63: in __call__\n    await wrap_app_handling_exceptions(self.app, conn)(scope, receive, send)\n..\\..\\..\\AppData\\Local\\Packages\\PythonSoftwareFoundation.Python.3.11_qbz5n2kfra8p0\\LocalCache\\local-packages\\Python311\\site-packages\\starlette\\_exception_handler.py:53: in wrapped_app\n    raise exc\n..\\..\\..\\AppData\\Local\\Packages\\PythonSoftwareFoundation.Python.3.11_qbz5n2kfra8p0\\LocalCache\\local-packages\\Python311\\site-packages\\starlette\\_exception_handler.py:42: in wrapped_app\n    await app(scope, receive, sender)\n..\\..\\..\\AppData\\Local\\Packages\\PythonSoftwareFoundation.Python.3.11_qbz5n2kfra8p0\\LocalCache\\local-packages\\Python311\\site-packages\\fastapi\\middleware\\asyncexitstack.py:18: in __call__\n    await self.app(scope, receive, send)\n..\\..\\..\\AppData\\Local\\Packages\\PythonSoftwareFoundation.Python.3.11_qbz5n2kfra8p0\\LocalCache\\local-packages\\Python311\\site-packages\\starlette\\routing.py:716: in __call__\n    await self.middleware_stack(scope, receive, send)\n..\\..\\..\\AppData\\Local\\Packages\\PythonSoftwareFoundation.Python.3.11_qbz5n2kfra8p0\\LocalCache\\local-packages\\Python311\\site-packages\\starlette\\routing.py:736: in app\n    await route.handle(scope, receive, send)\n..\\..\\..\\AppData\\Local\\Packages\\PythonSoftwareFoundation.Python.3.11_qbz5n2kfra8p0\\LocalCache\\local-packages\\Python311\\site-packages\\starlette\\routing.py:290: in handle\n    await self.app(scope, receive, send)\n..\\..\\..\\AppData\\Local\\Packages\\PythonSoftwareFoundation.Python.3.11_qbz5n2kfra8p0\\LocalCache\\local-packages\\Python311\\site-packages\\fastapi\\routing.py:123: in app\n    await wrap_app_handling_exceptions(app, request)(scope, receive, send)\n..\\..\\..\\AppData\\Local\\Packages\\PythonSoftwareFoundation.Python.3.11_qbz5n2kfra8p0\\LocalCache\\local-packages\\Python311\\site-packages\\starlette\\_exception_handler.py:53: in wrapped_app\n    raise exc\n..\\..\\..\\AppData\\Local\\Packages\\PythonSoftwareFoundation.Python.3.11_qbz5n2kfra8p0\\LocalCache\\local-packages\\Python311\\site-packages\\starlette\\_exception_handler.py:42: in wrapped_app\n    await app(scope, receive, sender)\n..\\..\\..\\AppData\\Local\\Packages\\PythonSoftwareFoundation.Python.3.11_qbz5n2kfra8p0\\LocalCache\\local-packages\\Python311\\site-packages\\fastapi\\routing.py:109: in app\n    response = await f(request)\n               ^^^^^^^^^^^^^^^^\n..\\..\\..\\AppData\\Local\\Packages\\PythonSoftwareFoundation.Python.3.11_qbz5n2kfra8p0\\LocalCache\\local-packages\\Python311\\site-packages\\fastapi\\routing.py:387: in app\n    raw_response = await run_endpoint_function(\n..\\..\\..\\AppData\\Local\\Packages\\PythonSoftwareFoundation.Python.3.11_qbz5n2kfra8p0\\LocalCache\\local-packages\\Python311\\site-packages\\fastapi\\routing.py:288: in run_endpoint_function\n    return await dependant.call(**values)\n           ^^^^^^^^^^^^^^^^^^^^^^^^^^^^^^\nbackend\\voice.py:88: in voice_transcribe\n    os.remove(temp_path)\nE   PermissionError: [WinError 32] The process cannot access the file because it is being used by another process: 'C:\\\\Users\\\\kdejo\\\\AppData\\\\Local\\\\Temp\\\\tmpnynozjpg.wav'\n============================== warnings summary ===============================\nbackend/test_voice.py::TestVoiceTranscription::test_voice_transcribe_endpoint_integration\n  backend\\test_voice.py:274: PytestWarning: The test <Function test_voice_transcribe_endpoint_integration> is marked with '@pytest.mark.asyncio' but it is not an async function. Please remove the asyncio mark. If the test is not marked explicitly, check for global marks applied via 'pytestmark'.\n\n-- Docs: https://docs.pytest.org/en/stable/how-to/capture-warnings.html\n=========================== short test summary info ===========================\nFAILED tests\\backend\\test_voice.py::TestVoiceTranscription::test_voice_transcribe_endpoint_integration\n======================== 1 failed, 1 warning in 4.97s =========================\n"
    },
    {
      "number": 320,
      "name": "TestBackendHealthAndBasics::test_fastapi_app_creation",
      "status": "PASSED",
      "duration": 8.045408248901367,
      "file_path": "tests\\integration\\test_backend_integration.py",
      "category": "Integration Tests",
      "worker_id": "5",
      "error_message": null
    },
    {
      "number": 326,
      "name": "TestVaultIndexing::test_index_vault_error_handling",
      "status": "PASSED",
      "duration": 4.079235792160034,
      "file_path": "tests\\backend\\test_indexing_comprehensive.py",
      "category": "Embeddings & Search",
      "worker_id": "8",
      "error_message": null
    },
    {
      "number": 323,
      "name": "TestAPIIntegration::test_config_reload_endpoint_integration",
      "status": "PASSED",
      "duration": 7.846607685089111,
      "file_path": "tests\\integration\\test_api_integration.py",
      "category": "Integration Tests",
      "worker_id": "6",
      "error_message": null
    },
    {
      "number": 324,
      "name": "TestPerformanceBenchmarks::test_concurrent_request_handling",
      "status": "PASSED",
      "duration": 8.079524755477905,
      "file_path": "tests\\integration\\test_e2e_workflows.py",
      "category": "Integration Tests",
      "worker_id": "3",
      "error_message": null
    },
    {
      "number": 329,
      "name": "test_plugin_structure",
      "status": "PASSED",
      "duration": 2.609555721282959,
      "file_path": "tests\\test_final.py",
      "category": "Final & Misc",
      "worker_id": "8",
      "error_message": null
    },
    {
      "number": 325,
      "name": "TestFullWorkflowIntegration::test_vault_indexing_workflow",
      "status": "PASSED",
      "duration": 7.94675350189209,
      "file_path": "tests\\integration\\test_full_workflow.py",
      "category": "Integration Tests",
      "worker_id": "4",
      "error_message": null
    },
    {
      "number": 331,
      "name": "TestWebPageIndexing::test_fetch_web_page_new_content",
      "status": "PASSED",
      "duration": 4.479409217834473,
      "file_path": "tests\\backend\\test_indexing_comprehensive.py",
      "category": "Embeddings & Search",
      "worker_id": "8",
      "error_message": null
    },
    {
      "number": 327,
      "name": "TestCachedDecorator::test_custom_key_function",
      "status": "PASSED",
      "duration": 8.563008308410645,
      "file_path": "tests\\test_performance.py",
      "category": "Performance Tests",
      "worker_id": "7",
      "error_message": null
    },
    {
      "number": 328,
      "name": "TestCrossServiceCommunication::test_embeddings_and_indexing_integration",
      "status": "PASSED",
      "duration": 8.510523557662964,
      "file_path": "tests\\integration\\test_service_integration.py",
      "category": "Integration Tests",
      "worker_id": "2",
      "error_message": null
    },
    {
      "number": 330,
      "name": "TestBackendHealthAndBasics::test_service_initialization_runs",
      "status": "PASSED",
      "duration": 8.36021637916565,
      "file_path": "tests\\integration\\test_backend_integration.py",
      "category": "Integration Tests",
      "worker_id": "5",
      "error_message": null
    },
    {
      "number": 336,
      "name": "TestIndexingService::test_from_settings_success",
      "status": "PASSED",
      "duration": 4.0277931690216064,
      "file_path": "tests\\backend\\test_indexing_comprehensive.py",
      "category": "Embeddings & Search",
      "worker_id": "8",
      "error_message": null
    },
    {
      "number": 334,
      "name": "test_backend_availability",
      "status": "PASSED",
      "duration": 6.794936418533325,
      "file_path": "tests\\test_final.py",
      "category": "Final & Misc",
      "worker_id": "8",
      "error_message": null
    },
    {
      "number": 332,
      "name": "TestAPIErrorHandling::test_invalid_request_handling",
      "status": "PASSED",
      "duration": 8.40136170387268,
      "file_path": "tests\\integration\\test_api_integration.py",
      "category": "Integration Tests",
      "worker_id": "6",
      "error_message": null
    },
    {
      "number": 333,
      "name": "TestCompleteWorkflows::test_error_recovery_workflow",
      "status": "FAILED",
      "duration": 9.765645265579224,
      "file_path": "tests\\integration\\test_e2e_workflows.py",
      "category": "Integration Tests",
      "worker_id": "3",
      "error_message": "============================= test session starts =============================\nplatform win32 -- Python 3.11.9, pytest-8.4.2, pluggy-1.6.0\nrootdir: C:\\Users\\kdejo\\DEV\\obsidian-llm-assistant\\obsidian-AI-assistant\\tests\nconfigfile: pytest.ini\nplugins: anyio-4.11.0, asyncio-1.2.0, cov-7.0.0\nasyncio: mode=Mode.STRICT, debug=False, asyncio_default_fixture_loop_scope=None, asyncio_default_test_loop_scope=function\ncollected 1 item\n\ntests\\integration\\test_e2e_workflows.py F                                [100%]\n\n================================== FAILURES ===================================\n_____________ TestCompleteWorkflows.test_error_recovery_workflow ______________\ntests\\integration\\test_e2e_workflows.py:254: in test_error_recovery_workflow\n    assert response.status_code in [400, 422, 500]\nE   assert 200 in [400, 422, 500]\nE    +  where 200 = <Response [200 OK]>.status_code\n---------------------------- Captured stdout setup ----------------------------\nEnterprise features not available: No module named 'jwt'\n[Performance] Initialized connection pools (task queue will start on first async call)\n[ModelManager] Warning: .env not found, relying on system env vars.\n[ModelManager] Warning: No Hugging Face token provided or found in environment!\n[ModelManager] Warning: models.txt not found. No models loaded.\n[ModelManager] No models available at all!\n----------------------------- Captured log setup ------------------------------\nERROR    chromadb.telemetry.product.posthog:posthog.py:61 Failed to send telemetry event ClientStartEvent: capture() takes 1 positional argument but 3 were given\nERROR    chromadb.telemetry.product.posthog:posthog.py:61 Failed to send telemetry event ClientCreateCollectionEvent: capture() takes 1 positional argument but 3 were given\nERROR    chromadb.telemetry.product.posthog:posthog.py:61 Failed to send telemetry event ClientStartEvent: capture() takes 1 positional argument but 3 were given\nERROR    chromadb.telemetry.product.posthog:posthog.py:61 Failed to send telemetry event ClientCreateCollectionEvent: capture() takes 1 positional argument but 3 were given\n============================== warnings summary ===============================\nintegration/test_e2e_workflows.py::TestCompleteWorkflows::test_error_recovery_workflow\n  C:\\Users\\kdejo\\AppData\\Local\\Packages\\PythonSoftwareFoundation.Python.3.11_qbz5n2kfra8p0\\LocalCache\\local-packages\\Python311\\site-packages\\PyPDF2\\__init__.py:21: DeprecationWarning: PyPDF2 is deprecated. Please move to the pypdf library instead.\n    warnings.warn(\n\n-- Docs: https://docs.pytest.org/en/stable/how-to/capture-warnings.html\n=========================== short test summary info ===========================\nFAILED tests\\integration\\test_e2e_workflows.py::TestCompleteWorkflows::test_error_recovery_workflow\n======================== 1 failed, 1 warning in 6.97s =========================\n"
    },
    {
      "number": 335,
      "name": "TestFullWorkflowIntegration::test_search_workflow",
      "status": "FAILED",
      "duration": 9.788101196289062,
      "file_path": "tests\\integration\\test_full_workflow.py",
      "category": "Integration Tests",
      "worker_id": "4",
      "error_message": "============================= test session starts =============================\nplatform win32 -- Python 3.11.9, pytest-8.4.2, pluggy-1.6.0\nrootdir: C:\\Users\\kdejo\\DEV\\obsidian-llm-assistant\\obsidian-AI-assistant\\tests\nconfigfile: pytest.ini\nplugins: anyio-4.11.0, asyncio-1.2.0, cov-7.0.0\nasyncio: mode=Mode.STRICT, debug=False, asyncio_default_fixture_loop_scope=None, asyncio_default_test_loop_scope=function\ncollected 1 item\n\ntests\\integration\\test_full_workflow.py F                                [100%]\n\n================================== FAILURES ===================================\n______________ TestFullWorkflowIntegration.test_search_workflow _______________\ntests\\integration\\test_full_workflow.py:191: in test_search_workflow\n    mock_services[\"emb_manager\"].search.assert_called_once_with(\nC:\\Program Files\\WindowsApps\\PythonSoftwareFoundation.Python.3.11_3.11.2544.0_x64__qbz5n2kfra8p0\\Lib\\unittest\\mock.py:951: in assert_called_once_with\n    return self.assert_called_with(*args, **kwargs)\n           ^^^^^^^^^^^^^^^^^^^^^^^^^^^^^^^^^^^^^^^^\nC:\\Program Files\\WindowsApps\\PythonSoftwareFoundation.Python.3.11_3.11.2544.0_x64__qbz5n2kfra8p0\\Lib\\unittest\\mock.py:939: in assert_called_with\n    raise AssertionError(_error_message()) from cause\nE   AssertionError: expected call not found.\nE   Expected: search('artificial intelligence research', top_k=10)\nE     Actual: search('artificial intelligence research', top_k=3)\n============================== warnings summary ===============================\n..\\..\\..\\AppData\\Local\\Packages\\PythonSoftwareFoundation.Python.3.11_qbz5n2kfra8p0\\LocalCache\\local-packages\\Python311\\site-packages\\PyPDF2\\__init__.py:21\n  C:\\Users\\kdejo\\AppData\\Local\\Packages\\PythonSoftwareFoundation.Python.3.11_qbz5n2kfra8p0\\LocalCache\\local-packages\\Python311\\site-packages\\PyPDF2\\__init__.py:21: DeprecationWarning: PyPDF2 is deprecated. Please move to the pypdf library instead.\n    warnings.warn(\n\n-- Docs: https://docs.pytest.org/en/stable/how-to/capture-warnings.html\n=========================== short test summary info ===========================\nFAILED tests\\integration\\test_full_workflow.py::TestFullWorkflowIntegration::test_search_workflow\n======================== 1 failed, 1 warning in 6.98s =========================\n"
    },
    {
      "number": 337,
      "name": "TestMultiLevelCache::test_cache_statistics",
      "status": "PASSED",
      "duration": 7.691170692443848,
      "file_path": "tests\\test_performance.py",
      "category": "Performance Tests",
      "worker_id": "7",
      "error_message": null
    },
    {
      "number": 340,
      "name": "TestVaultIndexing::test_reindex_with_reset_db_fallback",
      "status": "PASSED",
      "duration": 3.944546699523926,
      "file_path": "tests\\backend\\test_indexing_comprehensive.py",
      "category": "Embeddings & Search",
      "worker_id": "8",
      "error_message": null
    },
    {
      "number": 341,
      "name": "test_backend_endpoints",
      "status": "PASSED",
      "duration": 6.408698797225952,
      "file_path": "tests\\test_final.py",
      "category": "Final & Misc",
      "worker_id": "8",
      "error_message": null
    },
    {
      "number": 339,
      "name": "TestConfigurationIntegration::test_settings_loading",
      "status": "PASSED",
      "duration": 7.724827289581299,
      "file_path": "tests\\integration\\test_backend_integration.py",
      "category": "Integration Tests",
      "worker_id": "5",
      "error_message": null
    },
    {
      "number": 346,
      "name": "TestVaultIndexerInit::test_initialization_with_params",
      "status": "PASSED",
      "duration": 4.0523247718811035,
      "file_path": "tests\\backend\\test_indexing_comprehensive.py",
      "category": "Embeddings & Search",
      "worker_id": "8",
      "error_message": null
    },
    {
      "number": 338,
      "name": "TestConfigurationIntegration::test_configuration_reload_integration",
      "status": "FAILED",
      "duration": 9.547242879867554,
      "file_path": "tests\\integration\\test_service_integration.py",
      "category": "Integration Tests",
      "worker_id": "2",
      "error_message": "============================= test session starts =============================\nplatform win32 -- Python 3.11.9, pytest-8.4.2, pluggy-1.6.0\nrootdir: C:\\Users\\kdejo\\DEV\\obsidian-llm-assistant\\obsidian-AI-assistant\\tests\nconfigfile: pytest.ini\nplugins: anyio-4.11.0, asyncio-1.2.0, cov-7.0.0\nasyncio: mode=Mode.STRICT, debug=False, asyncio_default_fixture_loop_scope=None, asyncio_default_test_loop_scope=function\ncollected 1 item\n\ntests\\integration\\test_service_integration.py F                          [100%]\n\n================================== FAILURES ===================================\n_____ TestConfigurationIntegration.test_configuration_reload_integration ______\ntests\\integration\\test_service_integration.py:192: in test_configuration_reload_integration\n    mock_reload.assert_called_once()\nC:\\Program Files\\WindowsApps\\PythonSoftwareFoundation.Python.3.11_3.11.2544.0_x64__qbz5n2kfra8p0\\Lib\\unittest\\mock.py:918: in assert_called_once\n    raise AssertionError(msg)\nE   AssertionError: Expected 'reload_settings' to have been called once. Called 0 times.\n============================== warnings summary ===============================\n..\\..\\..\\AppData\\Local\\Packages\\PythonSoftwareFoundation.Python.3.11_qbz5n2kfra8p0\\LocalCache\\local-packages\\Python311\\site-packages\\PyPDF2\\__init__.py:21\n  C:\\Users\\kdejo\\AppData\\Local\\Packages\\PythonSoftwareFoundation.Python.3.11_qbz5n2kfra8p0\\LocalCache\\local-packages\\Python311\\site-packages\\PyPDF2\\__init__.py:21: DeprecationWarning: PyPDF2 is deprecated. Please move to the pypdf library instead.\n    warnings.warn(\n\nintegration/test_service_integration.py::TestConfigurationIntegration::test_configuration_reload_integration\n  C:\\Users\\kdejo\\DEV\\obsidian-llm-assistant\\obsidian-AI-assistant\\backend\\backend.py:235: PydanticDeprecatedSince20: The `dict` method is deprecated; use `model_dump` instead. Deprecated in Pydantic V2.0 to be removed in V3.0. See Pydantic V2 Migration Guide at https://errors.pydantic.dev/2.12/migration/\n    return {\"ok\": True, \"settings\": s.dict()}\n\n-- Docs: https://docs.pytest.org/en/stable/how-to/capture-warnings.html\n=========================== short test summary info ===========================\nFAILED tests\\integration\\test_service_integration.py::TestConfigurationIntegration::test_configuration_reload_integration\n======================== 1 failed, 2 warnings in 6.97s ========================\n"
    },
    {
      "number": 342,
      "name": "TestCORSIntegration::test_cors_actual_request",
      "status": "PASSED",
      "duration": 7.7122483253479,
      "file_path": "tests\\integration\\test_api_integration.py",
      "category": "Integration Tests",
      "worker_id": "6",
      "error_message": null
    },
    {
      "number": 347,
      "name": "test_main_js_structure",
      "status": "PASSED",
      "duration": 2.489565372467041,
      "file_path": "tests\\test_final.py",
      "category": "Final & Misc",
      "worker_id": "8",
      "error_message": null
    },
    {
      "number": 352,
      "name": "test_manifest_content",
      "status": "PASSED",
      "duration": 2.3099732398986816,
      "file_path": "tests\\test_final.py",
      "category": "Final & Misc",
      "worker_id": "8",
      "error_message": null
    },
    {
      "number": 349,
      "name": "TestUtilityMethods::test_load_cached_existing_file",
      "status": "PASSED",
      "duration": 3.887568235397339,
      "file_path": "tests\\backend\\test_indexing_comprehensive.py",
      "category": "Embeddings & Search",
      "worker_id": "8",
      "error_message": null
    },
    {
      "number": 343,
      "name": "TestPerformanceBenchmarks::test_cache_performance_benchmark",
      "status": "FAILED",
      "duration": 9.663146018981934,
      "file_path": "tests\\integration\\test_e2e_workflows.py",
      "category": "Integration Tests",
      "worker_id": "3",
      "error_message": "============================= test session starts =============================\nplatform win32 -- Python 3.11.9, pytest-8.4.2, pluggy-1.6.0\nrootdir: C:\\Users\\kdejo\\DEV\\obsidian-llm-assistant\\obsidian-AI-assistant\\tests\nconfigfile: pytest.ini\nplugins: anyio-4.11.0, asyncio-1.2.0, cov-7.0.0\nasyncio: mode=Mode.STRICT, debug=False, asyncio_default_fixture_loop_scope=None, asyncio_default_test_loop_scope=function\ncollected 1 item\n\ntests\\integration\\test_e2e_workflows.py F                                [100%]\n\n================================== FAILURES ===================================\n_________ TestPerformanceBenchmarks.test_cache_performance_benchmark __________\ntests\\integration\\test_e2e_workflows.py:377: in test_cache_performance_benchmark\n    assert response1.json([\"answer\"] == response2.json()[\"answer\"])\n           ^^^^^^^^^^^^^^^^^^^^^^^^^^^^^^^^^^^^^^^^^^^^^^^^^^^^^^^^\nE   TypeError: Response.json() takes 1 positional argument but 2 were given\n---------------------------- Captured stdout setup ----------------------------\nEnterprise features not available: No module named 'jwt'\n[Performance] Initialized connection pools (task queue will start on first async call)\n[ModelManager] Warning: .env not found, relying on system env vars.\n[ModelManager] Warning: No Hugging Face token provided or found in environment!\n[ModelManager] Warning: models.txt not found. No models loaded.\n[ModelManager] No models available at all!\n----------------------------- Captured log setup ------------------------------\nERROR    chromadb.telemetry.product.posthog:posthog.py:61 Failed to send telemetry event ClientStartEvent: capture() takes 1 positional argument but 3 were given\nERROR    chromadb.telemetry.product.posthog:posthog.py:61 Failed to send telemetry event ClientCreateCollectionEvent: capture() takes 1 positional argument but 3 were given\nERROR    chromadb.telemetry.product.posthog:posthog.py:61 Failed to send telemetry event ClientStartEvent: capture() takes 1 positional argument but 3 were given\nERROR    chromadb.telemetry.product.posthog:posthog.py:61 Failed to send telemetry event ClientCreateCollectionEvent: capture() takes 1 positional argument but 3 were given\n============================== warnings summary ===============================\nintegration/test_e2e_workflows.py::TestPerformanceBenchmarks::test_cache_performance_benchmark\n  C:\\Users\\kdejo\\AppData\\Local\\Packages\\PythonSoftwareFoundation.Python.3.11_qbz5n2kfra8p0\\LocalCache\\local-packages\\Python311\\site-packages\\PyPDF2\\__init__.py:21: DeprecationWarning: PyPDF2 is deprecated. Please move to the pypdf library instead.\n    warnings.warn(\n\n-- Docs: https://docs.pytest.org/en/stable/how-to/capture-warnings.html\n=========================== short test summary info ===========================\nFAILED tests\\integration\\test_e2e_workflows.py::TestPerformanceBenchmarks::test_cache_performance_benchmark\n======================== 1 failed, 1 warning in 7.14s =========================\n"
    },
    {
      "number": 344,
      "name": "TestFullWorkflowIntegration::test_complete_ask_workflow",
      "status": "FAILED",
      "duration": 9.336699724197388,
      "file_path": "tests\\integration\\test_full_workflow.py",
      "category": "Integration Tests",
      "worker_id": "4",
      "error_message": "============================= test session starts =============================\nplatform win32 -- Python 3.11.9, pytest-8.4.2, pluggy-1.6.0\nrootdir: C:\\Users\\kdejo\\DEV\\obsidian-llm-assistant\\obsidian-AI-assistant\\tests\nconfigfile: pytest.ini\nplugins: anyio-4.11.0, asyncio-1.2.0, cov-7.0.0\nasyncio: mode=Mode.STRICT, debug=False, asyncio_default_fixture_loop_scope=None, asyncio_default_test_loop_scope=function\ncollected 1 item\n\ntests\\integration\\test_full_workflow.py F                                [100%]\n\n================================== FAILURES ===================================\n___________ TestFullWorkflowIntegration.test_complete_ask_workflow ____________\ntests\\integration\\test_full_workflow.py:123: in test_complete_ask_workflow\n    mock_services[\"emb_manager\"].search.assert_called_once_with(\nC:\\Program Files\\WindowsApps\\PythonSoftwareFoundation.Python.3.11_3.11.2544.0_x64__qbz5n2kfra8p0\\Lib\\unittest\\mock.py:950: in assert_called_once_with\n    raise AssertionError(msg)\nE   AssertionError: Expected 'search' to be called once. Called 0 times.\n============================== warnings summary ===============================\n..\\..\\..\\AppData\\Local\\Packages\\PythonSoftwareFoundation.Python.3.11_qbz5n2kfra8p0\\LocalCache\\local-packages\\Python311\\site-packages\\PyPDF2\\__init__.py:21\n  C:\\Users\\kdejo\\AppData\\Local\\Packages\\PythonSoftwareFoundation.Python.3.11_qbz5n2kfra8p0\\LocalCache\\local-packages\\Python311\\site-packages\\PyPDF2\\__init__.py:21: DeprecationWarning: PyPDF2 is deprecated. Please move to the pypdf library instead.\n    warnings.warn(\n\n-- Docs: https://docs.pytest.org/en/stable/how-to/capture-warnings.html\n=========================== short test summary info ===========================\nFAILED tests\\integration\\test_full_workflow.py::TestFullWorkflowIntegration::test_complete_ask_workflow\n======================== 1 failed, 1 warning in 6.93s =========================\n"
    },
    {
      "number": 348,
      "name": "TestConfigurationIntegration::test_config_reload_endpoint",
      "status": "PASSED",
      "duration": 8.77703595161438,
      "file_path": "tests\\integration\\test_backend_integration.py",
      "category": "Integration Tests",
      "worker_id": "5",
      "error_message": null
    },
    {
      "number": 354,
      "name": "TestMarkdownProcessing::test_read_markdown_file_not_exists",
      "status": "PASSED",
      "duration": 4.095972776412964,
      "file_path": "tests\\backend\\test_indexing_comprehensive.py",
      "category": "Embeddings & Search",
      "worker_id": "8",
      "error_message": null
    },
    {
      "number": 353,
      "name": "TestStatusEndpoint::test_status_vs_health_endpoints",
      "status": "PASSED",
      "duration": 4.607520580291748,
      "file_path": "tests\\backend\\test_status_endpoint.py",
      "category": "Uncategorized",
      "worker_id": "1",
      "error_message": null
    },
    {
      "number": 351,
      "name": "TestAPIPerformance::test_large_request_handling",
      "status": "PASSED",
      "duration": 8.222761392593384,
      "file_path": "tests\\integration\\test_api_integration.py",
      "category": "Integration Tests",
      "worker_id": "6",
      "error_message": null
    },
    {
      "number": 350,
      "name": "TestServiceInitialization::test_service_initialization_with_failures",
      "status": "FAILED",
      "duration": 9.664280891418457,
      "file_path": "tests\\integration\\test_service_integration.py",
      "category": "Integration Tests",
      "worker_id": "2",
      "error_message": "============================= test session starts =============================\nplatform win32 -- Python 3.11.9, pytest-8.4.2, pluggy-1.6.0\nrootdir: C:\\Users\\kdejo\\DEV\\obsidian-llm-assistant\\obsidian-AI-assistant\\tests\nconfigfile: pytest.ini\nplugins: anyio-4.11.0, asyncio-1.2.0, cov-7.0.0\nasyncio: mode=Mode.STRICT, debug=False, asyncio_default_fixture_loop_scope=None, asyncio_default_test_loop_scope=function\ncollected 1 item\n\ntests\\integration\\test_service_integration.py F                          [100%]\n\n================================== FAILURES ===================================\n_____ TestServiceInitialization.test_service_initialization_with_failures _____\ntests\\integration\\test_service_integration.py:135: in test_service_initialization_with_failures\n    MockCM.assert_called_once()\nC:\\Program Files\\WindowsApps\\PythonSoftwareFoundation.Python.3.11_3.11.2544.0_x64__qbz5n2kfra8p0\\Lib\\unittest\\mock.py:918: in assert_called_once\n    raise AssertionError(msg)\nE   AssertionError: Expected 'CacheManager' to have been called once. Called 0 times.\n---------------------------- Captured stdout call -----------------------------\n[Performance] Initialized connection pools (task queue will start on first async call)\n[ModelManager] Warning: .env not found, relying on system env vars.\n[ModelManager] Warning: No Hugging Face token provided or found in environment!\n[ModelManager] Warning: models.txt not found. No models loaded.\n[ModelManager] No models available at all!\n------------------------------ Captured log call ------------------------------\nERROR    chromadb.telemetry.product.posthog:posthog.py:61 Failed to send telemetry event ClientStartEvent: capture() takes 1 positional argument but 3 were given\nERROR    chromadb.telemetry.product.posthog:posthog.py:61 Failed to send telemetry event ClientCreateCollectionEvent: capture() takes 1 positional argument but 3 were given\n============================== warnings summary ===============================\n..\\..\\..\\AppData\\Local\\Packages\\PythonSoftwareFoundation.Python.3.11_qbz5n2kfra8p0\\LocalCache\\local-packages\\Python311\\site-packages\\PyPDF2\\__init__.py:21\n  C:\\Users\\kdejo\\AppData\\Local\\Packages\\PythonSoftwareFoundation.Python.3.11_qbz5n2kfra8p0\\LocalCache\\local-packages\\Python311\\site-packages\\PyPDF2\\__init__.py:21: DeprecationWarning: PyPDF2 is deprecated. Please move to the pypdf library instead.\n    warnings.warn(\n\n-- Docs: https://docs.pytest.org/en/stable/how-to/capture-warnings.html\n=========================== short test summary info ===========================\nFAILED tests\\integration\\test_service_integration.py::TestServiceInitialization::test_service_initialization_with_failures\n======================== 1 failed, 1 warning in 7.28s =========================\n"
    },
    {
      "number": 358,
      "name": "TestWebPageIndexing::test_index_web_content_cached",
      "status": "PASSED",
      "duration": 4.371647357940674,
      "file_path": "tests\\backend\\test_indexing_comprehensive.py",
      "category": "Embeddings & Search",
      "worker_id": "8",
      "error_message": null
    },
    {
      "number": 359,
      "name": "TestStatusEndpoint::test_status_endpoint_success",
      "status": "PASSED",
      "duration": 4.734230995178223,
      "file_path": "tests\\backend\\test_status_endpoint.py",
      "category": "Uncategorized",
      "worker_id": "1",
      "error_message": null
    },
    {
      "number": 356,
      "name": "test_research_question_scenario",
      "status": "FAILED",
      "duration": 8.18420124053955,
      "file_path": "tests\\integration\\test_full_workflow.py",
      "category": "Integration Tests",
      "worker_id": "4",
      "error_message": "============================= test session starts =============================\nplatform win32 -- Python 3.11.9, pytest-8.4.2, pluggy-1.6.0\nrootdir: C:\\Users\\kdejo\\DEV\\obsidian-llm-assistant\\obsidian-AI-assistant\\tests\nconfigfile: pytest.ini\nplugins: anyio-4.11.0, asyncio-1.2.0, cov-7.0.0\nasyncio: mode=Mode.STRICT, debug=False, asyncio_default_fixture_loop_scope=None, asyncio_default_test_loop_scope=function\ncollected 0 items\n\n============================== warnings summary ===============================\n..\\..\\..\\AppData\\Local\\Packages\\PythonSoftwareFoundation.Python.3.11_qbz5n2kfra8p0\\LocalCache\\local-packages\\Python311\\site-packages\\PyPDF2\\__init__.py:21\n  C:\\Users\\kdejo\\AppData\\Local\\Packages\\PythonSoftwareFoundation.Python.3.11_qbz5n2kfra8p0\\LocalCache\\local-packages\\Python311\\site-packages\\PyPDF2\\__init__.py:21: DeprecationWarning: PyPDF2 is deprecated. Please move to the pypdf library instead.\n    warnings.warn(\n\n-- Docs: https://docs.pytest.org/en/stable/how-to/capture-warnings.html\n============================= 1 warning in 5.79s ==============================\nERROR: not found: C:\\Users\\kdejo\\DEV\\obsidian-llm-assistant\\obsidian-AI-assistant\\tests\\integration\\test_full_workflow.py::test_research_question_scenario\n(no match in any of [<Module test_full_workflow.py>])\n\n"
    },
    {
      "number": 355,
      "name": "TestPerformanceBenchmarks::test_memory_usage_monitoring",
      "status": "PASSED",
      "duration": 9.123640537261963,
      "file_path": "tests\\integration\\test_e2e_workflows.py",
      "category": "Integration Tests",
      "worker_id": "3",
      "error_message": null
    },
    {
      "number": 362,
      "name": "TestUtilityMethods::test_load_cached_read_error",
      "status": "PASSED",
      "duration": 4.112044095993042,
      "file_path": "tests\\backend\\test_indexing_comprehensive.py",
      "category": "Embeddings & Search",
      "worker_id": "8",
      "error_message": null
    },
    {
      "number": 357,
      "name": "TestMockedWorkflowIntegration::test_ask_workflow_integration",
      "status": "PASSED",
      "duration": 8.80686616897583,
      "file_path": "tests\\integration\\test_backend_integration.py",
      "category": "Integration Tests",
      "worker_id": "5",
      "error_message": null
    },
    {
      "number": 363,
      "name": "TestStatusEndpoint::test_status_endpoint_options",
      "status": "PASSED",
      "duration": 4.47251558303833,
      "file_path": "tests\\backend\\test_status_endpoint.py",
      "category": "Uncategorized",
      "worker_id": "1",
      "error_message": null
    },
    {
      "number": 360,
      "name": "TestAPIIntegration::test_scan_vault_endpoint_integration",
      "status": "PASSED",
      "duration": 8.501955509185791,
      "file_path": "tests\\integration\\test_api_integration.py",
      "category": "Integration Tests",
      "worker_id": "6",
      "error_message": null
    },
    {
      "number": 361,
      "name": "TestServiceInitialization::test_service_initialization_order",
      "status": "FAILED",
      "duration": 10.201342344284058,
      "file_path": "tests\\integration\\test_service_integration.py",
      "category": "Integration Tests",
      "worker_id": "2",
      "error_message": "============================= test session starts =============================\nplatform win32 -- Python 3.11.9, pytest-8.4.2, pluggy-1.6.0\nrootdir: C:\\Users\\kdejo\\DEV\\obsidian-llm-assistant\\obsidian-AI-assistant\\tests\nconfigfile: pytest.ini\nplugins: anyio-4.11.0, asyncio-1.2.0, cov-7.0.0\nasyncio: mode=Mode.STRICT, debug=False, asyncio_default_fixture_loop_scope=None, asyncio_default_test_loop_scope=function\ncollected 1 item\n\ntests\\integration\\test_service_integration.py F                          [100%]\n\n================================== FAILURES ===================================\n_________ TestServiceInitialization.test_service_initialization_order _________\ntests\\integration\\test_service_integration.py:73: in test_service_initialization_order\n    MockMM.from_settings.assert_called_once()\nC:\\Program Files\\WindowsApps\\PythonSoftwareFoundation.Python.3.11_3.11.2544.0_x64__qbz5n2kfra8p0\\Lib\\unittest\\mock.py:918: in assert_called_once\n    raise AssertionError(msg)\nE   AssertionError: Expected 'from_settings' to have been called once. Called 0 times.\n---------------------------- Captured stdout call -----------------------------\n[Performance] Initialized connection pools (task queue will start on first async call)\n[ModelManager] Warning: .env not found, relying on system env vars.\n[ModelManager] Warning: No Hugging Face token provided or found in environment!\n[ModelManager] Warning: models.txt not found. No models loaded.\n[ModelManager] No models available at all!\n------------------------------ Captured log call ------------------------------\nERROR    chromadb.telemetry.product.posthog:posthog.py:61 Failed to send telemetry event ClientStartEvent: capture() takes 1 positional argument but 3 were given\nERROR    chromadb.telemetry.product.posthog:posthog.py:61 Failed to send telemetry event ClientCreateCollectionEvent: capture() takes 1 positional argument but 3 were given\n============================== warnings summary ===============================\n..\\..\\..\\AppData\\Local\\Packages\\PythonSoftwareFoundation.Python.3.11_qbz5n2kfra8p0\\LocalCache\\local-packages\\Python311\\site-packages\\PyPDF2\\__init__.py:21\n  C:\\Users\\kdejo\\AppData\\Local\\Packages\\PythonSoftwareFoundation.Python.3.11_qbz5n2kfra8p0\\LocalCache\\local-packages\\Python311\\site-packages\\PyPDF2\\__init__.py:21: DeprecationWarning: PyPDF2 is deprecated. Please move to the pypdf library instead.\n    warnings.warn(\n\n-- Docs: https://docs.pytest.org/en/stable/how-to/capture-warnings.html\n=========================== short test summary info ===========================\nFAILED tests\\integration\\test_service_integration.py::TestServiceInitialization::test_service_initialization_order\n======================== 1 failed, 1 warning in 7.54s =========================\n"
    },
    {
      "number": 366,
      "name": "TestAskEndpoints::test_ask_validation_error",
      "status": "PASSED",
      "duration": 4.685988187789917,
      "file_path": "tests\\backend\\test_backend_comprehensive.py",
      "category": "Uncategorized",
      "worker_id": "2",
      "error_message": null
    },
    {
      "number": 365,
      "name": "TestCompleteWorkflows::test_new_user_onboarding_workflow",
      "status": "PASSED",
      "duration": 8.134544372558594,
      "file_path": "tests\\integration\\test_e2e_workflows.py",
      "category": "Integration Tests",
      "worker_id": "3",
      "error_message": null
    },
    {
      "number": 364,
      "name": "TestErrorScenarios::test_embeddings_failure_handling",
      "status": "FAILED",
      "duration": 9.992033243179321,
      "file_path": "tests\\integration\\test_full_workflow.py",
      "category": "Integration Tests",
      "worker_id": "4",
      "error_message": "============================= test session starts =============================\nplatform win32 -- Python 3.11.9, pytest-8.4.2, pluggy-1.6.0\nrootdir: C:\\Users\\kdejo\\DEV\\obsidian-llm-assistant\\obsidian-AI-assistant\\tests\nconfigfile: pytest.ini\nplugins: anyio-4.11.0, asyncio-1.2.0, cov-7.0.0\nasyncio: mode=Mode.STRICT, debug=False, asyncio_default_fixture_loop_scope=None, asyncio_default_test_loop_scope=function\ncollected 1 item\n\ntests\\integration\\test_full_workflow.py F                                [100%]\n\n================================== FAILURES ===================================\n_____________ TestErrorScenarios.test_embeddings_failure_handling _____________\ntests\\integration\\test_full_workflow.py:250: in test_embeddings_failure_handling\n    response = await client.post(\"/api/search\", params={\"query\": \"test query\"})\n               ^^^^^^^^^^^^^^^^^^^^^^^^^^^^^^^^^^^^^^^^^^^^^^^^^^^^^^^^^^^^^^^^\n..\\..\\..\\AppData\\Local\\Packages\\PythonSoftwareFoundation.Python.3.11_qbz5n2kfra8p0\\LocalCache\\local-packages\\Python311\\site-packages\\httpx\\_client.py:1859: in post\n    return await self.request(\n..\\..\\..\\AppData\\Local\\Packages\\PythonSoftwareFoundation.Python.3.11_qbz5n2kfra8p0\\LocalCache\\local-packages\\Python311\\site-packages\\httpx\\_client.py:1540: in request\n    return await self.send(request, auth=auth, follow_redirects=follow_redirects)\n           ^^^^^^^^^^^^^^^^^^^^^^^^^^^^^^^^^^^^^^^^^^^^^^^^^^^^^^^^^^^^^^^^^^^^^^\n..\\..\\..\\AppData\\Local\\Packages\\PythonSoftwareFoundation.Python.3.11_qbz5n2kfra8p0\\LocalCache\\local-packages\\Python311\\site-packages\\httpx\\_client.py:1629: in send\n    response = await self._send_handling_auth(\n..\\..\\..\\AppData\\Local\\Packages\\PythonSoftwareFoundation.Python.3.11_qbz5n2kfra8p0\\LocalCache\\local-packages\\Python311\\site-packages\\httpx\\_client.py:1657: in _send_handling_auth\n    response = await self._send_handling_redirects(\n..\\..\\..\\AppData\\Local\\Packages\\PythonSoftwareFoundation.Python.3.11_qbz5n2kfra8p0\\LocalCache\\local-packages\\Python311\\site-packages\\httpx\\_client.py:1694: in _send_handling_redirects\n    response = await self._send_single_request(request)\n               ^^^^^^^^^^^^^^^^^^^^^^^^^^^^^^^^^^^^^^^^\n..\\..\\..\\AppData\\Local\\Packages\\PythonSoftwareFoundation.Python.3.11_qbz5n2kfra8p0\\LocalCache\\local-packages\\Python311\\site-packages\\httpx\\_client.py:1730: in _send_single_request\n    response = await transport.handle_async_request(request)\n               ^^^^^^^^^^^^^^^^^^^^^^^^^^^^^^^^^^^^^^^^^^^^^\n..\\..\\..\\AppData\\Local\\Packages\\PythonSoftwareFoundation.Python.3.11_qbz5n2kfra8p0\\LocalCache\\local-packages\\Python311\\site-packages\\httpx\\_transports\\asgi.py:170: in handle_async_request\n    await self.app(scope, receive, send)\n..\\..\\..\\AppData\\Local\\Packages\\PythonSoftwareFoundation.Python.3.11_qbz5n2kfra8p0\\LocalCache\\local-packages\\Python311\\site-packages\\fastapi\\applications.py:1133: in __call__\n    await super().__call__(scope, receive, send)\n..\\..\\..\\AppData\\Local\\Packages\\PythonSoftwareFoundation.Python.3.11_qbz5n2kfra8p0\\LocalCache\\local-packages\\Python311\\site-packages\\starlette\\applications.py:113: in __call__\n    await self.middleware_stack(scope, receive, send)\n..\\..\\..\\AppData\\Local\\Packages\\PythonSoftwareFoundation.Python.3.11_qbz5n2kfra8p0\\LocalCache\\local-packages\\Python311\\site-packages\\starlette\\middleware\\errors.py:186: in __call__\n    raise exc\n..\\..\\..\\AppData\\Local\\Packages\\PythonSoftwareFoundation.Python.3.11_qbz5n2kfra8p0\\LocalCache\\local-packages\\Python311\\site-packages\\starlette\\middleware\\errors.py:164: in __call__\n    await self.app(scope, receive, _send)\n..\\..\\..\\AppData\\Local\\Packages\\PythonSoftwareFoundation.Python.3.11_qbz5n2kfra8p0\\LocalCache\\local-packages\\Python311\\site-packages\\starlette\\middleware\\cors.py:85: in __call__\n    await self.app(scope, receive, send)\n..\\..\\..\\AppData\\Local\\Packages\\PythonSoftwareFoundation.Python.3.11_qbz5n2kfra8p0\\LocalCache\\local-packages\\Python311\\site-packages\\starlette\\middleware\\exceptions.py:63: in __call__\n    await wrap_app_handling_exceptions(self.app, conn)(scope, receive, send)\n..\\..\\..\\AppData\\Local\\Packages\\PythonSoftwareFoundation.Python.3.11_qbz5n2kfra8p0\\LocalCache\\local-packages\\Python311\\site-packages\\starlette\\_exception_handler.py:53: in wrapped_app\n    raise exc\n..\\..\\..\\AppData\\Local\\Packages\\PythonSoftwareFoundation.Python.3.11_qbz5n2kfra8p0\\LocalCache\\local-packages\\Python311\\site-packages\\starlette\\_exception_handler.py:42: in wrapped_app\n    await app(scope, receive, sender)\n..\\..\\..\\AppData\\Local\\Packages\\PythonSoftwareFoundation.Python.3.11_qbz5n2kfra8p0\\LocalCache\\local-packages\\Python311\\site-packages\\fastapi\\middleware\\asyncexitstack.py:18: in __call__\n    await self.app(scope, receive, send)\n..\\..\\..\\AppData\\Local\\Packages\\PythonSoftwareFoundation.Python.3.11_qbz5n2kfra8p0\\LocalCache\\local-packages\\Python311\\site-packages\\starlette\\routing.py:716: in __call__\n    await self.middleware_stack(scope, receive, send)\n..\\..\\..\\AppData\\Local\\Packages\\PythonSoftwareFoundation.Python.3.11_qbz5n2kfra8p0\\LocalCache\\local-packages\\Python311\\site-packages\\starlette\\routing.py:736: in app\n    await route.handle(scope, receive, send)\n..\\..\\..\\AppData\\Local\\Packages\\PythonSoftwareFoundation.Python.3.11_qbz5n2kfra8p0\\LocalCache\\local-packages\\Python311\\site-packages\\starlette\\routing.py:290: in handle\n    await self.app(scope, receive, send)\n..\\..\\..\\AppData\\Local\\Packages\\PythonSoftwareFoundation.Python.3.11_qbz5n2kfra8p0\\LocalCache\\local-packages\\Python311\\site-packages\\fastapi\\routing.py:123: in app\n    await wrap_app_handling_exceptions(app, request)(scope, receive, send)\n..\\..\\..\\AppData\\Local\\Packages\\PythonSoftwareFoundation.Python.3.11_qbz5n2kfra8p0\\LocalCache\\local-packages\\Python311\\site-packages\\starlette\\_exception_handler.py:53: in wrapped_app\n    raise exc\n..\\..\\..\\AppData\\Local\\Packages\\PythonSoftwareFoundation.Python.3.11_qbz5n2kfra8p0\\LocalCache\\local-packages\\Python311\\site-packages\\starlette\\_exception_handler.py:42: in wrapped_app\n    await app(scope, receive, sender)\n..\\..\\..\\AppData\\Local\\Packages\\PythonSoftwareFoundation.Python.3.11_qbz5n2kfra8p0\\LocalCache\\local-packages\\Python311\\site-packages\\fastapi\\routing.py:109: in app\n    response = await f(request)\n               ^^^^^^^^^^^^^^^^\n..\\..\\..\\AppData\\Local\\Packages\\PythonSoftwareFoundation.Python.3.11_qbz5n2kfra8p0\\LocalCache\\local-packages\\Python311\\site-packages\\fastapi\\routing.py:387: in app\n    raw_response = await run_endpoint_function(\n..\\..\\..\\AppData\\Local\\Packages\\PythonSoftwareFoundation.Python.3.11_qbz5n2kfra8p0\\LocalCache\\local-packages\\Python311\\site-packages\\fastapi\\routing.py:288: in run_endpoint_function\n    return await dependant.call(**values)\n           ^^^^^^^^^^^^^^^^^^^^^^^^^^^^^^\nbackend\\backend.py:395: in search\n    hits = emb_manager.search(query, top_k=top_k)\n           ^^^^^^^^^^^^^^^^^^^^^^^^^^^^^^^^^^^^^^\nC:\\Program Files\\WindowsApps\\PythonSoftwareFoundation.Python.3.11_3.11.2544.0_x64__qbz5n2kfra8p0\\Lib\\unittest\\mock.py:1124: in __call__\n    return self._mock_call(*args, **kwargs)\n           ^^^^^^^^^^^^^^^^^^^^^^^^^^^^^^^^\nC:\\Program Files\\WindowsApps\\PythonSoftwareFoundation.Python.3.11_3.11.2544.0_x64__qbz5n2kfra8p0\\Lib\\unittest\\mock.py:1128: in _mock_call\n    return self._execute_mock_call(*args, **kwargs)\n           ^^^^^^^^^^^^^^^^^^^^^^^^^^^^^^^^^^^^^^^^\nC:\\Program Files\\WindowsApps\\PythonSoftwareFoundation.Python.3.11_3.11.2544.0_x64__qbz5n2kfra8p0\\Lib\\unittest\\mock.py:1183: in _execute_mock_call\n    raise effect\nE   Exception: Embeddings service down\n============================== warnings summary ===============================\n..\\..\\..\\AppData\\Local\\Packages\\PythonSoftwareFoundation.Python.3.11_qbz5n2kfra8p0\\LocalCache\\local-packages\\Python311\\site-packages\\PyPDF2\\__init__.py:21\n  C:\\Users\\kdejo\\AppData\\Local\\Packages\\PythonSoftwareFoundation.Python.3.11_qbz5n2kfra8p0\\LocalCache\\local-packages\\Python311\\site-packages\\PyPDF2\\__init__.py:21: DeprecationWarning: PyPDF2 is deprecated. Please move to the pypdf library instead.\n    warnings.warn(\n\n-- Docs: https://docs.pytest.org/en/stable/how-to/capture-warnings.html\n=========================== short test summary info ===========================\nFAILED tests\\integration\\test_full_workflow.py::TestErrorScenarios::test_embeddings_failure_handling\n======================== 1 failed, 1 warning in 7.50s =========================\n"
    },
    {
      "number": 371,
      "name": "TestCompleteWorkflows::test_client_with_real_cache",
      "status": "FAILED",
      "duration": 1.7383112907409668,
      "file_path": "tests\\integration\\test_e2e_workflows.py",
      "category": "Integration Tests",
      "worker_id": "3",
      "error_message": "============================= test session starts =============================\nplatform win32 -- Python 3.11.9, pytest-8.4.2, pluggy-1.6.0\nrootdir: C:\\Users\\kdejo\\DEV\\obsidian-llm-assistant\\obsidian-AI-assistant\\tests\nconfigfile: pytest.ini\nplugins: anyio-4.11.0, asyncio-1.2.0, cov-7.0.0\nasyncio: mode=Mode.STRICT, debug=False, asyncio_default_fixture_loop_scope=None, asyncio_default_test_loop_scope=function\ncollected 0 items\n\n============================ no tests ran in 0.07s ============================\nERROR: not found: C:\\Users\\kdejo\\DEV\\obsidian-llm-assistant\\obsidian-AI-assistant\\tests\\integration\\test_e2e_workflows.py::TestCompleteWorkflows::test_client_with_real_cache\n(no match in any of [<Class TestCompleteWorkflows>])\n\n"
    },
    {
      "number": 367,
      "name": "TestErrorHandlingIntegration::test_service_failure_handling",
      "status": "PASSED",
      "duration": 7.812995195388794,
      "file_path": "tests\\integration\\test_backend_integration.py",
      "category": "Integration Tests",
      "worker_id": "5",
      "error_message": null
    },
    {
      "number": 368,
      "name": "TestAPIIntegration::test_reindex_endpoint_integration",
      "status": "PASSED",
      "duration": 7.525278568267822,
      "file_path": "tests\\integration\\test_api_integration.py",
      "category": "Integration Tests",
      "worker_id": "6",
      "error_message": null
    },
    {
      "number": 370,
      "name": "TestErrorHandling::test_unsupported_http_methods",
      "status": "PASSED",
      "duration": 4.313547849655151,
      "file_path": "tests\\backend\\test_backend_comprehensive.py",
      "category": "Uncategorized",
      "worker_id": "2",
      "error_message": null
    },
    {
      "number": 369,
      "name": "TestCrossServiceCommunication::test_model_and_embeddings_context_integration",
      "status": "FAILED",
      "duration": 8.801501750946045,
      "file_path": "tests\\integration\\test_service_integration.py",
      "category": "Integration Tests",
      "worker_id": "2",
      "error_message": "============================= test session starts =============================\nplatform win32 -- Python 3.11.9, pytest-8.4.2, pluggy-1.6.0\nrootdir: C:\\Users\\kdejo\\DEV\\obsidian-llm-assistant\\obsidian-AI-assistant\\tests\nconfigfile: pytest.ini\nplugins: anyio-4.11.0, asyncio-1.2.0, cov-7.0.0\nasyncio: mode=Mode.STRICT, debug=False, asyncio_default_fixture_loop_scope=None, asyncio_default_test_loop_scope=function\ncollected 1 item\n\ntests\\integration\\test_service_integration.py F                          [100%]\n\n================================== FAILURES ===================================\n_ TestCrossServiceCommunication.test_model_and_embeddings_context_integration _\ntests\\integration\\test_service_integration.py:332: in test_model_and_embeddings_context_integration\n    response = await client.post(\"/api/ask\", json=request_data)\n               ^^^^^^^^^^^^^^^^^^^^^^^^^^^^^^^^^^^^^^^^^^^^^^^^\nE   TypeError: object Response can't be used in 'await' expression\n---------------------------- Captured stdout call -----------------------------\n[Performance] Initialized connection pools (task queue will start on first async call)\n[ModelManager] Warning: .env not found, relying on system env vars.\n[ModelManager] Warning: No Hugging Face token provided or found in environment!\n[ModelManager] Warning: models.txt not found. No models loaded.\n[ModelManager] No models available at all!\n[_ask_impl] Error generating answer: Model unavailable\n------------------------------ Captured log call ------------------------------\nERROR    chromadb.telemetry.product.posthog:posthog.py:61 Failed to send telemetry event ClientStartEvent: capture() takes 1 positional argument but 3 were given\nERROR    chromadb.telemetry.product.posthog:posthog.py:61 Failed to send telemetry event ClientCreateCollectionEvent: capture() takes 1 positional argument but 3 were given\nERROR    chromadb.telemetry.product.posthog:posthog.py:61 Failed to send telemetry event ClientStartEvent: capture() takes 1 positional argument but 3 were given\nERROR    chromadb.telemetry.product.posthog:posthog.py:61 Failed to send telemetry event ClientCreateCollectionEvent: capture() takes 1 positional argument but 3 were given\nERROR    backend.utils:utils.py:14 [HybridLLMRouter] Error during generation\nTraceback (most recent call last):\n  File \"C:\\Users\\kdejo\\DEV\\obsidian-llm-assistant\\obsidian-AI-assistant\\backend\\utils.py\", line 10, in safe_call\n    return fn(*args, **kwargs)\n           ^^^^^^^^^^^^^^^^^^^\n  File \"C:\\Users\\kdejo\\DEV\\obsidian-llm-assistant\\obsidian-AI-assistant\\backend\\llm_router.py\", line 126, in do_generate\n    self.llama = Llama(model_path=self._llama_model_path, n_ctx=2048, n_threads=4)\n                 ^^^^^^^^^^^^^^^^^^^^^^^^^^^^^^^^^^^^^^^^^^^^^^^^^^^^^^^^^^^^^^^^^\n  File \"C:\\Users\\kdejo\\AppData\\Local\\Packages\\PythonSoftwareFoundation.Python.3.11_qbz5n2kfra8p0\\LocalCache\\local-packages\\Python311\\site-packages\\llama_cpp\\llama.py\", line 370, in __init__\n    raise ValueError(f\"Model path does not exist: {model_path}\")\nValueError: Model path does not exist: models/llama-7b-q4.bin\n============================== warnings summary ===============================\n..\\..\\..\\AppData\\Local\\Packages\\PythonSoftwareFoundation.Python.3.11_qbz5n2kfra8p0\\LocalCache\\local-packages\\Python311\\site-packages\\PyPDF2\\__init__.py:21\n  C:\\Users\\kdejo\\AppData\\Local\\Packages\\PythonSoftwareFoundation.Python.3.11_qbz5n2kfra8p0\\LocalCache\\local-packages\\Python311\\site-packages\\PyPDF2\\__init__.py:21: DeprecationWarning: PyPDF2 is deprecated. Please move to the pypdf library instead.\n    warnings.warn(\n\n-- Docs: https://docs.pytest.org/en/stable/how-to/capture-warnings.html\n=========================== short test summary info ===========================\nFAILED tests\\integration\\test_service_integration.py::TestCrossServiceCommunication::test_model_and_embeddings_context_integration\n======================== 1 failed, 1 warning in 6.47s =========================\n"
    },
    {
      "number": 376,
      "name": "TestConfigurationEndpoints::test_reload_config",
      "status": "PASSED",
      "duration": 3.9683263301849365,
      "file_path": "tests\\backend\\test_backend_comprehensive.py",
      "category": "Uncategorized",
      "worker_id": "2",
      "error_message": null
    },
    {
      "number": 374,
      "name": "TestBackendServiceAccess::test_service_singletons_exist",
      "status": "PASSED",
      "duration": 6.5483691692352295,
      "file_path": "tests\\integration\\test_backend_integration.py",
      "category": "Integration Tests",
      "worker_id": "5",
      "error_message": null
    },
    {
      "number": 373,
      "name": "TestCompleteWorkflows::test_content_management_workflow",
      "status": "FAILED",
      "duration": 8.209766864776611,
      "file_path": "tests\\integration\\test_e2e_workflows.py",
      "category": "Integration Tests",
      "worker_id": "3",
      "error_message": "============================= test session starts =============================\nplatform win32 -- Python 3.11.9, pytest-8.4.2, pluggy-1.6.0\nrootdir: C:\\Users\\kdejo\\DEV\\obsidian-llm-assistant\\obsidian-AI-assistant\\tests\nconfigfile: pytest.ini\nplugins: anyio-4.11.0, asyncio-1.2.0, cov-7.0.0\nasyncio: mode=Mode.STRICT, debug=False, asyncio_default_fixture_loop_scope=None, asyncio_default_test_loop_scope=function\ncollected 1 item\n\ntests\\integration\\test_e2e_workflows.py F                                [100%]\n\n================================== FAILURES ===================================\n___________ TestCompleteWorkflows.test_content_management_workflow ____________\ntests\\integration\\test_e2e_workflows.py:167: in test_content_management_workflow\n    initial_results = response.json([\"results\"])\n                      ^^^^^^^^^^^^^^^^^^^^^^^^^^\nE   TypeError: Response.json() takes 1 positional argument but 2 were given\n---------------------------- Captured stdout setup ----------------------------\nEnterprise features not available: No module named 'jwt'\n[Performance] Initialized connection pools (task queue will start on first async call)\n[ModelManager] Warning: .env not found, relying on system env vars.\n[ModelManager] Warning: No Hugging Face token provided or found in environment!\n[ModelManager] Warning: models.txt not found. No models loaded.\n[ModelManager] No models available at all!\n----------------------------- Captured log setup ------------------------------\nERROR    chromadb.telemetry.product.posthog:posthog.py:61 Failed to send telemetry event ClientStartEvent: capture() takes 1 positional argument but 3 were given\nERROR    chromadb.telemetry.product.posthog:posthog.py:61 Failed to send telemetry event ClientCreateCollectionEvent: capture() takes 1 positional argument but 3 were given\nERROR    chromadb.telemetry.product.posthog:posthog.py:61 Failed to send telemetry event ClientStartEvent: capture() takes 1 positional argument but 3 were given\nERROR    chromadb.telemetry.product.posthog:posthog.py:61 Failed to send telemetry event ClientCreateCollectionEvent: capture() takes 1 positional argument but 3 were given\n============================== warnings summary ===============================\nintegration/test_e2e_workflows.py::TestCompleteWorkflows::test_content_management_workflow\n  C:\\Users\\kdejo\\AppData\\Local\\Packages\\PythonSoftwareFoundation.Python.3.11_qbz5n2kfra8p0\\LocalCache\\local-packages\\Python311\\site-packages\\PyPDF2\\__init__.py:21: DeprecationWarning: PyPDF2 is deprecated. Please move to the pypdf library instead.\n    warnings.warn(\n\n-- Docs: https://docs.pytest.org/en/stable/how-to/capture-warnings.html\n=========================== short test summary info ===========================\nFAILED tests\\integration\\test_e2e_workflows.py::TestCompleteWorkflows::test_content_management_workflow\n======================== 1 failed, 1 warning in 5.97s =========================\n"
    },
    {
      "number": 375,
      "name": "TestAPIErrorHandling::test_config_endpoint_error_handling",
      "status": "PASSED",
      "duration": 6.934074640274048,
      "file_path": "tests\\integration\\test_api_integration.py",
      "category": "Integration Tests",
      "worker_id": "6",
      "error_message": null
    },
    {
      "number": 372,
      "name": "TestErrorScenarios::test_indexing_failure_handling",
      "status": "FAILED",
      "duration": 9.03798222541809,
      "file_path": "tests\\integration\\test_full_workflow.py",
      "category": "Integration Tests",
      "worker_id": "4",
      "error_message": "============================= test session starts =============================\nplatform win32 -- Python 3.11.9, pytest-8.4.2, pluggy-1.6.0\nrootdir: C:\\Users\\kdejo\\DEV\\obsidian-llm-assistant\\obsidian-AI-assistant\\tests\nconfigfile: pytest.ini\nplugins: anyio-4.11.0, asyncio-1.2.0, cov-7.0.0\nasyncio: mode=Mode.STRICT, debug=False, asyncio_default_fixture_loop_scope=None, asyncio_default_test_loop_scope=function\ncollected 1 item\n\ntests\\integration\\test_full_workflow.py F                                [100%]\n\n================================== FAILURES ===================================\n______________ TestErrorScenarios.test_indexing_failure_handling ______________\ntests\\integration\\test_full_workflow.py:262: in test_indexing_failure_handling\n    response = await client.post(\"/api/scan_vault\", params={\"vault_path\": \"./vault\"})\n               ^^^^^^^^^^^^^^^^^^^^^^^^^^^^^^^^^^^^^^^^^^^^^^^^^^^^^^^^^^^^^^^^^^^^^^\n..\\..\\..\\AppData\\Local\\Packages\\PythonSoftwareFoundation.Python.3.11_qbz5n2kfra8p0\\LocalCache\\local-packages\\Python311\\site-packages\\httpx\\_client.py:1859: in post\n    return await self.request(\n..\\..\\..\\AppData\\Local\\Packages\\PythonSoftwareFoundation.Python.3.11_qbz5n2kfra8p0\\LocalCache\\local-packages\\Python311\\site-packages\\httpx\\_client.py:1540: in request\n    return await self.send(request, auth=auth, follow_redirects=follow_redirects)\n           ^^^^^^^^^^^^^^^^^^^^^^^^^^^^^^^^^^^^^^^^^^^^^^^^^^^^^^^^^^^^^^^^^^^^^^\n..\\..\\..\\AppData\\Local\\Packages\\PythonSoftwareFoundation.Python.3.11_qbz5n2kfra8p0\\LocalCache\\local-packages\\Python311\\site-packages\\httpx\\_client.py:1629: in send\n    response = await self._send_handling_auth(\n..\\..\\..\\AppData\\Local\\Packages\\PythonSoftwareFoundation.Python.3.11_qbz5n2kfra8p0\\LocalCache\\local-packages\\Python311\\site-packages\\httpx\\_client.py:1657: in _send_handling_auth\n    response = await self._send_handling_redirects(\n..\\..\\..\\AppData\\Local\\Packages\\PythonSoftwareFoundation.Python.3.11_qbz5n2kfra8p0\\LocalCache\\local-packages\\Python311\\site-packages\\httpx\\_client.py:1694: in _send_handling_redirects\n    response = await self._send_single_request(request)\n               ^^^^^^^^^^^^^^^^^^^^^^^^^^^^^^^^^^^^^^^^\n..\\..\\..\\AppData\\Local\\Packages\\PythonSoftwareFoundation.Python.3.11_qbz5n2kfra8p0\\LocalCache\\local-packages\\Python311\\site-packages\\httpx\\_client.py:1730: in _send_single_request\n    response = await transport.handle_async_request(request)\n               ^^^^^^^^^^^^^^^^^^^^^^^^^^^^^^^^^^^^^^^^^^^^^\n..\\..\\..\\AppData\\Local\\Packages\\PythonSoftwareFoundation.Python.3.11_qbz5n2kfra8p0\\LocalCache\\local-packages\\Python311\\site-packages\\httpx\\_transports\\asgi.py:170: in handle_async_request\n    await self.app(scope, receive, send)\n..\\..\\..\\AppData\\Local\\Packages\\PythonSoftwareFoundation.Python.3.11_qbz5n2kfra8p0\\LocalCache\\local-packages\\Python311\\site-packages\\fastapi\\applications.py:1133: in __call__\n    await super().__call__(scope, receive, send)\n..\\..\\..\\AppData\\Local\\Packages\\PythonSoftwareFoundation.Python.3.11_qbz5n2kfra8p0\\LocalCache\\local-packages\\Python311\\site-packages\\starlette\\applications.py:113: in __call__\n    await self.middleware_stack(scope, receive, send)\n..\\..\\..\\AppData\\Local\\Packages\\PythonSoftwareFoundation.Python.3.11_qbz5n2kfra8p0\\LocalCache\\local-packages\\Python311\\site-packages\\starlette\\middleware\\errors.py:186: in __call__\n    raise exc\n..\\..\\..\\AppData\\Local\\Packages\\PythonSoftwareFoundation.Python.3.11_qbz5n2kfra8p0\\LocalCache\\local-packages\\Python311\\site-packages\\starlette\\middleware\\errors.py:164: in __call__\n    await self.app(scope, receive, _send)\n..\\..\\..\\AppData\\Local\\Packages\\PythonSoftwareFoundation.Python.3.11_qbz5n2kfra8p0\\LocalCache\\local-packages\\Python311\\site-packages\\starlette\\middleware\\cors.py:85: in __call__\n    await self.app(scope, receive, send)\n..\\..\\..\\AppData\\Local\\Packages\\PythonSoftwareFoundation.Python.3.11_qbz5n2kfra8p0\\LocalCache\\local-packages\\Python311\\site-packages\\starlette\\middleware\\exceptions.py:63: in __call__\n    await wrap_app_handling_exceptions(self.app, conn)(scope, receive, send)\n..\\..\\..\\AppData\\Local\\Packages\\PythonSoftwareFoundation.Python.3.11_qbz5n2kfra8p0\\LocalCache\\local-packages\\Python311\\site-packages\\starlette\\_exception_handler.py:53: in wrapped_app\n    raise exc\n..\\..\\..\\AppData\\Local\\Packages\\PythonSoftwareFoundation.Python.3.11_qbz5n2kfra8p0\\LocalCache\\local-packages\\Python311\\site-packages\\starlette\\_exception_handler.py:42: in wrapped_app\n    await app(scope, receive, sender)\n..\\..\\..\\AppData\\Local\\Packages\\PythonSoftwareFoundation.Python.3.11_qbz5n2kfra8p0\\LocalCache\\local-packages\\Python311\\site-packages\\fastapi\\middleware\\asyncexitstack.py:18: in __call__\n    await self.app(scope, receive, send)\n..\\..\\..\\AppData\\Local\\Packages\\PythonSoftwareFoundation.Python.3.11_qbz5n2kfra8p0\\LocalCache\\local-packages\\Python311\\site-packages\\starlette\\routing.py:716: in __call__\n    await self.middleware_stack(scope, receive, send)\n..\\..\\..\\AppData\\Local\\Packages\\PythonSoftwareFoundation.Python.3.11_qbz5n2kfra8p0\\LocalCache\\local-packages\\Python311\\site-packages\\starlette\\routing.py:736: in app\n    await route.handle(scope, receive, send)\n..\\..\\..\\AppData\\Local\\Packages\\PythonSoftwareFoundation.Python.3.11_qbz5n2kfra8p0\\LocalCache\\local-packages\\Python311\\site-packages\\starlette\\routing.py:290: in handle\n    await self.app(scope, receive, send)\n..\\..\\..\\AppData\\Local\\Packages\\PythonSoftwareFoundation.Python.3.11_qbz5n2kfra8p0\\LocalCache\\local-packages\\Python311\\site-packages\\fastapi\\routing.py:123: in app\n    await wrap_app_handling_exceptions(app, request)(scope, receive, send)\n..\\..\\..\\AppData\\Local\\Packages\\PythonSoftwareFoundation.Python.3.11_qbz5n2kfra8p0\\LocalCache\\local-packages\\Python311\\site-packages\\starlette\\_exception_handler.py:53: in wrapped_app\n    raise exc\n..\\..\\..\\AppData\\Local\\Packages\\PythonSoftwareFoundation.Python.3.11_qbz5n2kfra8p0\\LocalCache\\local-packages\\Python311\\site-packages\\starlette\\_exception_handler.py:42: in wrapped_app\n    await app(scope, receive, sender)\n..\\..\\..\\AppData\\Local\\Packages\\PythonSoftwareFoundation.Python.3.11_qbz5n2kfra8p0\\LocalCache\\local-packages\\Python311\\site-packages\\fastapi\\routing.py:109: in app\n    response = await f(request)\n               ^^^^^^^^^^^^^^^^\n..\\..\\..\\AppData\\Local\\Packages\\PythonSoftwareFoundation.Python.3.11_qbz5n2kfra8p0\\LocalCache\\local-packages\\Python311\\site-packages\\fastapi\\routing.py:387: in app\n    raw_response = await run_endpoint_function(\n..\\..\\..\\AppData\\Local\\Packages\\PythonSoftwareFoundation.Python.3.11_qbz5n2kfra8p0\\LocalCache\\local-packages\\Python311\\site-packages\\fastapi\\routing.py:288: in run_endpoint_function\n    return await dependant.call(**values)\n           ^^^^^^^^^^^^^^^^^^^^^^^^^^^^^^\nbackend\\backend.py:316: in scan_vault\n    updated_files = vault_indexer.index_vault(vault_path)\n                    ^^^^^^^^^^^^^^^^^^^^^^^^^^^^^^^^^^^^^\nC:\\Program Files\\WindowsApps\\PythonSoftwareFoundation.Python.3.11_3.11.2544.0_x64__qbz5n2kfra8p0\\Lib\\unittest\\mock.py:1124: in __call__\n    return self._mock_call(*args, **kwargs)\n           ^^^^^^^^^^^^^^^^^^^^^^^^^^^^^^^^\nC:\\Program Files\\WindowsApps\\PythonSoftwareFoundation.Python.3.11_3.11.2544.0_x64__qbz5n2kfra8p0\\Lib\\unittest\\mock.py:1128: in _mock_call\n    return self._execute_mock_call(*args, **kwargs)\n           ^^^^^^^^^^^^^^^^^^^^^^^^^^^^^^^^^^^^^^^^\nC:\\Program Files\\WindowsApps\\PythonSoftwareFoundation.Python.3.11_3.11.2544.0_x64__qbz5n2kfra8p0\\Lib\\unittest\\mock.py:1183: in _execute_mock_call\n    raise effect\nE   Exception: Indexing failed\n============================== warnings summary ===============================\n..\\..\\..\\AppData\\Local\\Packages\\PythonSoftwareFoundation.Python.3.11_qbz5n2kfra8p0\\LocalCache\\local-packages\\Python311\\site-packages\\PyPDF2\\__init__.py:21\n  C:\\Users\\kdejo\\AppData\\Local\\Packages\\PythonSoftwareFoundation.Python.3.11_qbz5n2kfra8p0\\LocalCache\\local-packages\\Python311\\site-packages\\PyPDF2\\__init__.py:21: DeprecationWarning: PyPDF2 is deprecated. Please move to the pypdf library instead.\n    warnings.warn(\n\n-- Docs: https://docs.pytest.org/en/stable/how-to/capture-warnings.html\n=========================== short test summary info ===========================\nFAILED tests\\integration\\test_full_workflow.py::TestErrorScenarios::test_indexing_failure_handling\n======================== 1 failed, 1 warning in 6.67s =========================\n"
    },
    {
      "number": 378,
      "name": "TestHealthEndpoints::test_status_endpoint",
      "status": "PASSED",
      "duration": 4.042077541351318,
      "file_path": "tests\\backend\\test_backend_comprehensive.py",
      "category": "Uncategorized",
      "worker_id": "2",
      "error_message": null
    },
    {
      "number": 377,
      "name": "TestCrossServiceCommunication::test_cache_workflow_integration",
      "status": "FAILED",
      "duration": 8.28146767616272,
      "file_path": "tests\\integration\\test_service_integration.py",
      "category": "Integration Tests",
      "worker_id": "2",
      "error_message": "============================= test session starts =============================\nplatform win32 -- Python 3.11.9, pytest-8.4.2, pluggy-1.6.0\nrootdir: C:\\Users\\kdejo\\DEV\\obsidian-llm-assistant\\obsidian-AI-assistant\\tests\nconfigfile: pytest.ini\nplugins: anyio-4.11.0, asyncio-1.2.0, cov-7.0.0\nasyncio: mode=Mode.STRICT, debug=False, asyncio_default_fixture_loop_scope=None, asyncio_default_test_loop_scope=function\ncollected 1 item\n\ntests\\integration\\test_service_integration.py F                          [100%]\n\n================================== FAILURES ===================================\n________ TestCrossServiceCommunication.test_cache_workflow_integration ________\ntests\\integration\\test_service_integration.py:239: in test_cache_workflow_integration\n    response1 = await client.post(\"/api/ask\", json=request_data)\n                ^^^^^^^^^^^^^^^^^^^^^^^^^^^^^^^^^^^^^^^^^^^^^^^^\nE   TypeError: object Response can't be used in 'await' expression\n============================== warnings summary ===============================\n..\\..\\..\\AppData\\Local\\Packages\\PythonSoftwareFoundation.Python.3.11_qbz5n2kfra8p0\\LocalCache\\local-packages\\Python311\\site-packages\\PyPDF2\\__init__.py:21\n  C:\\Users\\kdejo\\AppData\\Local\\Packages\\PythonSoftwareFoundation.Python.3.11_qbz5n2kfra8p0\\LocalCache\\local-packages\\Python311\\site-packages\\PyPDF2\\__init__.py:21: DeprecationWarning: PyPDF2 is deprecated. Please move to the pypdf library instead.\n    warnings.warn(\n\n-- Docs: https://docs.pytest.org/en/stable/how-to/capture-warnings.html\n=========================== short test summary info ===========================\nFAILED tests\\integration\\test_service_integration.py::TestCrossServiceCommunication::test_cache_workflow_integration\n======================== 1 failed, 1 warning in 6.07s =========================\n"
    },
    {
      "number": 383,
      "name": "TestConfigurationEndpoints::test_get_config",
      "status": "PASSED",
      "duration": 3.8359060287475586,
      "file_path": "tests\\backend\\test_backend_comprehensive.py",
      "category": "Uncategorized",
      "worker_id": "2",
      "error_message": null
    },
    {
      "number": 379,
      "name": "TestBackendHealthAndBasics::test_backend_module_imports",
      "status": "PASSED",
      "duration": 6.390283823013306,
      "file_path": "tests\\integration\\test_backend_integration.py",
      "category": "Integration Tests",
      "worker_id": "5",
      "error_message": null
    },
    {
      "number": 382,
      "name": "test_cached_response_scenario",
      "status": "FAILED",
      "duration": 6.459513187408447,
      "file_path": "tests\\integration\\test_full_workflow.py",
      "category": "Integration Tests",
      "worker_id": "4",
      "error_message": "============================= test session starts =============================\nplatform win32 -- Python 3.11.9, pytest-8.4.2, pluggy-1.6.0\nrootdir: C:\\Users\\kdejo\\DEV\\obsidian-llm-assistant\\obsidian-AI-assistant\\tests\nconfigfile: pytest.ini\nplugins: anyio-4.11.0, asyncio-1.2.0, cov-7.0.0\nasyncio: mode=Mode.STRICT, debug=False, asyncio_default_fixture_loop_scope=None, asyncio_default_test_loop_scope=function\ncollected 0 items\n\n============================== warnings summary ===============================\n..\\..\\..\\AppData\\Local\\Packages\\PythonSoftwareFoundation.Python.3.11_qbz5n2kfra8p0\\LocalCache\\local-packages\\Python311\\site-packages\\PyPDF2\\__init__.py:21\n  C:\\Users\\kdejo\\AppData\\Local\\Packages\\PythonSoftwareFoundation.Python.3.11_qbz5n2kfra8p0\\LocalCache\\local-packages\\Python311\\site-packages\\PyPDF2\\__init__.py:21: DeprecationWarning: PyPDF2 is deprecated. Please move to the pypdf library instead.\n    warnings.warn(\n\n-- Docs: https://docs.pytest.org/en/stable/how-to/capture-warnings.html\n============================= 1 warning in 4.34s ==============================\nERROR: not found: C:\\Users\\kdejo\\DEV\\obsidian-llm-assistant\\obsidian-AI-assistant\\tests\\integration\\test_full_workflow.py::test_cached_response_scenario\n(no match in any of [<Module test_full_workflow.py>])\n\n"
    },
    {
      "number": 381,
      "name": "TestAPIPerformance::test_concurrent_api_requests",
      "status": "PASSED",
      "duration": 6.789208650588989,
      "file_path": "tests\\integration\\test_api_integration.py",
      "category": "Integration Tests",
      "worker_id": "6",
      "error_message": null
    },
    {
      "number": 380,
      "name": "TestCompleteWorkflows::test_configuration_and_settings_workflow",
      "status": "FAILED",
      "duration": 8.040724277496338,
      "file_path": "tests\\integration\\test_e2e_workflows.py",
      "category": "Integration Tests",
      "worker_id": "3",
      "error_message": "============================= test session starts =============================\nplatform win32 -- Python 3.11.9, pytest-8.4.2, pluggy-1.6.0\nrootdir: C:\\Users\\kdejo\\DEV\\obsidian-llm-assistant\\obsidian-AI-assistant\\tests\nconfigfile: pytest.ini\nplugins: anyio-4.11.0, asyncio-1.2.0, cov-7.0.0\nasyncio: mode=Mode.STRICT, debug=False, asyncio_default_fixture_loop_scope=None, asyncio_default_test_loop_scope=function\ncollected 1 item\n\ntests\\integration\\test_e2e_workflows.py F                                [100%]\n\n================================== FAILURES ===================================\n_______ TestCompleteWorkflows.test_configuration_and_settings_workflow ________\ntests\\integration\\test_e2e_workflows.py:217: in test_configuration_and_settings_workflow\n    assert \"backend_url\" in updated_config\nE   AssertionError: assert 'backend_url' in {'allow_network': True, 'api_port': 9999, 'cache_dir': 'cache', 'chunk_overlap': 200, ...}\n---------------------------- Captured stdout setup ----------------------------\nEnterprise features not available: No module named 'jwt'\n[Performance] Initialized connection pools (task queue will start on first async call)\n[ModelManager] Warning: .env not found, relying on system env vars.\n[ModelManager] Warning: No Hugging Face token provided or found in environment!\n[ModelManager] Warning: models.txt not found. No models loaded.\n[ModelManager] No models available at all!\n----------------------------- Captured log setup ------------------------------\nERROR    chromadb.telemetry.product.posthog:posthog.py:61 Failed to send telemetry event ClientStartEvent: capture() takes 1 positional argument but 3 were given\nERROR    chromadb.telemetry.product.posthog:posthog.py:61 Failed to send telemetry event ClientCreateCollectionEvent: capture() takes 1 positional argument but 3 were given\nERROR    chromadb.telemetry.product.posthog:posthog.py:61 Failed to send telemetry event ClientStartEvent: capture() takes 1 positional argument but 3 were given\nERROR    chromadb.telemetry.product.posthog:posthog.py:61 Failed to send telemetry event ClientCreateCollectionEvent: capture() takes 1 positional argument but 3 were given\n============================== warnings summary ===============================\nintegration/test_e2e_workflows.py::TestCompleteWorkflows::test_configuration_and_settings_workflow\n  C:\\Users\\kdejo\\AppData\\Local\\Packages\\PythonSoftwareFoundation.Python.3.11_qbz5n2kfra8p0\\LocalCache\\local-packages\\Python311\\site-packages\\PyPDF2\\__init__.py:21: DeprecationWarning: PyPDF2 is deprecated. Please move to the pypdf library instead.\n    warnings.warn(\n\nintegration/test_e2e_workflows.py::TestCompleteWorkflows::test_configuration_and_settings_workflow\nintegration/test_e2e_workflows.py::TestCompleteWorkflows::test_configuration_and_settings_workflow\n  C:\\Users\\kdejo\\DEV\\obsidian-llm-assistant\\obsidian-AI-assistant\\backend\\backend.py:227: PydanticDeprecatedSince20: The `dict` method is deprecated; use `model_dump` instead. Deprecated in Pydantic V2.0 to be removed in V3.0. See Pydantic V2 Migration Guide at https://errors.pydantic.dev/2.12/migration/\n    data = s.dict()\n\nintegration/test_e2e_workflows.py::TestCompleteWorkflows::test_configuration_and_settings_workflow\n  C:\\Users\\kdejo\\DEV\\obsidian-llm-assistant\\obsidian-AI-assistant\\backend\\backend.py:244: PydanticDeprecatedSince20: The `dict` method is deprecated; use `model_dump` instead. Deprecated in Pydantic V2.0 to be removed in V3.0. See Pydantic V2 Migration Guide at https://errors.pydantic.dev/2.12/migration/\n    return {\"ok\": True, \"settings\": s.dict()}\n\n-- Docs: https://docs.pytest.org/en/stable/how-to/capture-warnings.html\n=========================== short test summary info ===========================\nFAILED tests\\integration\\test_e2e_workflows.py::TestCompleteWorkflows::test_configuration_and_settings_workflow\n======================== 1 failed, 4 warnings in 5.96s ========================\n"
    },
    {
      "number": 385,
      "name": "TestReindexEndpoints::test_scan_vault_endpoint",
      "status": "PASSED",
      "duration": 3.672807216644287,
      "file_path": "tests\\backend\\test_backend_comprehensive.py",
      "category": "Uncategorized",
      "worker_id": "2",
      "error_message": null
    },
    {
      "number": 386,
      "name": "TestMockedWorkflowIntegration::test_search_integration",
      "status": "PASSED",
      "duration": 6.242253065109253,
      "file_path": "tests\\integration\\test_backend_integration.py",
      "category": "Integration Tests",
      "worker_id": "5",
      "error_message": null
    },
    {
      "number": 389,
      "name": "TestWebEndpoints::test_web_endpoint",
      "status": "PASSED",
      "duration": 3.559873342514038,
      "file_path": "tests\\backend\\test_backend_comprehensive.py",
      "category": "Uncategorized",
      "worker_id": "2",
      "error_message": null
    },
    {
      "number": 387,
      "name": "TestFullWorkflowIntegration::test_reindex_workflow",
      "status": "PASSED",
      "duration": 6.317761182785034,
      "file_path": "tests\\integration\\test_full_workflow.py",
      "category": "Integration Tests",
      "worker_id": "4",
      "error_message": null
    },
    {
      "number": 388,
      "name": "TestAPIErrorHandling::test_service_failure_error_handling",
      "status": "PASSED",
      "duration": 6.185634613037109,
      "file_path": "tests\\integration\\test_api_integration.py",
      "category": "Integration Tests",
      "worker_id": "6",
      "error_message": null
    },
    {
      "number": 384,
      "name": "TestConfigurationIntegration::test_configuration_update_integration",
      "status": "FAILED",
      "duration": 7.607442855834961,
      "file_path": "tests\\integration\\test_service_integration.py",
      "category": "Integration Tests",
      "worker_id": "2",
      "error_message": "============================= test session starts =============================\nplatform win32 -- Python 3.11.9, pytest-8.4.2, pluggy-1.6.0\nrootdir: C:\\Users\\kdejo\\DEV\\obsidian-llm-assistant\\obsidian-AI-assistant\\tests\nconfigfile: pytest.ini\nplugins: anyio-4.11.0, asyncio-1.2.0, cov-7.0.0\nasyncio: mode=Mode.STRICT, debug=False, asyncio_default_fixture_loop_scope=None, asyncio_default_test_loop_scope=function\ncollected 1 item\n\ntests\\integration\\test_service_integration.py F                          [100%]\n\n================================== FAILURES ===================================\n_____ TestConfigurationIntegration.test_configuration_update_integration ______\ntests\\integration\\test_service_integration.py:218: in test_configuration_update_integration\n    mock_update.assert_called_once_with(update_data)\nC:\\Program Files\\WindowsApps\\PythonSoftwareFoundation.Python.3.11_3.11.2544.0_x64__qbz5n2kfra8p0\\Lib\\unittest\\mock.py:950: in assert_called_once_with\n    raise AssertionError(msg)\nE   AssertionError: Expected 'update_settings' to be called once. Called 0 times.\n============================== warnings summary ===============================\n..\\..\\..\\AppData\\Local\\Packages\\PythonSoftwareFoundation.Python.3.11_qbz5n2kfra8p0\\LocalCache\\local-packages\\Python311\\site-packages\\PyPDF2\\__init__.py:21\n  C:\\Users\\kdejo\\AppData\\Local\\Packages\\PythonSoftwareFoundation.Python.3.11_qbz5n2kfra8p0\\LocalCache\\local-packages\\Python311\\site-packages\\PyPDF2\\__init__.py:21: DeprecationWarning: PyPDF2 is deprecated. Please move to the pypdf library instead.\n    warnings.warn(\n\nintegration/test_service_integration.py::TestConfigurationIntegration::test_configuration_update_integration\n  C:\\Users\\kdejo\\DEV\\obsidian-llm-assistant\\obsidian-AI-assistant\\backend\\backend.py:244: PydanticDeprecatedSince20: The `dict` method is deprecated; use `model_dump` instead. Deprecated in Pydantic V2.0 to be removed in V3.0. See Pydantic V2 Migration Guide at https://errors.pydantic.dev/2.12/migration/\n    return {\"ok\": True, \"settings\": s.dict()}\n\n-- Docs: https://docs.pytest.org/en/stable/how-to/capture-warnings.html\n=========================== short test summary info ===========================\nFAILED tests\\integration\\test_service_integration.py::TestConfigurationIntegration::test_configuration_update_integration\n======================== 1 failed, 2 warnings in 5.35s ========================\n"
    },
    {
      "number": 391,
      "name": "TestServiceIntegration::test_reindex_service_integration",
      "status": "PASSED",
      "duration": 3.364926815032959,
      "file_path": "tests\\backend\\test_backend_comprehensive.py",
      "category": "Uncategorized",
      "worker_id": "2",
      "error_message": null
    },
    {
      "number": 390,
      "name": "TestConfigurationIntegration::test_config_update_endpoint",
      "status": "PASSED",
      "duration": 6.274137258529663,
      "file_path": "tests\\integration\\test_backend_integration.py",
      "category": "Integration Tests",
      "worker_id": "5",
      "error_message": null
    },
    {
      "number": 393,
      "name": "TestAPIIntegration::test_health_endpoint",
      "status": "PASSED",
      "duration": 5.768244504928589,
      "file_path": "tests\\integration\\test_api_integration.py",
      "category": "Integration Tests",
      "worker_id": "6",
      "error_message": null
    },
    {
      "number": 394,
      "name": "TestConfigurationEndpoints::test_update_config",
      "status": "PASSED",
      "duration": 3.33630633354187,
      "file_path": "tests\\backend\\test_backend_comprehensive.py",
      "category": "Uncategorized",
      "worker_id": "2",
      "error_message": null
    },
    {
      "number": 392,
      "name": "TestPerformanceAndLimits::test_large_context_handling",
      "status": "FAILED",
      "duration": 6.9843103885650635,
      "file_path": "tests\\integration\\test_full_workflow.py",
      "category": "Integration Tests",
      "worker_id": "4",
      "error_message": "============================= test session starts =============================\nplatform win32 -- Python 3.11.9, pytest-8.4.2, pluggy-1.6.0\nrootdir: C:\\Users\\kdejo\\DEV\\obsidian-llm-assistant\\obsidian-AI-assistant\\tests\nconfigfile: pytest.ini\nplugins: anyio-4.11.0, asyncio-1.2.0, cov-7.0.0\nasyncio: mode=Mode.STRICT, debug=False, asyncio_default_fixture_loop_scope=None, asyncio_default_test_loop_scope=function\ncollected 1 item\n\ntests\\integration\\test_full_workflow.py F                                [100%]\n\n================================== FAILURES ===================================\n____________ TestPerformanceAndLimits.test_large_context_handling _____________\ntests\\integration\\test_full_workflow.py:458: in test_large_context_handling\n    assert response.status_code == 200\nE   assert 500 == 200\nE    +  where 500 = <Response [500 Internal Server Error]>.status_code\n---------------------------- Captured stdout call -----------------------------\n[Performance] Initialized connection pools (task queue will start on first async call)\n[ModelManager] Warning: .env not found, relying on system env vars.\n[ModelManager] Warning: No Hugging Face token provided or found in environment!\n[ModelManager] Warning: models.txt not found. No models loaded.\n[ModelManager] No models available at all!\n[_ask_impl] Error generating answer: Model unavailable\n------------------------------ Captured log call ------------------------------\nERROR    chromadb.telemetry.product.posthog:posthog.py:61 Failed to send telemetry event ClientStartEvent: capture() takes 1 positional argument but 3 were given\nERROR    chromadb.telemetry.product.posthog:posthog.py:61 Failed to send telemetry event ClientCreateCollectionEvent: capture() takes 1 positional argument but 3 were given\nERROR    chromadb.telemetry.product.posthog:posthog.py:61 Failed to send telemetry event ClientStartEvent: capture() takes 1 positional argument but 3 were given\nERROR    chromadb.telemetry.product.posthog:posthog.py:61 Failed to send telemetry event ClientCreateCollectionEvent: capture() takes 1 positional argument but 3 were given\nERROR    backend.utils:utils.py:14 [HybridLLMRouter] Error during generation\nTraceback (most recent call last):\n  File \"C:\\Users\\kdejo\\DEV\\obsidian-llm-assistant\\obsidian-AI-assistant\\backend\\utils.py\", line 10, in safe_call\n    return fn(*args, **kwargs)\n           ^^^^^^^^^^^^^^^^^^^\n  File \"C:\\Users\\kdejo\\DEV\\obsidian-llm-assistant\\obsidian-AI-assistant\\backend\\llm_router.py\", line 126, in do_generate\n    self.llama = Llama(model_path=self._llama_model_path, n_ctx=2048, n_threads=4)\n                 ^^^^^^^^^^^^^^^^^^^^^^^^^^^^^^^^^^^^^^^^^^^^^^^^^^^^^^^^^^^^^^^^^\n  File \"C:\\Users\\kdejo\\AppData\\Local\\Packages\\PythonSoftwareFoundation.Python.3.11_qbz5n2kfra8p0\\LocalCache\\local-packages\\Python311\\site-packages\\llama_cpp\\llama.py\", line 370, in __init__\n    raise ValueError(f\"Model path does not exist: {model_path}\")\nValueError: Model path does not exist: models/llama-7b-q4.bin\n============================== warnings summary ===============================\n..\\..\\..\\AppData\\Local\\Packages\\PythonSoftwareFoundation.Python.3.11_qbz5n2kfra8p0\\LocalCache\\local-packages\\Python311\\site-packages\\PyPDF2\\__init__.py:21\n  C:\\Users\\kdejo\\AppData\\Local\\Packages\\PythonSoftwareFoundation.Python.3.11_qbz5n2kfra8p0\\LocalCache\\local-packages\\Python311\\site-packages\\PyPDF2\\__init__.py:21: DeprecationWarning: PyPDF2 is deprecated. Please move to the pypdf library instead.\n    warnings.warn(\n\n-- Docs: https://docs.pytest.org/en/stable/how-to/capture-warnings.html\n=========================== short test summary info ===========================\nFAILED tests\\integration\\test_full_workflow.py::TestPerformanceAndLimits::test_large_context_handling\n======================== 1 failed, 1 warning in 4.94s =========================\n"
    },
    {
      "number": 397,
      "name": "TestReindexEndpoints::test_reindex_default_path",
      "status": "PASSED",
      "duration": 3.286158800125122,
      "file_path": "tests\\backend\\test_backend_comprehensive.py",
      "category": "Uncategorized",
      "worker_id": "2",
      "error_message": null
    },
    {
      "number": 345,
      "name": "TestMultiLevelCache::test_l1_eviction_to_l2",
      "status": "FAILED",
      "duration": 60.0427770614624,
      "file_path": "tests\\test_performance.py",
      "category": "Performance Tests",
      "worker_id": "7",
      "error_message": "Process timed out"
    },
    {
      "number": 395,
      "name": "TestMockedWorkflowIntegration::test_vault_indexing_integration",
      "status": "PASSED",
      "duration": 5.937669038772583,
      "file_path": "tests\\integration\\test_backend_integration.py",
      "category": "Integration Tests",
      "worker_id": "5",
      "error_message": null
    },
    {
      "number": 396,
      "name": "TestAPIIntegration::test_config_update_endpoint_integration",
      "status": "PASSED",
      "duration": 5.946969747543335,
      "file_path": "tests\\integration\\test_api_integration.py",
      "category": "Integration Tests",
      "worker_id": "6",
      "error_message": null
    },
    {
      "number": 399,
      "name": "TestAskEndpoints::test_ask_endpoint_basic",
      "status": "PASSED",
      "duration": 3.5852320194244385,
      "file_path": "tests\\backend\\test_backend_comprehensive.py",
      "category": "Uncategorized",
      "worker_id": "2",
      "error_message": null
    },
    {
      "number": 398,
      "name": "TestErrorScenarios::test_ai_model_failure_handling",
      "status": "FAILED",
      "duration": 6.994948625564575,
      "file_path": "tests\\integration\\test_full_workflow.py",
      "category": "Integration Tests",
      "worker_id": "4",
      "error_message": "============================= test session starts =============================\nplatform win32 -- Python 3.11.9, pytest-8.4.2, pluggy-1.6.0\nrootdir: C:\\Users\\kdejo\\DEV\\obsidian-llm-assistant\\obsidian-AI-assistant\\tests\nconfigfile: pytest.ini\nplugins: anyio-4.11.0, asyncio-1.2.0, cov-7.0.0\nasyncio: mode=Mode.STRICT, debug=False, asyncio_default_fixture_loop_scope=None, asyncio_default_test_loop_scope=function\ncollected 1 item\n\ntests\\integration\\test_full_workflow.py F                                [100%]\n\n================================== FAILURES ===================================\n______________ TestErrorScenarios.test_ai_model_failure_handling ______________\ntests\\integration\\test_full_workflow.py:239: in test_ai_model_failure_handling\n    assert \"Model service unavailable\" in response.text\nE   assert 'Model service unavailable' in '{\"detail\":\"Model unavailable\"}'\nE    +  where '{\"detail\":\"Model unavailable\"}' = <Response [500 Internal Server Error]>.text\n---------------------------- Captured stdout call -----------------------------\n[Performance] Initialized connection pools (task queue will start on first async call)\n[ModelManager] Warning: .env not found, relying on system env vars.\n[ModelManager] Warning: No Hugging Face token provided or found in environment!\n[ModelManager] Warning: models.txt not found. No models loaded.\n[ModelManager] No models available at all!\n[_ask_impl] Error generating answer: Model unavailable\n------------------------------ Captured log call ------------------------------\nERROR    chromadb.telemetry.product.posthog:posthog.py:61 Failed to send telemetry event ClientStartEvent: capture() takes 1 positional argument but 3 were given\nERROR    chromadb.telemetry.product.posthog:posthog.py:61 Failed to send telemetry event ClientCreateCollectionEvent: capture() takes 1 positional argument but 3 were given\nERROR    chromadb.telemetry.product.posthog:posthog.py:61 Failed to send telemetry event ClientStartEvent: capture() takes 1 positional argument but 3 were given\nERROR    chromadb.telemetry.product.posthog:posthog.py:61 Failed to send telemetry event ClientCreateCollectionEvent: capture() takes 1 positional argument but 3 were given\nERROR    backend.utils:utils.py:14 [HybridLLMRouter] Error during generation\nTraceback (most recent call last):\n  File \"C:\\Users\\kdejo\\DEV\\obsidian-llm-assistant\\obsidian-AI-assistant\\backend\\utils.py\", line 10, in safe_call\n    return fn(*args, **kwargs)\n           ^^^^^^^^^^^^^^^^^^^\n  File \"C:\\Users\\kdejo\\DEV\\obsidian-llm-assistant\\obsidian-AI-assistant\\backend\\llm_router.py\", line 126, in do_generate\n    self.llama = Llama(model_path=self._llama_model_path, n_ctx=2048, n_threads=4)\n                 ^^^^^^^^^^^^^^^^^^^^^^^^^^^^^^^^^^^^^^^^^^^^^^^^^^^^^^^^^^^^^^^^^\n  File \"C:\\Users\\kdejo\\AppData\\Local\\Packages\\PythonSoftwareFoundation.Python.3.11_qbz5n2kfra8p0\\LocalCache\\local-packages\\Python311\\site-packages\\llama_cpp\\llama.py\", line 370, in __init__\n    raise ValueError(f\"Model path does not exist: {model_path}\")\nValueError: Model path does not exist: models/llama-7b-q4.bin\n============================== warnings summary ===============================\n..\\..\\..\\AppData\\Local\\Packages\\PythonSoftwareFoundation.Python.3.11_qbz5n2kfra8p0\\LocalCache\\local-packages\\Python311\\site-packages\\PyPDF2\\__init__.py:21\n  C:\\Users\\kdejo\\AppData\\Local\\Packages\\PythonSoftwareFoundation.Python.3.11_qbz5n2kfra8p0\\LocalCache\\local-packages\\Python311\\site-packages\\PyPDF2\\__init__.py:21: DeprecationWarning: PyPDF2 is deprecated. Please move to the pypdf library instead.\n    warnings.warn(\n\n-- Docs: https://docs.pytest.org/en/stable/how-to/capture-warnings.html\n=========================== short test summary info ===========================\nFAILED tests\\integration\\test_full_workflow.py::TestErrorScenarios::test_ai_model_failure_handling\n======================== 1 failed, 1 warning in 5.09s =========================\n"
    },
    {
      "number": 403,
      "name": "TestReindexEndpoints::test_api_reindex_endpoint",
      "status": "PASSED",
      "duration": 3.2483224868774414,
      "file_path": "tests\\backend\\test_backend_comprehensive.py",
      "category": "Uncategorized",
      "worker_id": "2",
      "error_message": null
    },
    {
      "number": 400,
      "name": "TestIntegration::test_global_cache_manager",
      "status": "PASSED",
      "duration": 5.8482489585876465,
      "file_path": "tests\\test_performance.py",
      "category": "Performance Tests",
      "worker_id": "7",
      "error_message": null
    },
    {
      "number": 401,
      "name": "TestErrorHandlingIntegration::test_missing_services_handling",
      "status": "PASSED",
      "duration": 5.822697162628174,
      "file_path": "tests\\integration\\test_backend_integration.py",
      "category": "Integration Tests",
      "worker_id": "5",
      "error_message": null
    },
    {
      "number": 402,
      "name": "TestAPIIntegration::test_ask_endpoint_integration",
      "status": "PASSED",
      "duration": 5.736225843429565,
      "file_path": "tests\\integration\\test_api_integration.py",
      "category": "Integration Tests",
      "worker_id": "6",
      "error_message": null
    },
    {
      "number": 404,
      "name": "TestErrorHandling::test_large_request_body",
      "status": "PASSED",
      "duration": 3.173532485961914,
      "file_path": "tests\\backend\\test_backend_comprehensive.py",
      "category": "Uncategorized",
      "worker_id": "2",
      "error_message": null
    },
    {
      "number": 405,
      "name": "TestMultiLevelCache::test_cache_creation",
      "status": "PASSED",
      "duration": 5.814455032348633,
      "file_path": "tests\\test_performance.py",
      "category": "Performance Tests",
      "worker_id": "7",
      "error_message": null
    },
    {
      "number": 406,
      "name": "TestAPIIntegration::test_search_endpoint_integration",
      "status": "PASSED",
      "duration": 6.285724878311157,
      "file_path": "tests\\integration\\test_api_integration.py",
      "category": "Integration Tests",
      "worker_id": "6",
      "error_message": null
    },
    {
      "number": 407,
      "name": "TestReindexEndpoints::test_reindex_endpoint",
      "status": "PASSED",
      "duration": 3.9941704273223877,
      "file_path": "tests\\backend\\test_backend_comprehensive.py",
      "category": "Uncategorized",
      "worker_id": "2",
      "error_message": null
    },
    {
      "number": 410,
      "name": "TestHealthEndpoints::test_health_endpoint",
      "status": "PASSED",
      "duration": 3.3447089195251465,
      "file_path": "tests\\backend\\test_backend_comprehensive.py",
      "category": "Uncategorized",
      "worker_id": "2",
      "error_message": null
    },
    {
      "number": 408,
      "name": "TestMultiLevelCache::test_basic_cache_operations",
      "status": "PASSED",
      "duration": 6.152963399887085,
      "file_path": "tests\\test_performance.py",
      "category": "Performance Tests",
      "worker_id": "7",
      "error_message": null
    },
    {
      "number": 409,
      "name": "TestAPIErrorHandling::test_missing_required_fields",
      "status": "PASSED",
      "duration": 5.835782766342163,
      "file_path": "tests\\integration\\test_api_integration.py",
      "category": "Integration Tests",
      "worker_id": "6",
      "error_message": null
    },
    {
      "number": 411,
      "name": "TestAskEndpoints::test_api_ask_endpoint",
      "status": "PASSED",
      "duration": 3.1739213466644287,
      "file_path": "tests\\backend\\test_backend_comprehensive.py",
      "category": "Uncategorized",
      "worker_id": "2",
      "error_message": null
    },
    {
      "number": 413,
      "name": "TestWebEndpoints::test_web_invalid_url",
      "status": "PASSED",
      "duration": 2.5672216415405273,
      "file_path": "tests\\backend\\test_backend_comprehensive.py",
      "category": "Uncategorized",
      "worker_id": "2",
      "error_message": null
    },
    {
      "number": 412,
      "name": "TestAsyncTaskQueue::test_queue_statistics",
      "status": "PASSED",
      "duration": 4.965579032897949,
      "file_path": "tests\\test_performance.py",
      "category": "Performance Tests",
      "worker_id": "7",
      "error_message": null
    },
    {
      "number": 414,
      "name": "TestHealthEndpoints::test_api_health_endpoint",
      "status": "PASSED",
      "duration": 2.833621025085449,
      "file_path": "tests\\backend\\test_backend_comprehensive.py",
      "category": "Uncategorized",
      "worker_id": "2",
      "error_message": null
    },
    {
      "number": 415,
      "name": "TestConnectionPool::test_connection_validation",
      "status": "PASSED",
      "duration": 4.467351913452148,
      "file_path": "tests\\test_performance.py",
      "category": "Performance Tests",
      "worker_id": "7",
      "error_message": null
    },
    {
      "number": 416,
      "name": "TestAppInitialization::test_app_routes_exist",
      "status": "PASSED",
      "duration": 2.5555622577667236,
      "file_path": "tests\\backend\\test_backend_comprehensive.py",
      "category": "Uncategorized",
      "worker_id": "2",
      "error_message": null
    },
    {
      "number": 418,
      "name": "TestErrorHandling::test_invalid_json_request",
      "status": "PASSED",
      "duration": 2.529245615005493,
      "file_path": "tests\\backend\\test_backend_comprehensive.py",
      "category": "Uncategorized",
      "worker_id": "2",
      "error_message": null
    },
    {
      "number": 417,
      "name": "TestAsyncTaskQueue::test_task_submission_and_execution",
      "status": "PASSED",
      "duration": 4.497519493103027,
      "file_path": "tests\\test_performance.py",
      "category": "Performance Tests",
      "worker_id": "7",
      "error_message": null
    },
    {
      "number": 419,
      "name": "TestAdditionalEndpoints::test_transcribe_endpoint",
      "status": "PASSED",
      "duration": 2.718000888824463,
      "file_path": "tests\\backend\\test_backend_comprehensive.py",
      "category": "Uncategorized",
      "worker_id": "2",
      "error_message": null
    },
    {
      "number": 421,
      "name": "TestErrorHandling::test_nonexistent_endpoint",
      "status": "PASSED",
      "duration": 2.639376163482666,
      "file_path": "tests\\backend\\test_backend_comprehensive.py",
      "category": "Uncategorized",
      "worker_id": "2",
      "error_message": null
    },
    {
      "number": 420,
      "name": "TestMultiLevelCache::test_ttl_expiration",
      "status": "PASSED",
      "duration": 4.981062650680542,
      "file_path": "tests\\test_performance.py",
      "category": "Performance Tests",
      "worker_id": "7",
      "error_message": null
    },
    {
      "number": 422,
      "name": "TestAdditionalEndpoints::test_search_endpoint",
      "status": "PASSED",
      "duration": 2.7449145317077637,
      "file_path": "tests\\backend\\test_backend_comprehensive.py",
      "category": "Uncategorized",
      "worker_id": "2",
      "error_message": null
    },
    {
      "number": 424,
      "name": "TestAdditionalEndpoints::test_index_pdf_endpoint",
      "status": "PASSED",
      "duration": 2.5133185386657715,
      "file_path": "tests\\backend\\test_backend_comprehensive.py",
      "category": "Uncategorized",
      "worker_id": "2",
      "error_message": null
    },
    {
      "number": 423,
      "name": "TestConnectionPool::test_get_and_return_connection",
      "status": "PASSED",
      "duration": 4.5106542110443115,
      "file_path": "tests\\test_performance.py",
      "category": "Performance Tests",
      "worker_id": "7",
      "error_message": null
    },
    {
      "number": 425,
      "name": "TestServiceIntegration::test_ask_flow_with_cache_miss",
      "status": "PASSED",
      "duration": 2.8158352375030518,
      "file_path": "tests\\backend\\test_backend_comprehensive.py",
      "category": "Uncategorized",
      "worker_id": "2",
      "error_message": null
    },
    {
      "number": 427,
      "name": "TestAppInitialization::test_cors_middleware",
      "status": "PASSED",
      "duration": 2.7535247802734375,
      "file_path": "tests\\backend\\test_backend_comprehensive.py",
      "category": "Uncategorized",
      "worker_id": "2",
      "error_message": null
    },
    {
      "number": 426,
      "name": "TestCachedDecorator::test_async_function_caching",
      "status": "PASSED",
      "duration": 4.874230623245239,
      "file_path": "tests\\test_performance.py",
      "category": "Performance Tests",
      "worker_id": "7",
      "error_message": null
    },
    {
      "number": 428,
      "name": "TestWebEndpoints::test_api_web_endpoint",
      "status": "PASSED",
      "duration": 2.5271944999694824,
      "file_path": "tests\\backend\\test_backend_comprehensive.py",
      "category": "Uncategorized",
      "worker_id": "2",
      "error_message": null
    },
    {
      "number": 429,
      "name": "TestConnectionPool::test_pool_creation",
      "status": "PASSED",
      "duration": 4.456555604934692,
      "file_path": "tests\\test_performance.py",
      "category": "Performance Tests",
      "worker_id": "7",
      "error_message": null
    },
    {
      "number": 430,
      "name": "TestAskEndpoints::test_ask_empty_question",
      "status": "PASSED",
      "duration": 2.6768622398376465,
      "file_path": "tests\\backend\\test_backend_comprehensive.py",
      "category": "Uncategorized",
      "worker_id": "2",
      "error_message": null
    },
    {
      "number": 431,
      "name": "TestAsyncTaskQueue::test_queue_creation_and_startup",
      "status": "PASSED",
      "duration": 4.150512218475342,
      "file_path": "tests\\test_performance.py",
      "category": "Performance Tests",
      "worker_id": "7",
      "error_message": null
    },
    {
      "number": 432,
      "name": "TestAsyncTaskQueue::test_task",
      "status": "FAILED",
      "duration": 3.836811065673828,
      "file_path": "tests\\test_performance.py",
      "category": "Performance Tests",
      "worker_id": "7",
      "error_message": "============================= test session starts =============================\nplatform win32 -- Python 3.11.9, pytest-8.4.2, pluggy-1.6.0\nrootdir: C:\\Users\\kdejo\\DEV\\obsidian-llm-assistant\\obsidian-AI-assistant\\tests\nconfigfile: pytest.ini\nplugins: anyio-4.11.0, asyncio-1.2.0, cov-7.0.0\nasyncio: mode=Mode.STRICT, debug=False, asyncio_default_fixture_loop_scope=None, asyncio_default_test_loop_scope=function\ncollected 0 items\n\n============================== warnings summary ===============================\n..\\..\\..\\AppData\\Local\\Packages\\PythonSoftwareFoundation.Python.3.11_qbz5n2kfra8p0\\LocalCache\\local-packages\\Python311\\site-packages\\PyPDF2\\__init__.py:21\n  C:\\Users\\kdejo\\AppData\\Local\\Packages\\PythonSoftwareFoundation.Python.3.11_qbz5n2kfra8p0\\LocalCache\\local-packages\\Python311\\site-packages\\PyPDF2\\__init__.py:21: DeprecationWarning: PyPDF2 is deprecated. Please move to the pypdf library instead.\n    warnings.warn(\n\n-- Docs: https://docs.pytest.org/en/stable/how-to/capture-warnings.html\n============================= 1 warning in 2.51s ==============================\nERROR: not found: C:\\Users\\kdejo\\DEV\\obsidian-llm-assistant\\obsidian-AI-assistant\\tests\\test_performance.py::TestAsyncTaskQueue::test_task\n(no match in any of [<Class TestAsyncTaskQueue>])\n\n"
    },
    {
      "number": 433,
      "name": "TestPerformanceMonitor::test_metrics_consistency",
      "status": "PASSED",
      "duration": 4.031073331832886,
      "file_path": "tests\\test_performance.py",
      "category": "Performance Tests",
      "worker_id": "7",
      "error_message": null
    },
    {
      "number": 434,
      "name": "TestIntegration::test_performance_system_integration",
      "status": "PASSED",
      "duration": 3.97231125831604,
      "file_path": "tests\\test_performance.py",
      "category": "Performance Tests",
      "worker_id": "7",
      "error_message": null
    },
    {
      "number": 435,
      "name": "TestPerformanceMonitor::test_system_metrics_collection",
      "status": "PASSED",
      "duration": 4.4372007846832275,
      "file_path": "tests\\test_performance.py",
      "category": "Performance Tests",
      "worker_id": "7",
      "error_message": null
    },
    {
      "number": 436,
      "name": "TestConnectionPool::test_pool_exhaustion",
      "status": "FAILED",
      "duration": 5.116973400115967,
      "file_path": "tests\\test_performance.py",
      "category": "Performance Tests",
      "worker_id": "7",
      "error_message": "============================= test session starts =============================\nplatform win32 -- Python 3.11.9, pytest-8.4.2, pluggy-1.6.0\nrootdir: C:\\Users\\kdejo\\DEV\\obsidian-llm-assistant\\obsidian-AI-assistant\\tests\nconfigfile: pytest.ini\nplugins: anyio-4.11.0, asyncio-1.2.0, cov-7.0.0\nasyncio: mode=Mode.STRICT, debug=False, asyncio_default_fixture_loop_scope=None, asyncio_default_test_loop_scope=function\ncollected 1 item\n\ntests\\test_performance.py F                                              [100%]\n\n================================== FAILURES ===================================\n___________________ TestConnectionPool.test_pool_exhaustion ___________________\ntests\\test_performance.py:124: in test_pool_exhaustion\n    with pytest.raises(RuntimeError, match=\"Connection pool exhausted\"):\nE   Failed: DID NOT RAISE <class 'RuntimeError'>\n============================== warnings summary ===============================\n..\\..\\..\\AppData\\Local\\Packages\\PythonSoftwareFoundation.Python.3.11_qbz5n2kfra8p0\\LocalCache\\local-packages\\Python311\\site-packages\\PyPDF2\\__init__.py:21\n  C:\\Users\\kdejo\\AppData\\Local\\Packages\\PythonSoftwareFoundation.Python.3.11_qbz5n2kfra8p0\\LocalCache\\local-packages\\Python311\\site-packages\\PyPDF2\\__init__.py:21: DeprecationWarning: PyPDF2 is deprecated. Please move to the pypdf library instead.\n    warnings.warn(\n\n-- Docs: https://docs.pytest.org/en/stable/how-to/capture-warnings.html\n=========================== short test summary info ===========================\nFAILED tests\\test_performance.py::TestConnectionPool::test_pool_exhaustion - ...\n======================== 1 failed, 1 warning in 3.62s =========================\n"
    }
  ]
}