============================= test session starts =============================
platform win32 -- Python 3.11.9, pytest-8.4.2, pluggy-1.6.0 -- C:\Users\kdejo\DEV\obsidian-llm-assistant\obsidian-ai-agent\.venv\Scripts\python.exe
cachedir: .pytest_cache
benchmark: 5.1.0 (defaults: timer=time.perf_counter disable_gc=False min_rounds=5 min_time=0.000005 max_time=1.0 calibration_precision=10 warmup=False warmup_iterations=100000)
rootdir: C:\Users\kdejo\DEV\obsidian-llm-assistant\obsidian-ai-agent\tests
configfile: pytest.ini
plugins: anyio-4.11.0, Faker-37.11.0, locust-2.41.6, asyncio-1.2.0, benchmark-5.1.0, cov-7.0.0, mock-3.15.1, timeout-2.4.0, xdist-3.8.0
asyncio: mode=Mode.STRICT, debug=False, asyncio_default_fixture_loop_scope=None, asyncio_default_test_loop_scope=function
collecting ... collected 1151 items

tests\backend\test_api_key_rotation.py::test_api_key_rotation_success PASSED [  0%]
tests\backend\test_api_key_rotation.py::test_api_key_rotation_invalid_key PASSED [  0%]
tests\backend\test_api_key_rotation.py::test_api_key_rotation_twice PASSED [  0%]
tests\backend\test_api_voice_transcribe.py::test_api_voice_transcribe_valid_audio PASSED [  0%]
tests\backend\test_api_voice_transcribe.py::test_api_voice_transcribe_invalid_base64 PASSED [  0%]
tests\backend\test_api_voice_transcribe.py::test_api_voice_transcribe_empty_audio PASSED [  0%]
tests\backend\test_api_voice_transcribe.py::test_api_voice_transcribe_large_file PASSED [  0%]
tests\backend\test_api_voice_transcribe.py::test_api_voice_transcribe_different_formats PASSED [  0%]
tests\backend\test_api_voice_transcribe.py::test_api_voice_transcribe_different_languages PASSED [  0%]
tests\backend\test_api_voice_transcribe.py::test_api_voice_transcribe_vs_legacy_endpoint PASSED [  0%]
tests\backend\test_api_voice_transcribe.py::test_api_voice_transcribe_missing_fields PASSED [  0%]
tests\backend\test_api_voice_transcribe.py::test_api_voice_transcribe_placeholder_response PASSED [  1%]
tests\backend\test_backend.py::TestBackendAPI::test_health_endpoint PASSED [  1%]
tests\backend\test_backend.py::TestBackendAPI::test_ask_endpoint_success PASSED [  1%]
tests\backend\test_backend.py::TestBackendAPI::test_ask_endpoint_cached_response PASSED [  1%]
tests\backend\test_backend.py::TestBackendAPI::test_ask_endpoint_invalid_request PASSED [  1%]
tests\backend\test_backend.py::TestBackendAPI::test_reindex_endpoint PASSED [  1%]
tests\backend\test_backend.py::TestBackendAPI::test_web_search_endpoint PASSED [  1%]
tests\backend\test_backend.py::TestRequestModels::test_ask_request_validation PASSED [  1%]
tests\backend\test_backend.py::TestRequestModels::test_reindex_request_validation PASSED [  1%]
tests\backend\test_backend.py::TestRequestModels::test_web_request_validation PASSED [  1%]
tests\backend\test_backend.py::TestConfigAndPerformanceEndpoints::test_status_and_api_health PASSED [  1%]
tests\backend\test_backend.py::TestConfigAndPerformanceEndpoints::test_get_config_contains_expected_fields PASSED [  1%]
tests\backend\test_backend.py::TestConfigAndPerformanceEndpoints::test_post_reload_config_success PASSED [  2%]
tests\backend\test_backend.py::TestConfigAndPerformanceEndpoints::test_post_reload_config_failure PASSED [  2%]
tests\backend\test_backend.py::TestConfigAndPerformanceEndpoints::test_post_update_config_rejects_unknown PASSED [  2%]
tests\backend\test_backend.py::TestConfigAndPerformanceEndpoints::test_post_update_config_success PASSED [  2%]
tests\backend\test_backend.py::TestConfigAndPerformanceEndpoints::test_performance_metrics_success PASSED [  2%]
tests\backend\test_backend.py::TestConfigAndPerformanceEndpoints::test_cache_stats_and_clear PASSED [  2%]
tests\backend\test_backend.py::TestConfigAndPerformanceEndpoints::test_performance_optimize_success PASSED [  2%]
tests\backend\test_backend.py::TestSearchAndIndexingEndpoints::test_search_success PASSED [  2%]
tests\backend\test_backend.py::TestSearchAndIndexingEndpoints::test_transcribe_invalid_audio PASSED [  2%]
tests\backend\test_backend.py::TestSearchAndIndexingEndpoints::test_index_pdf_invalid_validation PASSED [  2%]
tests\backend\test_backend.py::TestSearchAndIndexingEndpoints::test_index_pdf_success PASSED [  2%]
tests\backend\test_backend.py::TestServiceIntegration::test_service_initialization PASSED [  3%]
tests\backend\test_backend.py::TestServiceIntegration::test_error_handling PASSED [  3%]
tests\backend\test_backend.py::TestOpenSpecAndSecurityEndpoints::test_list_openspec_changes PASSED [  3%]
tests\backend\test_backend.py::TestOpenSpecAndSecurityEndpoints::test_get_openspec_change_details PASSED [  3%]
tests\backend\test_backend.py::TestOpenSpecAndSecurityEndpoints::test_validate_openspec_change PASSED [  3%]
tests\backend\test_backend.py::TestOpenSpecAndSecurityEndpoints::test_apply_openspec_change PASSED [  3%]
tests\backend\test_backend.py::TestOpenSpecAndSecurityEndpoints::test_archive_openspec_change PASSED [  3%]
tests\backend\test_backend.py::TestOpenSpecAndSecurityEndpoints::test_bulk_validate_openspec_changes PASSED [  3%]
tests\backend\test_backend.py::TestOpenSpecAndSecurityEndpoints::test_get_openspec_metrics PASSED [  3%]
tests\backend\test_backend.py::TestOpenSpecAndSecurityEndpoints::test_get_openspec_dashboard PASSED [  3%]
tests\backend\test_backend.py::TestOpenSpecAndSecurityEndpoints::test_get_security_status PASSED [  3%]
tests\backend\test_backend.py::TestOpenSpecAndSecurityEndpoints::test_get_security_events PASSED [  3%]
tests\backend\test_backend.py::TestOpenSpecAndSecurityEndpoints::test_clear_security_cache PASSED [  4%]
tests\backend\test_backend.py::TestOpenSpecAndSecurityEndpoints::test_get_compliance_status PASSED [  4%]
tests\backend\test_backend.py::TestOpenSpecAndSecurityEndpoints::test_handle_gdpr_deletion_request PASSED [  4%]
tests\backend\test_backend.py::TestOpenSpecAndSecurityEndpoints::test_get_security_dashboard PASSED [  4%]
tests\backend\test_backend_comprehensive.py::TestHealthEndpoints::test_health_endpoint PASSED [  4%]
tests\backend\test_backend_comprehensive.py::TestHealthEndpoints::test_api_health_endpoint PASSED [  4%]
tests\backend\test_backend_comprehensive.py::TestHealthEndpoints::test_status_endpoint PASSED [  4%]
tests\backend\test_backend_comprehensive.py::TestConfigurationEndpoints::test_get_config PASSED [  4%]
tests\backend\test_backend_comprehensive.py::TestConfigurationEndpoints::test_update_config PASSED [  4%]
tests\backend\test_backend_comprehensive.py::TestConfigurationEndpoints::test_reload_config PASSED [  4%]
tests\backend\test_backend_comprehensive.py::TestAskEndpoints::test_ask_endpoint_basic PASSED [  4%]
tests\backend\test_backend_comprehensive.py::TestAskEndpoints::test_api_ask_endpoint PASSED [  5%]
tests\backend\test_backend_comprehensive.py::TestAskEndpoints::test_ask_validation_error PASSED [  5%]
tests\backend\test_backend_comprehensive.py::TestAskEndpoints::test_ask_empty_question PASSED [  5%]
tests\backend\test_backend_comprehensive.py::TestReindexEndpoints::test_reindex_endpoint PASSED [  5%]
tests\backend\test_backend_comprehensive.py::TestReindexEndpoints::test_api_reindex_endpoint PASSED [  5%]
tests\backend\test_backend_comprehensive.py::TestReindexEndpoints::test_reindex_default_path PASSED [  5%]
tests\backend\test_backend_comprehensive.py::TestReindexEndpoints::test_scan_vault_endpoint PASSED [  5%]
tests\backend\test_backend_comprehensive.py::TestWebEndpoints::test_web_endpoint PASSED [  5%]
tests\backend\test_backend_comprehensive.py::TestWebEndpoints::test_api_web_endpoint PASSED [  5%]
tests\backend\test_backend_comprehensive.py::TestWebEndpoints::test_web_invalid_url PASSED [  5%]
tests\backend\test_backend_comprehensive.py::TestAdditionalEndpoints::test_transcribe_endpoint PASSED [  5%]
tests\backend\test_backend_comprehensive.py::TestAdditionalEndpoints::test_search_endpoint PASSED [  5%]
tests\backend\test_backend_comprehensive.py::TestAdditionalEndpoints::test_index_pdf_endpoint PASSED [  6%]
tests\backend\test_backend_comprehensive.py::TestErrorHandling::test_invalid_json_request PASSED [  6%]
tests\backend\test_backend_comprehensive.py::TestErrorHandling::test_unsupported_http_methods PASSED [  6%]
tests\backend\test_backend_comprehensive.py::TestErrorHandling::test_nonexistent_endpoint PASSED [  6%]
tests\backend\test_backend_comprehensive.py::TestErrorHandling::test_large_request_body PASSED [  6%]
tests\backend\test_backend_comprehensive.py::TestAppInitialization::test_app_routes_exist PASSED [  6%]
tests\backend\test_backend_comprehensive.py::TestAppInitialization::test_cors_middleware PASSED [  6%]
tests\backend\test_backend_comprehensive.py::TestServiceIntegration::test_ask_flow_with_cache_miss PASSED [  6%]
tests\backend\test_backend_comprehensive.py::TestServiceIntegration::test_reindex_service_integration PASSED [  6%]
tests\backend\test_caching.py::test_cache_manager_initialization PASSED  [  6%]
tests\backend\test_caching.py::test_cache_manager_with_default_values PASSED [  6%]
tests\backend\test_caching.py::test_cache_manager_store_and_retrieve PASSED [  7%]
tests\backend\test_caching.py::test_cache_manager_error_handling_save PASSED [  7%]
tests\backend\test_caching.py::test_cache_manager_error_handling_load PASSED [  7%]
tests\backend\test_caching.py::test_cache_manager_long_question PASSED   [  7%]
tests\backend\test_caching.py::test_cache_manager_overwrite PASSED       [  7%]
tests\backend\test_caching.py::test_cache_file_creation PASSED           [  7%]
tests\backend\test_caching.py::test_empty_question_and_answer PASSED     [  7%]
tests\backend\test_caching.py::test_none_values PASSED                   [  7%]
tests\backend\test_caching.py::test_cache_ttl_expiration PASSED          [  7%]
tests\backend\test_caching.py::test_cache_ttl_not_expired PASSED         [  7%]
tests\backend\test_caching.py::test_cache_entry_without_timestamp PASSED [  7%]
tests\backend\test_caching.py::TestEmbeddingCache::test_embedding_cache_initialization PASSED [  7%]
tests\backend\test_caching.py::TestEmbeddingCache::test_embedding_cache_get_or_compute_new PASSED [  8%]
tests\backend\test_caching.py::TestEmbeddingCache::test_embedding_cache_hash_key_consistent PASSED [  8%]
tests\backend\test_caching.py::TestEmbeddingCache::test_embedding_cache_persist_and_reload PASSED [  8%]
tests\backend\test_caching.py::TestFileHashCache::test_file_hash_cache_initialization PASSED [  8%]
tests\backend\test_caching.py::TestFileHashCache::test_file_hash_cache_is_changed_new_file PASSED [  8%]
tests\backend\test_caching.py::TestFileHashCache::test_file_hash_cache_detects_changes PASSED [  8%]
tests\backend\test_caching.py::TestFileHashCache::test_file_hash_cache_persist_and_reload PASSED [  8%]
tests\backend\test_caching.py::TestCachingErrorScenarios::test_embedding_cache_with_failing_embed_function PASSED [  8%]
tests\backend\test_caching.py::TestCachingErrorScenarios::test_file_hash_cache_with_nonexistent_file PASSED [  8%]
tests\backend\test_caching.py::TestCachingErrorScenarios::test_embedding_cache_corrupted_cache_file PASSED [  8%]
tests\backend\test_caching.py::TestCachingErrorScenarios::test_file_hash_cache_corrupted_cache_file PASSED [  8%]
tests\backend\test_config_api_validation.py::TestCORSOriginsValidation::test_validate_cors_origins_valid_urls PASSED [  9%]
tests\backend\test_config_api_validation.py::TestCORSOriginsValidation::test_validate_cors_origins_wildcard PASSED [  9%]
tests\backend\test_config_api_validation.py::TestCORSOriginsValidation::test_validate_cors_origins_mixed PASSED [  9%]
tests\backend\test_config_api_validation.py::TestCORSOriginsValidation::test_validate_cors_origins_invalid_url PASSED [  9%]
tests\backend\test_config_api_validation.py::TestCORSOriginsValidation::test_validate_cors_origins_not_list PASSED [  9%]
tests\backend\test_config_api_validation.py::TestCORSOriginsValidation::test_update_cors_origins_via_api PASSED [  9%]
tests\backend\test_config_api_validation.py::TestCORSOriginsValidation::test_update_cors_origins_wildcard_warning PASSED [  9%]
tests\backend\test_config_api_validation.py::TestCORSOriginsValidation::test_update_cors_origins_invalid_pattern PASSED [  9%]
tests\backend\test_config_api_validation.py::TestSSLFileValidation::test_validate_ssl_file_valid_cert PASSED [  9%]
tests\backend\test_config_api_validation.py::TestSSLFileValidation::test_validate_ssl_file_valid_key PASSED [  9%]
tests\backend\test_config_api_validation.py::TestSSLFileValidation::test_validate_ssl_file_wrong_extension PASSED [  9%]
tests\backend\test_config_api_validation.py::TestSSLFileValidation::test_validate_ssl_file_not_exists PASSED [  9%]
tests\backend\test_config_api_validation.py::TestSSLFileValidation::test_validate_ssl_file_none_or_empty PASSED [ 10%]
tests\backend\test_config_api_validation.py::TestSSLFileValidation::test_update_ssl_certfile_valid PASSED [ 10%]
tests\backend\test_config_api_validation.py::TestSSLFileValidation::test_update_ssl_certfile_invalid PASSED [ 10%]
tests\backend\test_config_api_validation.py::TestSSLFileValidation::test_update_ssl_keyfile_valid PASSED [ 10%]
tests\backend\test_config_api_validation.py::TestSSLFileValidation::test_update_ssl_keyfile_invalid PASSED [ 10%]
tests\backend\test_config_api_validation.py::TestSSLFileValidation::test_update_ssl_ca_certs_valid PASSED [ 10%]
tests\backend\test_config_api_validation.py::TestSSLFileValidation::test_update_ssl_ca_certs_invalid PASSED [ 10%]
tests\backend\test_config_api_validation.py::TestCSRFToggle::test_csrf_enabled_boolean_true PASSED [ 10%]
tests\backend\test_config_api_validation.py::TestCSRFToggle::test_csrf_enabled_boolean_false PASSED [ 10%]
tests\backend\test_config_api_validation.py::TestCSRFToggle::test_csrf_enabled_string_coercion PASSED [ 10%]
tests\backend\test_config_api_validation.py::TestCSRFToggle::test_csrf_disabled_warning_message PASSED [ 10%]
tests\backend\test_config_api_validation.py::TestProtectedFields::test_backend_url_protected PASSED [ 11%]
tests\backend\test_config_api_validation.py::TestProtectedFields::test_project_root_protected PASSED [ 11%]
tests\backend\test_config_api_validation.py::TestProtectedFields::test_csrf_secret_protected PASSED [ 11%]
tests\backend\test_config_api_validation.py::TestConfigurationAPIIntegration::test_update_multiple_fields_valid PASSED [ 11%]
tests\backend\test_config_api_validation.py::TestConfigurationAPIIntegration::test_update_mixed_valid_invalid_fields PASSED [ 11%]
tests\backend\test_config_api_validation.py::TestConfigurationAPIIntegration::test_get_config_redacts_sensitive_fields PASSED [ 11%]
tests\backend\test_config_api_validation.py::TestConfigurationAPIIntegration::test_reload_config_endpoint PASSED [ 11%]
tests\backend\test_config_api_validation.py::TestFieldTypeValidation::test_integer_field_validation PASSED [ 11%]
tests\backend\test_config_api_validation.py::TestFieldTypeValidation::test_boolean_field_validation PASSED [ 11%]
tests\backend\test_config_api_validation.py::TestFieldTypeValidation::test_float_field_validation PASSED [ 11%]
tests\backend\test_config_api_validation.py::TestFieldTypeValidation::test_string_field_validation PASSED [ 11%]
tests\backend\test_config_api_validation.py::TestFieldTypeValidation::test_list_field_validation PASSED [ 11%]
tests\backend\test_config_endpoints.py::TestConfigEndpoints::test_get_config_endpoint PASSED [ 12%]
tests\backend\test_config_endpoints.py::TestConfigEndpoints::test_post_config_endpoint_valid_updates PASSED [ 12%]
tests\backend\test_config_endpoints.py::TestConfigEndpoints::test_post_config_endpoint_invalid_json PASSED [ 12%]
tests\backend\test_config_endpoints.py::TestConfigEndpoints::test_post_config_endpoint_update_failure PASSED [ 12%]
tests\backend\test_config_endpoints.py::TestConfigEndpoints::test_post_config_reload_endpoint PASSED [ 12%]
tests\backend\test_config_endpoints.py::TestConfigEndpoints::test_post_config_reload_failure PASSED [ 12%]
tests\backend\test_config_endpoints.py::TestConfigEndpointIntegration::test_get_config_integration PASSED [ 12%]
tests\backend\test_config_endpoints.py::TestConfigEndpointIntegration::test_config_persistence_integration PASSED [ 12%]
tests\backend\test_config_endpoints.py::TestConfigEndpointIntegration::test_config_whitelist_enforcement PASSED [ 12%]
tests\backend\test_embeddings.py::test_embeddings_manager_initialization PASSED [ 12%]
tests\backend\test_embeddings.py::test_default_initialization PASSED     [ 12%]
tests\backend\test_embeddings.py::test_chunk_text_basic PASSED           [ 13%]
tests\backend\test_embeddings.py::test_chunk_text_short_text PASSED      [ 13%]
tests\backend\test_embeddings.py::test_chunk_text_empty_text PASSED      [ 13%]
tests\backend\test_embeddings.py::test_get_collection_info PASSED        [ 13%]
tests\backend\test_embeddings.py::test_model_loading_error_handling PASSED [ 13%]
tests\backend\test_embeddings.py::test_database_connection_error PASSED  [ 13%]
tests\backend\test_embeddings_comprehensive.py::TestEmbeddingsManagerInit::test_successful_initialization PASSED [ 13%]
tests\backend\test_embeddings_comprehensive.py::TestEmbeddingsManagerInit::test_model_loading_failure PASSED [ 13%]
tests\backend\test_embeddings_comprehensive.py::TestEmbeddingsManagerInit::test_chroma_client_failure PASSED [ 13%]
tests\backend\test_embeddings_comprehensive.py::TestEmbeddingsManagerInit::test_collection_creation_failure PASSED [ 13%]
tests\backend\test_embeddings_comprehensive.py::TestEmbeddingsFromSettings::test_from_settings_success PASSED [ 13%]
tests\backend\test_embeddings_comprehensive.py::TestEmbeddingsFromSettings::test_from_settings_with_failure PASSED [ 13%]
tests\backend\test_embeddings_comprehensive.py::TestEmbeddingOperations::test_compute_embedding_success PASSED [ 14%]
tests\backend\test_embeddings_comprehensive.py::TestEmbeddingOperations::test_compute_embedding_no_model PASSED [ 14%]
tests\backend\test_embeddings_comprehensive.py::TestEmbeddingOperations::test_compute_embedding_model_error PASSED [ 14%]
tests\backend\test_embeddings_comprehensive.py::TestEmbeddingOperations::test_add_embedding_success PASSED [ 14%]
tests\backend\test_embeddings_comprehensive.py::TestEmbeddingOperations::test_add_embedding_no_collection PASSED [ 14%]
tests\backend\test_embeddings_comprehensive.py::TestSearchOperations::test_search_success PASSED [ 14%]
tests\backend\test_embeddings_comprehensive.py::TestSearchOperations::test_search_custom_top_k PASSED [ 14%]
tests\backend\test_embeddings_comprehensive.py::TestSearchOperations::test_search_no_collection PASSED [ 14%]
tests\backend\test_embeddings_comprehensive.py::TestSearchOperations::test_search_query_error PASSED [ 14%]
tests\backend\test_embeddings_comprehensive.py::TestDatabaseOperations::test_reset_db_success PASSED [ 14%]
tests\backend\test_embeddings_comprehensive.py::TestDatabaseOperations::test_reset_db_no_client PASSED [ 14%]
tests\backend\test_embeddings_comprehensive.py::TestDatabaseOperations::test_reset_db_error PASSED [ 15%]
tests\backend\test_embeddings_comprehensive.py::TestDatabaseOperations::test_clear_collection_alias PASSED [ 15%]
tests\backend\test_embeddings_comprehensive.py::TestBatchOperations::test_add_documents_success PASSED [ 15%]
tests\backend\test_embeddings_comprehensive.py::TestBatchOperations::test_add_documents_default_metadata PASSED [ 15%]
tests\backend\test_embeddings_comprehensive.py::TestBatchOperations::test_add_documents_empty_chunks PASSED [ 15%]
tests\backend\test_embeddings_comprehensive.py::TestBatchOperations::test_add_documents_no_collection PASSED [ 15%]
tests\backend\test_embeddings_comprehensive.py::TestUtilityMethods::test_get_collection_info_success PASSED [ 15%]
tests\backend\test_embeddings_comprehensive.py::TestUtilityMethods::test_get_collection_info_no_collection PASSED [ 15%]
tests\backend\test_embeddings_comprehensive.py::TestUtilityMethods::test_get_collection_info_count_error PASSED [ 15%]
tests\backend\test_embeddings_comprehensive.py::TestUtilityMethods::test_hash_text PASSED [ 15%]
tests\backend\test_embeddings_comprehensive.py::TestUtilityMethods::test_chunk_text_various_scenarios PASSED [ 15%]
tests\backend\test_embeddings_comprehensive.py::TestUtilityMethods::test_close_method PASSED [ 15%]
tests\backend\test_embeddings_comprehensive.py::TestIndexingMethods::test_index_file_success PASSED [ 16%]
tests\backend\test_embeddings_comprehensive.py::TestIndexingMethods::test_index_file_not_found PASSED [ 16%]
tests\backend\test_embeddings_comprehensive.py::TestIndexingMethods::test_index_vault_success PASSED [ 16%]
tests\backend\test_embeddings_comprehensive.py::TestIndexingMethods::test_reindex_success PASSED [ 16%]
tests\backend\test_embeddings_comprehensive.py::TestImportFailures::test_sentence_transformer_none_handling PASSED [ 16%]
tests\backend\test_embeddings_comprehensive.py::TestImportFailures::test_persistent_client_none_handling PASSED [ 16%]
tests\backend\test_embeddings_comprehensive.py::TestImportFailures::test_embedding_functions_import_failure PASSED [ 16%]
tests\backend\test_embeddings_comprehensive.py::TestGetEmbeddingById::test_get_embedding_by_id_success PASSED [ 16%]
tests\backend\test_embeddings_comprehensive.py::TestGetEmbeddingById::test_get_embedding_by_id_not_found PASSED [ 16%]
tests\backend\test_embeddings_comprehensive.py::TestGetEmbeddingById::test_get_embedding_by_id_no_collection PASSED [ 16%]
tests\backend\test_embeddings_comprehensive.py::TestGetEmbeddingById::test_get_embedding_by_id_exception_handling PASSED [ 16%]
tests\backend\test_embeddings_comprehensive.py::TestIndexFilePersist::test_index_file_with_persist PASSED [ 17%]
tests\backend\test_embeddings_comprehensive.py::TestIndexFilePersist::test_index_file_nonexistent PASSED [ 17%]
tests\backend\test_embeddings_comprehensive.py::TestPersistentClientNone::test_initialization_with_persistent_client_none PASSED [ 17%]
tests\backend\test_embeddings_comprehensive.py::TestSentenceTransformerNoneWarning::test_sentence_transformer_none_logs_warning PASSED [ 17%]
tests\backend\test_enterprise_auth.py::TestSSOConfig::test_sso_config_creation PASSED [ 17%]
tests\backend\test_enterprise_auth.py::TestSSOConfig::test_sso_config_custom_redirect_uri PASSED [ 17%]
tests\backend\test_enterprise_auth.py::TestSSOConfig::test_sso_config_custom_scopes PASSED [ 17%]
tests\backend\test_enterprise_auth.py::TestSSOConfig::test_sso_config_default_scopes_post_init PASSED [ 17%]
tests\backend\test_enterprise_auth.py::TestUserInfo::test_user_info_creation PASSED [ 17%]
tests\backend\test_enterprise_auth.py::TestUserInfo::test_user_info_with_custom_roles PASSED [ 17%]
tests\backend\test_enterprise_auth.py::TestUserInfo::test_user_info_with_tenant PASSED [ 17%]
tests\backend\test_enterprise_auth.py::TestUserInfo::test_user_info_default_roles_post_init PASSED [ 17%]
tests\backend\test_enterprise_auth.py::TestSSOManager::test_sso_manager_initialization PASSED [ 18%]
tests\backend\test_enterprise_auth.py::TestSSOManager::test_authenticate_azure_ad_success PASSED [ 18%]
tests\backend\test_enterprise_auth.py::TestSSOManager::test_authenticate_google_workspace_success PASSED [ 18%]
tests\backend\test_enterprise_auth.py::TestSSOManager::test_authenticate_okta_success PASSED [ 18%]
tests\backend\test_enterprise_auth.py::TestSSOManager::test_authenticate_saml_success PASSED [ 18%]
tests\backend\test_enterprise_auth.py::TestSSOManager::test_authenticate_ldap_success PASSED [ 18%]
tests\backend\test_enterprise_auth.py::TestSSOManager::test_authenticate_unsupported_provider PASSED [ 18%]
tests\backend\test_enterprise_auth.py::TestSSOManager::test_authenticate_handler_exception PASSED [ 18%]
tests\backend\test_enterprise_auth.py::TestSSOManager::test_generate_jwt_token PASSED [ 18%]
tests\backend\test_enterprise_auth.py::TestSSOManager::test_generate_jwt_token_custom_expiry PASSED [ 18%]
tests\backend\test_enterprise_auth.py::TestSSOManager::test_validate_jwt_token_valid PASSED [ 18%]
tests\backend\test_enterprise_auth.py::TestSSOManager::test_validate_jwt_token_invalid_secret PASSED [ 19%]
tests\backend\test_enterprise_auth.py::TestSSOManager::test_validate_jwt_token_expired PASSED [ 19%]
tests\backend\test_enterprise_auth.py::TestSSOManager::test_validate_jwt_token_malformed PASSED [ 19%]
tests\backend\test_enterprise_auth.py::TestEnterpriseAuthMiddleware::test_middleware_initialization PASSED [ 19%]
tests\backend\test_enterprise_auth.py::TestEnterpriseAuthMiddleware::test_middleware_public_endpoint_bypass PASSED [ 19%]
tests\backend\test_enterprise_auth.py::TestEnterpriseAuthMiddleware::test_middleware_missing_auth_header PASSED [ 19%]
tests\backend\test_enterprise_auth.py::TestEnterpriseAuthMiddleware::test_middleware_invalid_auth_header_format PASSED [ 19%]
tests\backend\test_enterprise_auth.py::TestEnterpriseAuthMiddleware::test_all_sso_providers_available PASSED [ 19%]
tests\backend\test_enterprise_auth.py::TestSSOProviderHandlers::test_azure_ad_handler_returns_correct_user_info PASSED [ 19%]
tests\backend\test_enterprise_auth.py::TestSSOProviderHandlers::test_google_workspace_handler_returns_correct_user_info PASSED [ 19%]
tests\backend\test_enterprise_auth.py::TestSSOProviderHandlers::test_all_handlers_return_user_info_objects PASSED [ 19%]
tests\backend\test_enterprise_auth.py::TestEnterpriseAuthMiddlewareComplete::test_middleware_with_valid_jwt_token PASSED [ 19%]
tests\backend\test_enterprise_auth.py::TestEnterpriseAuthMiddlewareComplete::test_middleware_with_expired_token PASSED [ 20%]
tests\backend\test_enterprise_auth.py::TestEnterpriseAuthMiddlewareComplete::test_middleware_with_malformed_bearer_token PASSED [ 20%]
tests\backend\test_enterprise_auth.py::TestEnterpriseAuthMiddlewareComplete::test_middleware_public_endpoint_bypass PASSED [ 20%]
tests\backend\test_enterprise_auth.py::TestSSOEndpoints::test_sso_endpoints_initialization PASSED [ 20%]
tests\backend\test_enterprise_auth.py::TestSSOEndpoints::test_sso_endpoints_registers_routes PASSED [ 20%]
tests\backend\test_enterprise_auth.py::TestHandlerRegistry::test_handler_registry_get_valid_provider PASSED [ 20%]
tests\backend\test_enterprise_auth.py::TestHandlerRegistry::test_handler_registry_get_invalid_provider PASSED [ 20%]
tests\backend\test_enterprise_auth.py::TestHandlerRegistry::test_handler_registry_len PASSED [ 20%]
tests\backend\test_enterprise_auth.py::TestHandlerRegistry::test_handler_registry_contains PASSED [ 20%]
tests\backend\test_enterprise_auth.py::TestHandlerRegistry::test_handler_registry_keys PASSED [ 20%]
tests\backend\test_enterprise_auth.py::TestHandlerRegistry::test_handler_registry_iter PASSED [ 20%]
tests\backend\test_enterprise_auth.py::TestAdditionalJWTScenarios::test_jwt_token_refresh_scenario PASSED [ 21%]
tests\backend\test_enterprise_auth.py::TestAdditionalJWTScenarios::test_jwt_token_with_tenant_id PASSED [ 21%]
tests\backend\test_enterprise_auth.py::TestAdditionalJWTScenarios::test_jwt_token_different_secret_keys PASSED [ 21%]
tests\backend\test_enterprise_auth.py::TestAdditionalJWTScenarios::test_jwt_token_payload_structure PASSED [ 21%]
tests\backend\test_enterprise_rbac.py::TestPermissionEnum::test_permission_enum_values PASSED [ 21%]
tests\backend\test_enterprise_rbac.py::TestPermissionEnum::test_permission_enum_consistency PASSED [ 21%]
tests\backend\test_enterprise_rbac.py::TestUserRoleEnum::test_user_role_enum_values PASSED [ 21%]
tests\backend\test_enterprise_rbac.py::TestUserRoleEnum::test_user_role_hierarchy PASSED [ 21%]
tests\backend\test_enterprise_rbac.py::TestRoleDataClass::test_role_creation_basic PASSED [ 21%]
tests\backend\test_enterprise_rbac.py::TestRoleDataClass::test_role_creation_with_inheritance PASSED [ 21%]
tests\backend\test_enterprise_rbac.py::TestRoleDataClass::test_role_permissions_immutable PASSED [ 21%]
tests\backend\test_enterprise_rbac.py::TestUserPermissionsDataClass::test_user_permissions_creation PASSED [ 21%]
tests\backend\test_enterprise_rbac.py::TestUserPermissionsDataClass::test_user_permissions_with_expiry PASSED [ 22%]
tests\backend\test_enterprise_rbac.py::TestUserPermissionsDataClass::test_user_permissions_multiple_roles PASSED [ 22%]
tests\backend\test_enterprise_rbac.py::TestRBACManager::test_rbac_manager_initialization PASSED [ 22%]
tests\backend\test_enterprise_rbac.py::TestRBACManager::test_default_roles_structure PASSED [ 22%]
tests\backend\test_enterprise_rbac.py::TestRBACManager::test_get_role_permissions_basic PASSED [ 22%]
tests\backend\test_enterprise_rbac.py::TestRBACManager::test_get_role_permissions_admin PASSED [ 22%]
tests\backend\test_enterprise_rbac.py::TestRBACManager::test_get_role_permissions_invalid_role PASSED [ 22%]
tests\backend\test_enterprise_rbac.py::TestRBACManager::test_assign_role_to_user PASSED [ 22%]
tests\backend\test_enterprise_rbac.py::TestRBACManager::test_assign_multiple_roles_to_user PASSED [ 22%]
tests\backend\test_enterprise_rbac.py::TestRBACManager::test_remove_role_from_user PASSED [ 22%]
tests\backend\test_enterprise_rbac.py::TestRBACManager::test_remove_role_from_nonexistent_user PASSED [ 22%]
tests\backend\test_enterprise_rbac.py::TestRBACManager::test_check_user_permission_granted PASSED [ 23%]
tests\backend\test_enterprise_rbac.py::TestRBACManager::test_check_user_permission_denied PASSED [ 23%]
tests\backend\test_enterprise_rbac.py::TestRBACManager::test_check_user_permission_nonexistent_user PASSED [ 23%]
tests\backend\test_enterprise_rbac.py::TestRBACManager::test_get_user_roles PASSED [ 23%]
tests\backend\test_enterprise_rbac.py::TestRBACManager::test_get_user_roles_nonexistent PASSED [ 23%]
tests\backend\test_enterprise_rbac.py::TestRBACManager::test_create_custom_role PASSED [ 23%]
tests\backend\test_enterprise_rbac.py::TestRBACManager::test_create_custom_role_duplicate_name PASSED [ 23%]
tests\backend\test_enterprise_rbac.py::TestRBACManager::test_role_inheritance PASSED [ 23%]
tests\backend\test_enterprise_rbac.py::TestRBACManager::test_permission_escalation_prevention PASSED [ 23%]
tests\backend\test_enterprise_rbac.py::TestRBACDecorators::test_require_permission_decorator_success PASSED [ 23%]
tests\backend\test_enterprise_rbac.py::TestRBACDecorators::test_require_permission_decorator_failure PASSED [ 23%]
tests\backend\test_enterprise_rbac.py::TestRBACDecorators::test_require_role_decorator_success PASSED [ 23%]
tests\backend\test_enterprise_rbac.py::TestRBACDecorators::test_require_role_decorator_failure PASSED [ 24%]
tests\backend\test_enterprise_rbac.py::TestAuditLogger::test_audit_logger_initialization PASSED [ 24%]
tests\backend\test_enterprise_rbac.py::TestAuditLogger::test_log_permission_check PASSED [ 24%]
tests\backend\test_enterprise_rbac.py::TestAuditLogger::test_log_role_assignment PASSED [ 24%]
tests\backend\test_enterprise_rbac.py::TestAuditLogger::test_get_audit_logs PASSED [ 24%]
tests\backend\test_enterprise_rbac.py::TestAuditLogger::test_get_audit_logs_by_user PASSED [ 24%]
tests\backend\test_enterprise_rbac.py::TestRBACIntegration::test_full_rbac_workflow PASSED [ 24%]
tests\backend\test_enterprise_rbac.py::TestRBACIntegration::test_tenant_isolation PASSED [ 24%]
tests\backend\test_enterprise_rbac_fixed.py::TestPermissionEnum::test_permission_enum_values PASSED [ 24%]
tests\backend\test_enterprise_rbac_fixed.py::TestPermissionEnum::test_permission_enum_consistency PASSED [ 24%]
tests\backend\test_enterprise_rbac_fixed.py::TestUserRoleEnum::test_user_role_enum_values PASSED [ 24%]
tests\backend\test_enterprise_rbac_fixed.py::TestUserRoleEnum::test_user_role_hierarchy PASSED [ 25%]
tests\backend\test_enterprise_tenant.py::TestTenantTierEnum::test_tenant_tier_values PASSED [ 25%]
tests\backend\test_enterprise_tenant.py::TestTenantTierEnum::test_tenant_tier_hierarchy PASSED [ 25%]
tests\backend\test_enterprise_tenant.py::TestTenantLimitsDataClass::test_tenant_limits_creation PASSED [ 25%]
tests\backend\test_enterprise_tenant.py::TestTenantLimitsDataClass::test_tenant_limits_with_features PASSED [ 25%]
tests\backend\test_enterprise_tenant.py::TestTenantLimitsDataClass::test_tenant_limits_immutable_after_creation PASSED [ 25%]
tests\backend\test_enterprise_tenant.py::TestTenantConfigDataClass::test_tenant_config_creation_basic PASSED [ 25%]
tests\backend\test_enterprise_tenant.py::TestTenantConfigDataClass::test_tenant_config_with_optional_fields PASSED [ 25%]
tests\backend\test_enterprise_tenant.py::TestTenantConfigDataClass::test_tenant_config_status_values PASSED [ 25%]
tests\backend\test_enterprise_tenant.py::TestTenantUsageDataClass::test_tenant_usage_creation PASSED [ 25%]
tests\backend\test_enterprise_tenant.py::TestTenantUsageDataClass::test_tenant_usage_zero_values PASSED [ 25%]
tests\backend\test_enterprise_tenant.py::TestTenantUsageDataClass::test_tenant_usage_high_values PASSED [ 25%]
tests\backend\test_enterprise_tenant.py::TestTenantManager::test_tenant_manager_initialization PASSED [ 26%]
tests\backend\test_enterprise_tenant.py::TestTenantManager::test_default_tier_limits PASSED [ 26%]
tests\backend\test_enterprise_tenant.py::TestTenantManager::test_create_tenant_basic PASSED [ 26%]
tests\backend\test_enterprise_tenant.py::TestTenantManager::test_create_tenant_with_custom_config PASSED [ 26%]
tests\backend\test_enterprise_tenant.py::TestTenantManager::test_create_tenant_generates_unique_ids PASSED [ 26%]
tests\backend\test_enterprise_tenant.py::TestTenantManager::test_get_tenant_existing PASSED [ 26%]
tests\backend\test_enterprise_tenant.py::TestTenantManager::test_get_tenant_nonexistent PASSED [ 26%]
tests\backend\test_enterprise_tenant.py::TestTenantManager::test_update_tenant_status PASSED [ 26%]
tests\backend\test_enterprise_tenant.py::TestTenantManager::test_update_tenant_status_invalid_tenant PASSED [ 26%]
tests\backend\test_enterprise_tenant.py::TestTenantManager::test_get_tenant_usage_existing PASSED [ 26%]
tests\backend\test_enterprise_tenant.py::TestTenantManager::test_get_tenant_usage_nonexistent PASSED [ 26%]
tests\backend\test_enterprise_tenant.py::TestTenantManager::test_update_tenant_usage PASSED [ 27%]
tests\backend\test_enterprise_tenant.py::TestTenantManager::test_update_tenant_usage_invalid_tenant PASSED [ 27%]
tests\backend\test_enterprise_tenant.py::TestTenantManager::test_check_tenant_limits_within_limits PASSED [ 27%]
tests\backend\test_enterprise_tenant.py::TestTenantManager::test_check_tenant_limits_exceeds_limits PASSED [ 27%]
tests\backend\test_enterprise_tenant.py::TestTenantManager::test_check_tenant_limits_invalid_tenant PASSED [ 27%]
tests\backend\test_enterprise_tenant.py::TestTenantManager::test_list_tenants_empty PASSED [ 27%]
tests\backend\test_enterprise_tenant.py::TestTenantManager::test_list_tenants_with_tenants PASSED [ 27%]
tests\backend\test_enterprise_tenant.py::TestTenantManager::test_list_tenants_by_tier PASSED [ 27%]
tests\backend\test_enterprise_tenant.py::TestTenantManager::test_list_tenants_by_status PASSED [ 27%]
tests\backend\test_enterprise_tenant.py::TestTenantManager::test_delete_tenant_existing PASSED [ 27%]
tests\backend\test_enterprise_tenant.py::TestTenantManager::test_delete_tenant_nonexistent PASSED [ 27%]
tests\backend\test_enterprise_tenant.py::TestTenantManager::test_tenant_feature_check PASSED [ 27%]
tests\backend\test_enterprise_tenant.py::TestTenantEndpoints::test_tenant_endpoints_initialization PASSED [ 28%]
tests\backend\test_enterprise_tenant.py::TestTenantIntegration::test_full_tenant_lifecycle PASSED [ 28%]
tests\backend\test_enterprise_tenant.py::TestTenantIntegration::test_multi_tenant_isolation PASSED [ 28%]
tests\backend\test_enterprise_tenant.py::TestTenantIntegration::test_tenant_tier_upgrade_scenario PASSED [ 28%]
tests\backend\test_enterprise_tenant.py::TestResourceLimits::test_check_resource_limit_users_within_limit PASSED [ 28%]
tests\backend\test_enterprise_tenant.py::TestResourceLimits::test_check_resource_limit_users_exceeds_limit PASSED [ 28%]
tests\backend\test_enterprise_tenant.py::TestResourceLimits::test_check_resource_limit_documents PASSED [ 28%]
tests\backend\test_enterprise_tenant.py::TestResourceLimits::test_check_resource_limit_api_calls PASSED [ 28%]
tests\backend\test_enterprise_tenant.py::TestResourceLimits::test_check_resource_limit_concurrent_requests PASSED [ 28%]
tests\backend\test_enterprise_tenant.py::TestResourceLimits::test_check_resource_limit_invalid_tenant PASSED [ 28%]
tests\backend\test_enterprise_tenant.py::TestResourceLimits::test_check_resource_limit_suspended_tenant PASSED [ 28%]
tests\backend\test_enterprise_tenant.py::TestResourceLimits::test_check_resource_limit_unknown_resource_type PASSED [ 29%]
tests\backend\test_enterprise_tenant.py::TestUsageIncrement::test_increment_usage_users PASSED [ 29%]
tests\backend\test_enterprise_tenant.py::TestUsageIncrement::test_increment_usage_documents PASSED [ 29%]
tests\backend\test_enterprise_tenant.py::TestUsageIncrement::test_increment_usage_api_calls PASSED [ 29%]
tests\backend\test_enterprise_tenant.py::TestUsageIncrement::test_increment_usage_concurrent_requests PASSED [ 29%]
tests\backend\test_enterprise_tenant.py::TestUsageIncrement::test_increment_usage_storage PASSED [ 29%]
tests\backend\test_enterprise_tenant.py::TestUsageIncrement::test_increment_usage_invalid_tenant PASSED [ 29%]
tests\backend\test_enterprise_tenant.py::TestUsageIncrement::test_increment_usage_updates_timestamp PASSED [ 29%]
tests\backend\test_enterprise_tenant.py::TestHourlyMetricsReset::test_reset_hourly_metrics PASSED [ 29%]
tests\backend\test_enterprise_tenant.py::TestHourlyMetricsReset::test_reset_hourly_metrics_invalid_tenant PASSED [ 29%]
tests\backend\test_enterprise_tenant.py::TestHourlyMetricsReset::test_reset_hourly_metrics_updates_timestamp PASSED [ 29%]
tests\backend\test_enterprise_tenant.py::TestTenantSuspension::test_suspend_tenant PASSED [ 29%]
tests\backend\test_enterprise_tenant.py::TestTenantSuspension::test_suspend_tenant_without_reason PASSED [ 30%]
tests\backend\test_enterprise_tenant.py::TestTenantSuspension::test_suspend_tenant_invalid_id PASSED [ 30%]
tests\backend\test_enterprise_tenant.py::TestTenantIsolation::test_get_tenant_vault_path PASSED [ 30%]
tests\backend\test_enterprise_tenant.py::TestTenantIsolation::test_get_tenant_vault_path_invalid_tenant PASSED [ 30%]
tests\backend\test_enterprise_tenant.py::TestTenantIsolation::test_get_tenant_vault_path_empty_tenant_id PASSED [ 30%]
tests\backend\test_enterprise_tenant.py::TestTenantIsolation::test_get_tenant_cache_path PASSED [ 30%]
tests\backend\test_enterprise_tenant.py::TestTenantIsolation::test_get_tenant_cache_path_invalid_tenant PASSED [ 30%]
tests\backend\test_enterprise_tenant.py::TestTenantIsolation::test_get_tenant_models_path PASSED [ 30%]
tests\backend\test_enterprise_tenant.py::TestTenantIsolation::test_get_tenant_models_path_invalid_tenant PASSED [ 30%]
tests\backend\test_enterprise_tenant.py::TestTenantIsolation::test_get_tenant_logs_path PASSED [ 30%]
tests\backend\test_enterprise_tenant.py::TestTenantIsolation::test_get_tenant_logs_path_invalid_tenant PASSED [ 30%]
tests\backend\test_enterprise_tenant.py::TestTenantIsolation::test_filter_user_access_valid PASSED [ 31%]
tests\backend\test_enterprise_tenant.py::TestTenantIsolation::test_filter_user_access_invalid_resource PASSED [ 31%]
tests\backend\test_enterprise_tenant.py::TestTenantIsolation::test_filter_user_access_invalid_tenant PASSED [ 31%]
tests\backend\test_enterprise_tenant.py::TestTenantIsolation::test_filter_user_access_suspended_tenant PASSED [ 31%]
tests\backend\test_enterprise_tenant.py::TestBillingManager::test_record_usage_event PASSED [ 31%]
tests\backend\test_enterprise_tenant.py::TestBillingManager::test_record_multiple_usage_events PASSED [ 31%]
tests\backend\test_enterprise_tenant.py::TestBillingManager::test_generate_usage_report PASSED [ 31%]
tests\backend\test_enterprise_tenant.py::TestBillingManager::test_generate_usage_report_empty PASSED [ 31%]
tests\backend\test_enterprise_tenant.py::TestBillingManager::test_generate_usage_report_date_filtering PASSED [ 31%]
tests\backend\test_enterprise_tenant.py::TestFeatureAccess::test_has_feature_access_enabled PASSED [ 31%]
tests\backend\test_enterprise_tenant.py::TestFeatureAccess::test_has_feature_access_disabled PASSED [ 31%]
tests\backend\test_enterprise_tenant.py::TestFeatureAccess::test_has_feature_access_invalid_tenant PASSED [ 31%]
tests\backend\test_enterprise_tenant.py::TestFeatureAccess::test_has_feature_access_all_features PASSED [ 32%]
tests\backend\test_enterprise_tenant.py::TestTenantUpgrade::test_upgrade_tenant_basic_to_pro PASSED [ 32%]
tests\backend\test_enterprise_tenant.py::TestTenantUpgrade::test_upgrade_tenant_to_enterprise PASSED [ 32%]
tests\backend\test_enterprise_tenant.py::TestTenantUpgrade::test_upgrade_tenant_invalid_id PASSED [ 32%]
tests\backend\test_enterprise_tenant.py::TestTenantUpgrade::test_upgrade_tenant_updates_limits PASSED [ 32%]
tests\backend\test_enterprise_tenant.py::TestMultiTenantMiddleware::test_extract_tenant_id_from_header PASSED [ 32%]
tests\backend\test_enterprise_tenant.py::TestMultiTenantMiddleware::test_extract_tenant_id_from_user_state PASSED [ 32%]
tests\backend\test_enterprise_tenant.py::TestMultiTenantMiddleware::test_extract_tenant_id_missing PASSED [ 32%]
tests\backend\test_enterprise_tenant.py::TestMultiTenantMiddleware::test_middleware_call_success PASSED [ 32%]
tests\backend\test_enterprise_tenant.py::TestMultiTenantMiddleware::test_middleware_call_missing_tenant_id PASSED [ 32%]
tests\backend\test_enterprise_tenant.py::TestMultiTenantMiddleware::test_middleware_call_invalid_tenant_id PASSED [ 32%]
tests\backend\test_enterprise_tenant.py::TestMultiTenantMiddleware::test_middleware_concurrent_request_tracking PASSED [ 33%]
tests\backend\test_enterprise_tenant.py::TestMultiTenantMiddleware::test_middleware_concurrent_limit_exceeded PASSED [ 33%]
tests\backend\test_file_validation.py::TestFileValidator::test_sanitize_filename_basic PASSED [ 33%]
tests\backend\test_file_validation.py::TestFileValidator::test_sanitize_filename_dangerous_chars PASSED [ 33%]
tests\backend\test_file_validation.py::TestFileValidator::test_sanitize_filename_path_traversal PASSED [ 33%]
tests\backend\test_file_validation.py::TestFileValidator::test_sanitize_filename_empty PASSED [ 33%]
tests\backend\test_file_validation.py::TestFileValidator::test_sanitize_filename_too_long PASSED [ 33%]
tests\backend\test_file_validation.py::TestFileValidator::test_validate_path_basic PASSED [ 33%]
tests\backend\test_file_validation.py::TestFileValidator::test_validate_path_traversal_detection PASSED [ 33%]
tests\backend\test_file_validation.py::TestFileValidator::test_validate_path_empty PASSED [ 33%]
tests\backend\test_file_validation.py::TestFileValidator::test_detect_pdf_file_type PASSED [ 33%]
tests\backend\test_file_validation.py::TestFileValidator::test_detect_audio_file_type_wav PASSED [ 33%]
tests\backend\test_file_validation.py::TestFileValidator::test_detect_audio_file_type_mp3 PASSED [ 34%]
tests\backend\test_file_validation.py::TestFileValidator::test_detect_unsupported_file_type PASSED [ 34%]
tests\backend\test_file_validation.py::TestFileValidator::test_validate_file_size_pdf_ok PASSED [ 34%]
tests\backend\test_file_validation.py::TestFileValidator::test_validate_file_size_pdf_too_large PASSED [ 34%]
tests\backend\test_file_validation.py::TestFileValidator::test_validate_file_size_audio_ok PASSED [ 34%]
tests\backend\test_file_validation.py::TestFileValidator::test_validate_file_size_audio_too_large PASSED [ 34%]
tests\backend\test_file_validation.py::TestFileValidator::test_check_dangerous_extension PASSED [ 34%]
tests\backend\test_file_validation.py::TestFileValidator::test_check_dangerous_pdf_content PASSED [ 34%]
tests\backend\test_file_validation.py::TestFileValidator::test_check_null_bytes PASSED [ 34%]
tests\backend\test_file_validation.py::TestFileValidator::test_validate_file_complete_success PASSED [ 34%]
tests\backend\test_file_validation.py::TestFileValidator::test_validate_file_with_warnings PASSED [ 34%]
tests\backend\test_file_validation.py::TestFileValidator::test_validate_file_complete_failure PASSED [ 35%]
tests\backend\test_file_validation.py::TestFileValidator::test_restricted_file_types PASSED [ 35%]
tests\backend\test_file_validation.py::TestHelperFunctions::test_validate_base64_audio_success PASSED [ 35%]
tests\backend\test_file_validation.py::TestHelperFunctions::test_validate_base64_audio_invalid_b64 PASSED [ 35%]
tests\backend\test_file_validation.py::TestHelperFunctions::test_validate_base64_audio_too_large PASSED [ 35%]
tests\backend\test_file_validation.py::TestHelperFunctions::test_validate_base64_audio_custom_size_limit PASSED [ 35%]
tests\backend\test_file_validation.py::TestHelperFunctions::test_validate_pdf_path_success PASSED [ 35%]
tests\backend\test_file_validation.py::TestHelperFunctions::test_validate_pdf_path_file_not_found PASSED [ 35%]
tests\backend\test_file_validation.py::TestHelperFunctions::test_get_file_size_limits_defaults PASSED [ 35%]
tests\backend\test_file_validation.py::TestHelperFunctions::test_get_file_size_limits_from_env PASSED [ 35%]
tests\backend\test_file_validation.py::TestSecurityScenarios::test_zip_bomb_detection PASSED [ 35%]
tests\backend\test_file_validation.py::TestSecurityScenarios::test_path_traversal_variations PASSED [ 35%]
tests\backend\test_file_validation.py::TestSecurityScenarios::test_filename_injection_attacks PASSED [ 36%]
tests\backend\test_file_validation.py::TestSecurityScenarios::test_polyglot_file_detection PASSED [ 36%]
tests\backend\test_file_validation.py::TestSecurityScenarios::test_embedded_executable_detection PASSED [ 36%]
tests\backend\test_file_validation.py::TestSecurityScenarios::test_unicode_filename_attacks PASSED [ 36%]
tests\backend\test_file_validation.py::TestMagicLibraryFallbacks::test_fallback_without_magic PASSED [ 36%]
tests\backend\test_file_validation.py::TestMagicLibraryFallbacks::test_magic_library_exception_handling PASSED [ 36%]
tests\backend\test_file_validation.py::TestPerformanceAndLimits::test_large_file_memory_efficiency PASSED [ 36%]
tests\backend\test_file_validation.py::TestPerformanceAndLimits::test_hash_calculation_accuracy PASSED [ 36%]
tests\backend\test_file_validation.py::TestPerformanceAndLimits::test_concurrent_validation_safety PASSED [ 36%]
tests\backend\test_health_monitoring.py::test_service_health_check_success PASSED [ 36%]
tests\backend\test_health_monitoring.py::test_service_health_check_timeout PASSED [ 36%]
tests\backend\test_health_monitoring.py::test_service_health_check_failure PASSED [ 37%]
tests\backend\test_health_monitoring.py::test_consecutive_failures_tracking PASSED [ 37%]
tests\backend\test_health_monitoring.py::test_service_recovery_resets_failures PASSED [ 37%]
tests\backend\test_health_monitoring.py::test_system_metrics_collection PASSED [ 37%]
tests\backend\test_health_monitoring.py::test_metrics_history_management PASSED [ 37%]
tests\backend\test_health_monitoring.py::test_alert_threshold_initialization PASSED [ 37%]
tests\backend\test_health_monitoring.py::test_alert_generation_on_failure PASSED [ 37%]
tests\backend\test_health_monitoring.py::test_alert_resolution_on_recovery PASSED [ 37%]
tests\backend\test_health_monitoring.py::test_cpu_threshold_alerts PASSED [ 37%]
tests\backend\test_health_monitoring.py::test_memory_threshold_alerts PASSED [ 37%]
tests\backend\test_health_monitoring.py::test_overall_health_status_healthy PASSED [ 37%]
tests\backend\test_health_monitoring.py::test_overall_health_status_degraded PASSED [ 37%]
tests\backend\test_health_monitoring.py::test_overall_health_status_unhealthy PASSED [ 38%]
tests\backend\test_health_monitoring.py::test_health_summary_structure PASSED [ 38%]
tests\backend\test_health_monitoring.py::test_metrics_summary_structure PASSED [ 38%]
tests\backend\test_health_monitoring.py::test_alert_acknowledgement PASSED [ 38%]
tests\backend\test_health_monitoring.py::test_alert_acknowledgement_not_found PASSED [ 38%]
tests\backend\test_health_monitoring.py::test_get_alerts_excludes_resolved_by_default PASSED [ 38%]
tests\backend\test_health_monitoring.py::test_get_alerts_includes_resolved_when_requested PASSED [ 38%]
tests\backend\test_health_monitoring.py::test_get_health_monitor_singleton PASSED [ 38%]
tests\backend\test_health_monitoring.py::test_slow_response_time_degraded_status PASSED [ 38%]
tests\backend\test_health_monitoring.py::test_metrics_aggregation_window PASSED [ 38%]
tests\backend\test_https_utils.py::TestHTTPSRedirectMiddleware::test_http_request_redirects_to_https PASSED [ 38%]
tests\backend\test_https_utils.py::TestHTTPSRedirectMiddleware::test_https_request_passes_through PASSED [ 39%]
tests\backend\test_https_utils.py::TestHTTPSRedirectMiddleware::test_middleware_preserves_url_components PASSED [ 39%]
tests\backend\test_https_utils.py::TestGetSSLConfig::test_ssl_config_with_all_environment_variables PASSED [ 39%]
tests\backend\test_https_utils.py::TestGetSSLConfig::test_ssl_config_with_cert_and_key_only PASSED [ 39%]
tests\backend\test_https_utils.py::TestGetSSLConfig::test_ssl_config_missing_certfile PASSED [ 39%]
tests\backend\test_https_utils.py::TestGetSSLConfig::test_ssl_config_missing_keyfile PASSED [ 39%]
tests\backend\test_https_utils.py::TestGetSSLConfig::test_ssl_config_no_environment_variables PASSED [ 39%]
tests\backend\test_https_utils.py::TestGetSSLConfig::test_ssl_config_empty_strings PASSED [ 39%]
tests\backend\test_https_utils.py::TestGetSSLConfig::test_ssl_config_whitespace_values PASSED [ 39%]
tests\backend\test_https_utils.py::TestGetSSLConfig::test_ssl_config_special_characters_in_paths PASSED [ 39%]
tests\backend\test_https_utils.py::TestHTTPSUtilsIntegration::test_middleware_integration_with_ssl_config PASSED [ 39%]
tests\backend\test_https_utils.py::TestHTTPSUtilsIntegration::test_ssl_config_none_when_environment_not_set PASSED [ 39%]
tests\backend\test_https_utils.py::TestHTTPSUtilsEdgeCases::test_middleware_with_none_url_scheme PASSED [ 40%]
tests\backend\test_https_utils.py::TestHTTPSUtilsEdgeCases::test_get_ssl_config_with_relative_paths PASSED [ 40%]
tests\backend\test_indexing.py::test_vault_indexer_initialization PASSED [ 40%]
tests\backend\test_indexing.py::test_initialization_with_existing_embeddings_manager PASSED [ 40%]
tests\backend\test_indexing.py::test_hash_url PASSED                     [ 40%]
tests\backend\test_indexing.py::test_cache_file PASSED                   [ 40%]
tests\backend\test_indexing.py::test_load_cached_file_exists PASSED      [ 40%]
tests\backend\test_indexing.py::test_load_cached_file_not_exists PASSED  [ 40%]
tests\backend\test_indexing.py::test_load_cached_file_error PASSED       [ 40%]
tests\backend\test_indexing.py::test_read_markdown_file PASSED           [ 40%]
tests\backend\test_indexing.py::test_read_markdown_file_not_exists PASSED [ 40%]
tests\backend\test_indexing.py::test_read_markdown_file_error PASSED     [ 41%]
tests\backend\test_indexing.py::test_read_pdf_success PASSED             [ 41%]
tests\backend\test_indexing.py::test_read_pdf_error PASSED               [ 41%]
tests\backend\test_indexing.py::test_read_pdf_file_not_exists PASSED     [ 41%]
tests\backend\test_indexing.py::test_fetch_web_content_success PASSED    [ 41%]
tests\backend\test_indexing.py::test_fetch_web_content_request_error PASSED [ 41%]
tests\backend\test_indexing.py::test_fetch_web_content_http_error 
